5 25, 2015 2:04:09 午前 org.osrg.earthquake.Inspector <init>
警告: orchestrator url not given (EQ_ORCHESTRATOR_URL), default=http://localhost:10000
5 25, 2015 2:04:09 午前 org.osrg.earthquake.Inspector <init>
情報: Process ID: zksrv1
5 25, 2015 2:04:09 午前 org.osrg.earthquake.Inspector$ReaderThread run
情報: reader thread starts
5 25, 2015 2:04:09 午前 org.osrg.earthquake.Inspector$ReaderThread run
情報: GET ==> http://localhost:10000/api/v1/zksrv1
5 25, 2015 2:04:15 午前 org.osrg.earthquake.Inspector postEventJson
情報: POST ==>http://localhost:10000/api/v1:request={
	"class": "FunctionCallEvent",
	"deferred": true,
	"option": {
		"request": "sessionid:0x10001fb6b4e0000 type:createSession cxid:0x0 zxid:0xfffffffffffffffe txntype:unknown reqpath:n/a",
		"func_name": "FollowerRequestProcessor.processRequest"
	},
	"process": "zksrv1",
	"type": "event",
	"uuid": "47270dcf-bf8d-4558-9973-f311094102dc"
}
5 25, 2015 2:04:15 午前 org.osrg.earthquake.Inspector$ReaderThread run
情報: GET <== http://localhost:10000/api/v1/zksrv1: result={
  "class": "PassDeferredEventAction", 
  "option": {
    "event_uuid": "47270dcf-bf8d-4558-9973-f311094102dc"
  }, 
  "process": "zksrv1", 
  "type": "action", 
  "uuid": "72384fc7-4eff-4515-9c28-859ee623f867"
}
5 25, 2015 2:04:15 午前 org.osrg.earthquake.Inspector postEventJson
情報: POST <==http://localhost:10000/api/v1:result={}
5 25, 2015 2:04:15 午前 org.osrg.earthquake.Inspector waitForPassDeferredEventAction
情報: waitForPassDeferredEventAction ==> wait enter eventUuid=47270dcf-bf8d-4558-9973-f311094102dc
5 25, 2015 2:04:15 午前 org.osrg.earthquake.Inspector onGotActionJson
情報: got Action (unparsed){
  "class": "PassDeferredEventAction", 
  "option": {
    "event_uuid": "47270dcf-bf8d-4558-9973-f311094102dc"
  }, 
  "process": "zksrv1", 
  "type": "action", 
  "uuid": "72384fc7-4eff-4515-9c28-859ee623f867"
}
5 25, 2015 2:04:15 午前 org.osrg.earthquake.Inspector onGotActionJson
情報: got Action (parsed)<Entity type=action, klazz=PassDeferredEventAction, process=zksrv1, uuid=72384fc7-4eff-4515-9c28-859ee623f867, ..>
5 25, 2015 2:04:15 午前 org.osrg.earthquake.Inspector waitForPassDeferredEventAction
情報: waitForPassDeferredEventAction <== wait leave eventUuid=47270dcf-bf8d-4558-9973-f311094102dc
5 25, 2015 2:04:15 午前 org.osrg.earthquake.Inspector postEventJson
情報: POST ==>http://localhost:10000/api/v1:request={
	"class": "FunctionCallEvent",
	"deferred": true,
	"option": {
		"request": "sessionid:0x10001fb6b4e0000 type:createSession cxid:0x0 zxid:0xfffffffffffffffe txntype:unknown reqpath:n/a",
		"func_name": "CommitProcessor.processRequest"
	},
	"process": "zksrv1",
	"type": "event",
	"uuid": "ce8b18fb-4b02-4f63-9edb-d2c813d76509"
}
5 25, 2015 2:04:15 午前 org.osrg.earthquake.Inspector$ReaderThread run
情報: GET ==> http://localhost:10000/api/v1/zksrv1
5 25, 2015 2:04:15 午前 org.osrg.earthquake.Inspector postEventJson
情報: POST <==http://localhost:10000/api/v1:result={}
5 25, 2015 2:04:15 午前 org.osrg.earthquake.Inspector waitForPassDeferredEventAction
情報: waitForPassDeferredEventAction ==> wait enter eventUuid=ce8b18fb-4b02-4f63-9edb-d2c813d76509
5 25, 2015 2:04:15 午前 org.osrg.earthquake.Inspector$ReaderThread run
情報: GET <== http://localhost:10000/api/v1/zksrv1: result={
  "class": "PassDeferredEventAction", 
  "option": {
    "event_uuid": "ce8b18fb-4b02-4f63-9edb-d2c813d76509"
  }, 
  "process": "zksrv1", 
  "type": "action", 
  "uuid": "c57ab483-4c49-419b-a647-223579f94c2e"
}
5 25, 2015 2:04:15 午前 org.osrg.earthquake.Inspector onGotActionJson
情報: got Action (unparsed){
  "class": "PassDeferredEventAction", 
  "option": {
    "event_uuid": "ce8b18fb-4b02-4f63-9edb-d2c813d76509"
  }, 
  "process": "zksrv1", 
  "type": "action", 
  "uuid": "c57ab483-4c49-419b-a647-223579f94c2e"
}
5 25, 2015 2:04:15 午前 org.osrg.earthquake.Inspector onGotActionJson
情報: got Action (parsed)<Entity type=action, klazz=PassDeferredEventAction, process=zksrv1, uuid=c57ab483-4c49-419b-a647-223579f94c2e, ..>
5 25, 2015 2:04:15 午前 org.osrg.earthquake.Inspector waitForPassDeferredEventAction
情報: waitForPassDeferredEventAction <== wait leave eventUuid=ce8b18fb-4b02-4f63-9edb-d2c813d76509
5 25, 2015 2:04:15 午前 org.osrg.earthquake.Inspector$ReaderThread run
情報: GET ==> http://localhost:10000/api/v1/zksrv1
5 25, 2015 2:04:15 午前 org.osrg.earthquake.Inspector postEventJson
情報: POST ==>http://localhost:10000/api/v1:request={
	"class": "FunctionCallEvent",
	"deferred": true,
	"option": {
		"request": "sessionid:0x20001fb69c40000 type:createSession cxid:0x0 zxid:0x100000001 txntype:-10 reqpath:n/a",
		"func_name": "SyncRequestProcessor.processRequest"
	},
	"process": "zksrv1",
	"type": "event",
	"uuid": "89a7ee78-abdd-4c28-bfd1-bd0add09b295"
}
5 25, 2015 2:04:15 午前 org.osrg.earthquake.Inspector postEventJson
情報: POST <==http://localhost:10000/api/v1:result={}
5 25, 2015 2:04:15 午前 org.osrg.earthquake.Inspector waitForPassDeferredEventAction
情報: waitForPassDeferredEventAction ==> wait enter eventUuid=89a7ee78-abdd-4c28-bfd1-bd0add09b295
5 25, 2015 2:04:21 午前 org.osrg.earthquake.Inspector$ReaderThread run
情報: GET <== http://localhost:10000/api/v1/zksrv1: result={
  "class": "NopAction", 
  "option": {}, 
  "process": "zksrv1", 
  "type": "action", 
  "uuid": "6c52c75a-dfee-4904-aab5-2893dd88f6db"
}
5 25, 2015 2:04:21 午前 org.osrg.earthquake.Inspector onGotActionJson
情報: got Action (unparsed){
  "class": "NopAction", 
  "option": {}, 
  "process": "zksrv1", 
  "type": "action", 
  "uuid": "6c52c75a-dfee-4904-aab5-2893dd88f6db"
}
5 25, 2015 2:04:21 午前 org.osrg.earthquake.Inspector onGotActionJson
情報: got Action (parsed)<Entity type=action, klazz=NopAction, process=zksrv1, uuid=6c52c75a-dfee-4904-aab5-2893dd88f6db, ..>
5 25, 2015 2:04:21 午前 org.osrg.earthquake.Inspector onGotActionJson
重大: Unknown action class NopAction
5 25, 2015 2:04:21 午前 org.osrg.earthquake.Inspector$ReaderThread run
情報: GET ==> http://localhost:10000/api/v1/zksrv1
