loading app /tmp/2212/materials/zk_switch.py
loading app ryu.controller.ofp_handler
instantiating app /tmp/2212/materials/zk_switch.py of Zk2212Switch
instantiating app ryu.controller.ofp_handler of OFPHandler
BRICK Zk2212Switch
  CONSUMES EventOFPPacketIn
  CONSUMES EventOFPSwitchFeatures
BRICK ofp_event
  PROVIDES EventOFPPacketIn TO {'Zk2212Switch': set(['main'])}
  PROVIDES EventOFPSwitchFeatures TO {'Zk2212Switch': set(['config'])}
  CONSUMES EventOFPSwitchFeatures
  CONSUMES EventOFPErrorMsg
  CONSUMES EventOFPPortDescStatsReply
  CONSUMES EventOFPHello
  CONSUMES EventOFPEchoRequest
connected socket:<eventlet.greenio.base.GreenSocket object at 0x7f53d3ba3cd0> address:('127.0.0.1', 50876)
hello ev <ryu.controller.ofp_event.EventOFPHello object at 0x7f53d37242d0>
move onto config mode
EVENT ofp_event->Zk2212Switch EventOFPSwitchFeatures
switch features ev version: 0x4 msg_type 0x6 xid 0x2577b295 OFPSwitchFeatures(auxiliary_id=0,capabilities=71,datapath_id=235942576840259,n_buffers=256,n_tables=254)
[INFO]zmqclient.py:20: Connecting to ZMQ: ipc:///tmp/2212/00000003/ether_inspector
Connecting to ZMQ: ipc:///tmp/2212/00000003/ether_inspector
Setup done for datapath 235942576840259
move onto main mode
EVENT ofp_event->Zk2212Switch EventOFPPacketIn
PKT-IN: NOT inject, msg.reason=0
packet in 235942576840259 06:ac:21:21:b7:8f 33:33:00:00:00:16 134
EVENT ofp_event->Zk2212Switch EventOFPPacketIn
PKT-IN: NOT inject, msg.reason=0
packet in 235942576840259 06:ac:21:21:b7:8f ff:ff:ff:ff:ff:ff 134
EVENT ofp_event->Zk2212Switch EventOFPPacketIn
PKT-IN: NOT inject, msg.reason=0
packet in 235942576840259 06:ac:21:21:b7:8f 33:33:ff:21:b7:8f 134
EVENT ofp_event->Zk2212Switch EventOFPPacketIn
PKT-IN: NOT inject, msg.reason=0
packet in 235942576840259 06:ac:21:21:b7:8f 33:33:00:00:00:16 134
EVENT ofp_event->Zk2212Switch EventOFPPacketIn
EVENT ofp_event->Zk2212Switch EventOFPPacketIn
PKT-IN: NOT inject, msg.reason=0
packet in 235942576840259 06:ac:21:21:b7:8f 33:33:00:00:00:16 134
PKT-IN: NOT inject, msg.reason=0
packet in 235942576840259 06:ac:21:21:b7:8f 33:33:00:00:00:02 134
EVENT ofp_event->Zk2212Switch EventOFPPacketIn
PKT-IN: NOT inject, msg.reason=0
packet in 235942576840259 8e:be:26:e9:0a:2e 33:33:00:00:00:16 135
EVENT ofp_event->Zk2212Switch EventOFPPacketIn
PKT-IN: NOT inject, msg.reason=0
packet in 235942576840259 8e:be:26:e9:0a:2e ff:ff:ff:ff:ff:ff 135
EVENT ofp_event->Zk2212Switch EventOFPPacketIn
PKT-IN: NOT inject, msg.reason=0
packet in 235942576840259 8e:be:26:e9:0a:2e 33:33:ff:e9:0a:2e 135
EVENT ofp_event->Zk2212Switch EventOFPPacketIn
PKT-IN: NOT inject, msg.reason=0
packet in 235942576840259 06:ac:21:21:b7:8f 33:33:00:00:00:16 134
EVENT ofp_event->Zk2212Switch EventOFPPacketIn
PKT-IN: NOT inject, msg.reason=0
packet in 235942576840259 8e:be:26:e9:0a:2e 33:33:00:00:00:16 135
EVENT ofp_event->Zk2212Switch EventOFPPacketIn
EVENT ofp_event->Zk2212Switch EventOFPPacketIn
EVENT ofp_event->Zk2212Switch EventOFPPacketIn
PKT-IN: NOT inject, msg.reason=0
packet in 235942576840259 8e:be:26:e9:0a:2e 33:33:00:00:00:02 135
PKT-IN: NOT inject, msg.reason=0
packet in 235942576840259 8e:be:26:e9:0a:2e 33:33:00:00:00:16 135
PKT-IN: NOT inject, msg.reason=0
packet in 235942576840259 8e:be:26:e9:0a:2e 33:33:00:00:00:16 135
EVENT ofp_event->Zk2212Switch EventOFPPacketIn
PKT-IN: NOT inject, msg.reason=0
packet in 235942576840259 42:b1:1f:0f:7c:85 33:33:00:00:00:16 136
EVENT ofp_event->Zk2212Switch EventOFPPacketIn
PKT-IN: NOT inject, msg.reason=0
packet in 235942576840259 42:b1:1f:0f:7c:85 ff:ff:ff:ff:ff:ff 136
EVENT ofp_event->Zk2212Switch EventOFPPacketIn
PKT-IN: NOT inject, msg.reason=0
packet in 235942576840259 42:b1:1f:0f:7c:85 33:33:ff:0f:7c:85 136
EVENT ofp_event->Zk2212Switch EventOFPPacketIn
PKT-IN: NOT inject, msg.reason=0
packet in 235942576840259 42:b1:1f:0f:7c:85 33:33:00:00:00:16 136
EVENT ofp_event->Zk2212Switch EventOFPPacketIn
PKT-IN: NOT inject, msg.reason=0
packet in 235942576840259 06:ac:21:21:b7:8f ff:ff:ff:ff:ff:ff 134
EVENT ofp_event->Zk2212Switch EventOFPPacketIn
PKT-IN: NOT inject, msg.reason=0
packet in 235942576840259 d6:96:a9:7a:de:43 06:ac:21:21:b7:8f 4294967294
EVENT ofp_event->Zk2212Switch EventOFPPacketIn
PKT-IN: NOT inject, msg.reason=0
packet in 235942576840259 06:ac:21:21:b7:8f d6:96:a9:7a:de:43 134
EVENT ofp_event->Zk2212Switch EventOFPPacketIn
PKT-IN: NOT inject, msg.reason=0
packet in 235942576840259 06:ac:21:21:b7:8f d6:96:a9:7a:de:43 134
EVENT ofp_event->Zk2212Switch EventOFPPacketIn
PKT-IN: NOT inject, msg.reason=0
packet in 235942576840259 06:ac:21:21:b7:8f d6:96:a9:7a:de:43 134
EVENT ofp_event->Zk2212Switch EventOFPPacketIn
PKT-IN: NOT inject, msg.reason=0
packet in 235942576840259 06:ac:21:21:b7:8f d6:96:a9:7a:de:43 134
EVENT ofp_event->Zk2212Switch EventOFPPacketIn
PKT-IN: NOT inject, msg.reason=0
packet in 235942576840259 8e:be:26:e9:0a:2e ff:ff:ff:ff:ff:ff 135
EVENT ofp_event->Zk2212Switch EventOFPPacketIn
PKT-IN: NOT inject, msg.reason=0
packet in 235942576840259 d6:96:a9:7a:de:43 8e:be:26:e9:0a:2e 4294967294
EVENT ofp_event->Zk2212Switch EventOFPPacketIn
EVENT ofp_event->Zk2212Switch EventOFPPacketIn
EVENT ofp_event->Zk2212Switch EventOFPPacketIn
PKT-IN: NOT inject, msg.reason=0
packet in 235942576840259 8e:be:26:e9:0a:2e d6:96:a9:7a:de:43 135
PKT-IN: NOT inject, msg.reason=0
packet in 235942576840259 8e:be:26:e9:0a:2e d6:96:a9:7a:de:43 135
PKT-IN: NOT inject, msg.reason=0
packet in 235942576840259 8e:be:26:e9:0a:2e d6:96:a9:7a:de:43 135
EVENT ofp_event->Zk2212Switch EventOFPPacketIn
PKT-IN: NOT inject, msg.reason=0
packet in 235942576840259 42:b1:1f:0f:7c:85 ff:ff:ff:ff:ff:ff 136
EVENT ofp_event->Zk2212Switch EventOFPPacketIn
PKT-IN: NOT inject, msg.reason=0
packet in 235942576840259 d6:96:a9:7a:de:43 42:b1:1f:0f:7c:85 4294967294
EVENT ofp_event->Zk2212Switch EventOFPPacketIn
EVENT ofp_event->Zk2212Switch EventOFPPacketIn
EVENT ofp_event->Zk2212Switch EventOFPPacketIn
PKT-IN: NOT inject, msg.reason=0
packet in 235942576840259 42:b1:1f:0f:7c:85 d6:96:a9:7a:de:43 136
PKT-IN: NOT inject, msg.reason=0
packet in 235942576840259 42:b1:1f:0f:7c:85 d6:96:a9:7a:de:43 136
PKT-IN: NOT inject, msg.reason=0
packet in 235942576840259 42:b1:1f:0f:7c:85 d6:96:a9:7a:de:43 136
EVENT ofp_event->Zk2212Switch EventOFPPacketIn
PKT-IN: NOT inject, msg.reason=0
packet in 235942576840259 06:ac:21:21:b7:8f 33:33:00:00:00:02 134
EVENT ofp_event->Zk2212Switch EventOFPPacketIn
EVENT ofp_event->Zk2212Switch EventOFPPacketIn
PKT-IN: NOT inject, msg.reason=0
packet in 235942576840259 42:b1:1f:0f:7c:85 33:33:00:00:00:02 136
PKT-IN: NOT inject, msg.reason=0
packet in 235942576840259 42:b1:1f:0f:7c:85 33:33:00:00:00:16 136
EVENT ofp_event->Zk2212Switch EventOFPPacketIn
PKT-IN: NOT inject, msg.reason=0
packet in 235942576840259 8e:be:26:e9:0a:2e ff:ff:ff:ff:ff:ff 135
EVENT ofp_event->Zk2212Switch EventOFPPacketIn
PKT-IN: NOT inject, msg.reason=0
packet in 235942576840259 06:ac:21:21:b7:8f 8e:be:26:e9:0a:2e 134
EVENT ofp_event->Zk2212Switch EventOFPPacketIn
PKT-IN: inject, msg.reason=1
[DEBUG]zmqclient.py:50: Pendings+(id=0): 0->1
Pendings+(id=0): 0->1
EVENT ofp_event->Zk2212Switch EventOFPPacketIn
PKT-IN: NOT inject, msg.reason=0
packet in 235942576840259 42:b1:1f:0f:7c:85 ff:ff:ff:ff:ff:ff 136
EVENT ofp_event->Zk2212Switch EventOFPPacketIn
PKT-IN: NOT inject, msg.reason=0
packet in 235942576840259 06:ac:21:21:b7:8f 42:b1:1f:0f:7c:85 134
[DEBUG]zmqclient.py:36: Pendings-(id=0,op=accept): 1->0
Pendings-(id=0,op=accept): 1->0
EVENT ofp_event->Zk2212Switch EventOFPPacketIn
EVENT ofp_event->Zk2212Switch EventOFPPacketIn
PKT-IN: inject, msg.reason=1
[DEBUG]zmqclient.py:50: Pendings+(id=1): 0->1
Pendings+(id=1): 0->1
PKT-IN: inject, msg.reason=1
[DEBUG]zmqclient.py:50: Pendings+(id=2): 1->2
Pendings+(id=2): 1->2
[DEBUG]zmqclient.py:36: Pendings-(id=1,op=accept): 2->1
Pendings-(id=1,op=accept): 2->1
EVENT ofp_event->Zk2212Switch EventOFPPacketIn
PKT-IN: inject, msg.reason=1
[DEBUG]zmqclient.py:50: Pendings+(id=3): 1->2
Pendings+(id=3): 1->2
[DEBUG]zmqclient.py:36: Pendings-(id=2,op=accept): 2->1
Pendings-(id=2,op=accept): 2->1
EVENT ofp_event->Zk2212Switch EventOFPPacketIn
PKT-IN: inject, msg.reason=1
[DEBUG]zmqclient.py:50: Pendings+(id=4): 1->2
Pendings+(id=4): 1->2
[DEBUG]zmqclient.py:36: Pendings-(id=3,op=accept): 2->1
Pendings-(id=3,op=accept): 2->1
EVENT ofp_event->Zk2212Switch EventOFPPacketIn
PKT-IN: inject, msg.reason=1
[DEBUG]zmqclient.py:50: Pendings+(id=5): 1->2
Pendings+(id=5): 1->2
[DEBUG]zmqclient.py:36: Pendings-(id=4,op=accept): 2->1
Pendings-(id=4,op=accept): 2->1
EVENT ofp_event->Zk2212Switch EventOFPPacketIn
PKT-IN: inject, msg.reason=1
[DEBUG]zmqclient.py:50: Pendings+(id=6): 1->2
Pendings+(id=6): 1->2
EVENT ofp_event->Zk2212Switch EventOFPPacketIn
PKT-IN: inject, msg.reason=1
[DEBUG]zmqclient.py:50: Pendings+(id=7): 2->3
Pendings+(id=7): 2->3
EVENT ofp_event->Zk2212Switch EventOFPPacketIn
EVENT ofp_event->Zk2212Switch EventOFPPacketIn
EVENT ofp_event->Zk2212Switch EventOFPPacketIn
EVENT ofp_event->Zk2212Switch EventOFPPacketIn
EVENT ofp_event->Zk2212Switch EventOFPPacketIn
PKT-IN: inject, msg.reason=1
[DEBUG]zmqclient.py:50: Pendings+(id=8): 3->4
Pendings+(id=8): 3->4
PKT-IN: inject, msg.reason=1
[DEBUG]zmqclient.py:50: Pendings+(id=9): 4->5
Pendings+(id=9): 4->5
PKT-IN: inject, msg.reason=1
[DEBUG]zmqclient.py:50: Pendings+(id=10): 5->6
Pendings+(id=10): 5->6
PKT-IN: inject, msg.reason=1
[DEBUG]zmqclient.py:50: Pendings+(id=11): 6->7
Pendings+(id=11): 6->7
PKT-IN: inject, msg.reason=1
[DEBUG]zmqclient.py:50: Pendings+(id=12): 7->8
Pendings+(id=12): 7->8
[DEBUG]zmqclient.py:36: Pendings-(id=6,op=accept): 8->7
Pendings-(id=6,op=accept): 8->7
EVENT ofp_event->Zk2212Switch EventOFPPacketIn
EVENT ofp_event->Zk2212Switch EventOFPPacketIn
EVENT ofp_event->Zk2212Switch EventOFPPacketIn
EVENT ofp_event->Zk2212Switch EventOFPPacketIn
EVENT ofp_event->Zk2212Switch EventOFPPacketIn
PKT-IN: inject, msg.reason=1
[DEBUG]zmqclient.py:50: Pendings+(id=13): 7->8
Pendings+(id=13): 7->8
PKT-IN: inject, msg.reason=1
[DEBUG]zmqclient.py:50: Pendings+(id=14): 8->9
Pendings+(id=14): 8->9
PKT-IN: inject, msg.reason=1
[DEBUG]zmqclient.py:50: Pendings+(id=15): 9->10
Pendings+(id=15): 9->10
PKT-IN: inject, msg.reason=1
[DEBUG]zmqclient.py:50: Pendings+(id=16): 10->11
Pendings+(id=16): 10->11
PKT-IN: inject, msg.reason=1
[DEBUG]zmqclient.py:50: Pendings+(id=17): 11->12
Pendings+(id=17): 11->12
[DEBUG]zmqclient.py:36: Pendings-(id=8,op=accept): 12->11
Pendings-(id=8,op=accept): 12->11
[DEBUG]zmqclient.py:36: Pendings-(id=9,op=accept): 11->10
Pendings-(id=9,op=accept): 11->10
[DEBUG]zmqclient.py:36: Pendings-(id=10,op=accept): 10->9
Pendings-(id=10,op=accept): 10->9
EVENT ofp_event->Zk2212Switch EventOFPPacketIn
EVENT ofp_event->Zk2212Switch EventOFPPacketIn
EVENT ofp_event->Zk2212Switch EventOFPPacketIn
PKT-IN: inject, msg.reason=1
[DEBUG]zmqclient.py:50: Pendings+(id=18): 9->10
Pendings+(id=18): 9->10
PKT-IN: inject, msg.reason=1
[DEBUG]zmqclient.py:50: Pendings+(id=19): 10->11
Pendings+(id=19): 10->11
PKT-IN: inject, msg.reason=1
[DEBUG]zmqclient.py:50: Pendings+(id=20): 11->12
Pendings+(id=20): 11->12
[DEBUG]zmqclient.py:36: Pendings-(id=11,op=accept): 12->11
Pendings-(id=11,op=accept): 12->11
EVENT ofp_event->Zk2212Switch EventOFPPacketIn
PKT-IN: inject, msg.reason=1
[DEBUG]zmqclient.py:50: Pendings+(id=21): 11->12
Pendings+(id=21): 11->12
[DEBUG]zmqclient.py:36: Pendings-(id=13,op=accept): 12->11
Pendings-(id=13,op=accept): 12->11
EVENT ofp_event->Zk2212Switch EventOFPPacketIn
PKT-IN: inject, msg.reason=1
[DEBUG]zmqclient.py:50: Pendings+(id=22): 11->12
Pendings+(id=22): 11->12
[DEBUG]zmqclient.py:36: Pendings-(id=14,op=accept): 12->11
Pendings-(id=14,op=accept): 12->11
EVENT ofp_event->Zk2212Switch EventOFPPacketIn
PKT-IN: inject, msg.reason=1
[DEBUG]zmqclient.py:50: Pendings+(id=23): 11->12
Pendings+(id=23): 11->12
[DEBUG]zmqclient.py:36: Pendings-(id=15,op=accept): 12->11
Pendings-(id=15,op=accept): 12->11
EVENT ofp_event->Zk2212Switch EventOFPPacketIn
PKT-IN: inject, msg.reason=1
[DEBUG]zmqclient.py:50: Pendings+(id=24): 11->12
Pendings+(id=24): 11->12
[DEBUG]zmqclient.py:36: Pendings-(id=16,op=accept): 12->11
Pendings-(id=16,op=accept): 12->11
EVENT ofp_event->Zk2212Switch EventOFPPacketIn
PKT-IN: inject, msg.reason=1
[DEBUG]zmqclient.py:50: Pendings+(id=25): 11->12
Pendings+(id=25): 11->12
[DEBUG]zmqclient.py:36: Pendings-(id=18,op=accept): 12->11
Pendings-(id=18,op=accept): 12->11
[DEBUG]zmqclient.py:36: Pendings-(id=19,op=drop): 11->10
Pendings-(id=19,op=drop): 11->10
[DEBUG]zmqclient.py:36: Pendings-(id=20,op=drop): 10->9
Pendings-(id=20,op=drop): 10->9
[DEBUG]zmqclient.py:36: Pendings-(id=21,op=drop): 9->8
Pendings-(id=21,op=drop): 9->8
EVENT ofp_event->Zk2212Switch EventOFPPacketIn
PKT-IN: inject, msg.reason=1
[DEBUG]zmqclient.py:50: Pendings+(id=26): 8->9
Pendings+(id=26): 8->9
[DEBUG]zmqclient.py:36: Pendings-(id=22,op=accept): 9->8
Pendings-(id=22,op=accept): 9->8
[DEBUG]zmqclient.py:36: Pendings-(id=23,op=drop): 8->7
Pendings-(id=23,op=drop): 8->7
[DEBUG]zmqclient.py:36: Pendings-(id=24,op=drop): 7->6
Pendings-(id=24,op=drop): 7->6
[DEBUG]zmqclient.py:36: Pendings-(id=25,op=drop): 6->5
Pendings-(id=25,op=drop): 6->5
[DEBUG]zmqclient.py:36: Pendings-(id=26,op=drop): 5->4
Pendings-(id=26,op=drop): 5->4
[DEBUG]zmqclient.py:36: Pendings-(id=17,op=accept): 4->3
Pendings-(id=17,op=accept): 4->3
EVENT ofp_event->Zk2212Switch EventOFPPacketIn
PKT-IN: inject, msg.reason=1
[DEBUG]zmqclient.py:50: Pendings+(id=27): 3->4
Pendings+(id=27): 3->4
[DEBUG]zmqclient.py:36: Pendings-(id=27,op=drop): 4->3
Pendings-(id=27,op=drop): 4->3
[DEBUG]zmqclient.py:36: Pendings-(id=12,op=accept): 3->2
Pendings-(id=12,op=accept): 3->2
EVENT ofp_event->Zk2212Switch EventOFPPacketIn
PKT-IN: inject, msg.reason=1
[DEBUG]zmqclient.py:50: Pendings+(id=28): 2->3
Pendings+(id=28): 2->3
[DEBUG]zmqclient.py:36: Pendings-(id=28,op=drop): 3->2
Pendings-(id=28,op=drop): 3->2
[DEBUG]zmqclient.py:36: Pendings-(id=7,op=accept): 2->1
Pendings-(id=7,op=accept): 2->1
EVENT ofp_event->Zk2212Switch EventOFPPacketIn
PKT-IN: inject, msg.reason=1
[DEBUG]zmqclient.py:50: Pendings+(id=29): 1->2
Pendings+(id=29): 1->2
[DEBUG]zmqclient.py:36: Pendings-(id=29,op=accept): 2->1
Pendings-(id=29,op=accept): 2->1
[DEBUG]zmqclient.py:36: Pendings-(id=5,op=accept): 1->0
Pendings-(id=5,op=accept): 1->0
EVENT ofp_event->Zk2212Switch EventOFPPacketIn
EVENT ofp_event->Zk2212Switch EventOFPPacketIn
EVENT ofp_event->Zk2212Switch EventOFPPacketIn
EVENT ofp_event->Zk2212Switch EventOFPPacketIn
EVENT ofp_event->Zk2212Switch EventOFPPacketIn
PKT-IN: inject, msg.reason=1
[DEBUG]zmqclient.py:50: Pendings+(id=30): 0->1
Pendings+(id=30): 0->1
PKT-IN: inject, msg.reason=1
[DEBUG]zmqclient.py:50: Pendings+(id=31): 1->2
Pendings+(id=31): 1->2
PKT-IN: inject, msg.reason=1
[DEBUG]zmqclient.py:50: Pendings+(id=32): 2->3
Pendings+(id=32): 2->3
PKT-IN: inject, msg.reason=1
[DEBUG]zmqclient.py:50: Pendings+(id=33): 3->4
Pendings+(id=33): 3->4
PKT-IN: inject, msg.reason=1
[DEBUG]zmqclient.py:50: Pendings+(id=34): 4->5
Pendings+(id=34): 4->5
EVENT ofp_event->Zk2212Switch EventOFPPacketIn
PKT-IN: inject, msg.reason=1
[DEBUG]zmqclient.py:50: Pendings+(id=35): 5->6
Pendings+(id=35): 5->6
[DEBUG]zmqclient.py:36: Pendings-(id=30,op=accept): 6->5
Pendings-(id=30,op=accept): 6->5
EVENT ofp_event->Zk2212Switch EventOFPPacketIn
EVENT ofp_event->Zk2212Switch EventOFPPacketIn
EVENT ofp_event->Zk2212Switch EventOFPPacketIn
EVENT ofp_event->Zk2212Switch EventOFPPacketIn
EVENT ofp_event->Zk2212Switch EventOFPPacketIn
EVENT ofp_event->Zk2212Switch EventOFPPacketIn
PKT-IN: inject, msg.reason=1
[DEBUG]zmqclient.py:50: Pendings+(id=36): 5->6
Pendings+(id=36): 5->6
PKT-IN: inject, msg.reason=1
[DEBUG]zmqclient.py:50: Pendings+(id=37): 6->7
Pendings+(id=37): 6->7
PKT-IN: inject, msg.reason=1
[DEBUG]zmqclient.py:50: Pendings+(id=38): 7->8
Pendings+(id=38): 7->8
PKT-IN: inject, msg.reason=1
[DEBUG]zmqclient.py:50: Pendings+(id=39): 8->9
Pendings+(id=39): 8->9
PKT-IN: inject, msg.reason=1
[DEBUG]zmqclient.py:50: Pendings+(id=40): 9->10
Pendings+(id=40): 9->10
PKT-IN: inject, msg.reason=1
[DEBUG]zmqclient.py:50: Pendings+(id=41): 10->11
Pendings+(id=41): 10->11
[DEBUG]zmqclient.py:36: Pendings-(id=31,op=accept): 11->10
Pendings-(id=31,op=accept): 11->10
[DEBUG]zmqclient.py:36: Pendings-(id=32,op=accept): 10->9
Pendings-(id=32,op=accept): 10->9
[DEBUG]zmqclient.py:36: Pendings-(id=33,op=accept): 9->8
Pendings-(id=33,op=accept): 9->8
EVENT ofp_event->Zk2212Switch EventOFPPacketIn
PKT-IN: inject, msg.reason=1
[DEBUG]zmqclient.py:50: Pendings+(id=42): 8->9
Pendings+(id=42): 8->9
EVENT ofp_event->Zk2212Switch EventOFPPacketIn
PKT-IN: inject, msg.reason=1
[DEBUG]zmqclient.py:50: Pendings+(id=43): 9->10
Pendings+(id=43): 9->10
EVENT ofp_event->Zk2212Switch EventOFPPacketIn
PKT-IN: inject, msg.reason=1
[DEBUG]zmqclient.py:50: Pendings+(id=44): 10->11
Pendings+(id=44): 10->11
[DEBUG]zmqclient.py:36: Pendings-(id=35,op=accept): 11->10
Pendings-(id=35,op=accept): 11->10
[DEBUG]zmqclient.py:36: Pendings-(id=36,op=accept): 10->9
Pendings-(id=36,op=accept): 10->9
EVENT ofp_event->Zk2212Switch EventOFPPacketIn
PKT-IN: inject, msg.reason=1
[DEBUG]zmqclient.py:50: Pendings+(id=45): 9->10
Pendings+(id=45): 9->10
[DEBUG]zmqclient.py:36: Pendings-(id=37,op=accept): 10->9
Pendings-(id=37,op=accept): 10->9
[DEBUG]zmqclient.py:36: Pendings-(id=38,op=accept): 9->8
Pendings-(id=38,op=accept): 9->8
EVENT ofp_event->Zk2212Switch EventOFPPacketIn
PKT-IN: inject, msg.reason=1
[DEBUG]zmqclient.py:50: Pendings+(id=46): 8->9
Pendings+(id=46): 8->9
EVENT ofp_event->Zk2212Switch EventOFPPacketIn
PKT-IN: inject, msg.reason=1
[DEBUG]zmqclient.py:50: Pendings+(id=47): 9->10
Pendings+(id=47): 9->10
[DEBUG]zmqclient.py:36: Pendings-(id=39,op=accept): 10->9
Pendings-(id=39,op=accept): 10->9
EVENT ofp_event->Zk2212Switch EventOFPPacketIn
PKT-IN: inject, msg.reason=1
[DEBUG]zmqclient.py:50: Pendings+(id=48): 9->10
Pendings+(id=48): 9->10
[DEBUG]zmqclient.py:36: Pendings-(id=41,op=accept): 10->9
Pendings-(id=41,op=accept): 10->9
[DEBUG]zmqclient.py:36: Pendings-(id=42,op=accept): 9->8
Pendings-(id=42,op=accept): 9->8
[DEBUG]zmqclient.py:36: Pendings-(id=43,op=accept): 8->7
Pendings-(id=43,op=accept): 8->7
[DEBUG]zmqclient.py:36: Pendings-(id=44,op=accept): 7->6
Pendings-(id=44,op=accept): 7->6
[DEBUG]zmqclient.py:36: Pendings-(id=45,op=accept): 6->5
Pendings-(id=45,op=accept): 6->5
[DEBUG]zmqclient.py:36: Pendings-(id=46,op=accept): 5->4
Pendings-(id=46,op=accept): 5->4
[DEBUG]zmqclient.py:36: Pendings-(id=47,op=accept): 4->3
Pendings-(id=47,op=accept): 4->3
EVENT ofp_event->Zk2212Switch EventOFPPacketIn
EVENT ofp_event->Zk2212Switch EventOFPPacketIn
EVENT ofp_event->Zk2212Switch EventOFPPacketIn
EVENT ofp_event->Zk2212Switch EventOFPPacketIn
EVENT ofp_event->Zk2212Switch EventOFPPacketIn
EVENT ofp_event->Zk2212Switch EventOFPPacketIn
EVENT ofp_event->Zk2212Switch EventOFPPacketIn
EVENT ofp_event->Zk2212Switch EventOFPPacketIn
EVENT ofp_event->Zk2212Switch EventOFPPacketIn
EVENT ofp_event->Zk2212Switch EventOFPPacketIn
PKT-IN: inject, msg.reason=1
[DEBUG]zmqclient.py:50: Pendings+(id=49): 3->4
Pendings+(id=49): 3->4
PKT-IN: inject, msg.reason=1
[DEBUG]zmqclient.py:50: Pendings+(id=50): 4->5
Pendings+(id=50): 4->5
PKT-IN: inject, msg.reason=1
[DEBUG]zmqclient.py:50: Pendings+(id=51): 5->6
Pendings+(id=51): 5->6
PKT-IN: inject, msg.reason=1
[DEBUG]zmqclient.py:50: Pendings+(id=52): 6->7
Pendings+(id=52): 6->7
PKT-IN: inject, msg.reason=1
[DEBUG]zmqclient.py:50: Pendings+(id=53): 7->8
Pendings+(id=53): 7->8
PKT-IN: inject, msg.reason=1
[DEBUG]zmqclient.py:50: Pendings+(id=54): 8->9
Pendings+(id=54): 8->9
PKT-IN: inject, msg.reason=1
[DEBUG]zmqclient.py:50: Pendings+(id=55): 9->10
Pendings+(id=55): 9->10
PKT-IN: inject, msg.reason=1
[DEBUG]zmqclient.py:50: Pendings+(id=56): 10->11
Pendings+(id=56): 10->11
PKT-IN: inject, msg.reason=1
[DEBUG]zmqclient.py:50: Pendings+(id=57): 11->12
Pendings+(id=57): 11->12
PKT-IN: inject, msg.reason=1
[DEBUG]zmqclient.py:50: Pendings+(id=58): 12->13
Pendings+(id=58): 12->13
[DEBUG]zmqclient.py:36: Pendings-(id=48,op=accept): 13->12
Pendings-(id=48,op=accept): 13->12
[DEBUG]zmqclient.py:36: Pendings-(id=49,op=accept): 12->11
Pendings-(id=49,op=accept): 12->11
[DEBUG]zmqclient.py:36: Pendings-(id=50,op=accept): 11->10
Pendings-(id=50,op=accept): 11->10
EVENT ofp_event->Zk2212Switch EventOFPPacketIn
PKT-IN: inject, msg.reason=1
[DEBUG]zmqclient.py:50: Pendings+(id=59): 10->11
Pendings+(id=59): 10->11
EVENT ofp_event->Zk2212Switch EventOFPPacketIn
[DEBUG]zmqclient.py:36: Pendings-(id=51,op=accept): 11->10
Pendings-(id=51,op=accept): 11->10
PKT-IN: inject, msg.reason=1
[DEBUG]zmqclient.py:50: Pendings+(id=60): 10->11
Pendings+(id=60): 10->11
[DEBUG]zmqclient.py:36: Pendings-(id=52,op=accept): 11->10
Pendings-(id=52,op=accept): 11->10
EVENT ofp_event->Zk2212Switch EventOFPPacketIn
PKT-IN: inject, msg.reason=1
[DEBUG]zmqclient.py:50: Pendings+(id=61): 10->11
Pendings+(id=61): 10->11
EVENT ofp_event->Zk2212Switch EventOFPPacketIn
[DEBUG]zmqclient.py:36: Pendings-(id=53,op=accept): 11->10
Pendings-(id=53,op=accept): 11->10
PKT-IN: inject, msg.reason=1
[DEBUG]zmqclient.py:50: Pendings+(id=62): 10->11
Pendings+(id=62): 10->11
[DEBUG]zmqclient.py:36: Pendings-(id=54,op=accept): 11->10
Pendings-(id=54,op=accept): 11->10
EVENT ofp_event->Zk2212Switch EventOFPPacketIn
PKT-IN: inject, msg.reason=1
[DEBUG]zmqclient.py:50: Pendings+(id=63): 10->11
Pendings+(id=63): 10->11
EVENT ofp_event->Zk2212Switch EventOFPPacketIn
[DEBUG]zmqclient.py:36: Pendings-(id=55,op=accept): 11->10
Pendings-(id=55,op=accept): 11->10
PKT-IN: inject, msg.reason=1
[DEBUG]zmqclient.py:50: Pendings+(id=64): 10->11
Pendings+(id=64): 10->11
[DEBUG]zmqclient.py:36: Pendings-(id=56,op=accept): 11->10
Pendings-(id=56,op=accept): 11->10
EVENT ofp_event->Zk2212Switch EventOFPPacketIn
PKT-IN: inject, msg.reason=1
[DEBUG]zmqclient.py:50: Pendings+(id=65): 10->11
Pendings+(id=65): 10->11
EVENT ofp_event->Zk2212Switch EventOFPPacketIn
PKT-IN: inject, msg.reason=1
[DEBUG]zmqclient.py:50: Pendings+(id=66): 11->12
Pendings+(id=66): 11->12
EVENT ofp_event->Zk2212Switch EventOFPPacketIn
PKT-IN: inject, msg.reason=1
[DEBUG]zmqclient.py:50: Pendings+(id=67): 12->13
Pendings+(id=67): 12->13
EVENT ofp_event->Zk2212Switch EventOFPPacketIn
PKT-IN: inject, msg.reason=1
[DEBUG]zmqclient.py:50: Pendings+(id=68): 13->14
Pendings+(id=68): 13->14
[DEBUG]zmqclient.py:36: Pendings-(id=59,op=accept): 14->13
Pendings-(id=59,op=accept): 14->13
[DEBUG]zmqclient.py:36: Pendings-(id=60,op=accept): 13->12
Pendings-(id=60,op=accept): 13->12
[DEBUG]zmqclient.py:36: Pendings-(id=61,op=accept): 12->11
Pendings-(id=61,op=accept): 12->11
[DEBUG]zmqclient.py:36: Pendings-(id=62,op=accept): 11->10
Pendings-(id=62,op=accept): 11->10
[DEBUG]zmqclient.py:36: Pendings-(id=63,op=accept): 10->9
Pendings-(id=63,op=accept): 10->9
[DEBUG]zmqclient.py:36: Pendings-(id=64,op=accept): 9->8
Pendings-(id=64,op=accept): 9->8
[DEBUG]zmqclient.py:36: Pendings-(id=65,op=accept): 8->7
Pendings-(id=65,op=accept): 8->7
[DEBUG]zmqclient.py:36: Pendings-(id=66,op=accept): 7->6
Pendings-(id=66,op=accept): 7->6
[DEBUG]zmqclient.py:36: Pendings-(id=67,op=drop): 6->5
Pendings-(id=67,op=drop): 6->5
[DEBUG]zmqclient.py:36: Pendings-(id=68,op=drop): 5->4
Pendings-(id=68,op=drop): 5->4
[DEBUG]zmqclient.py:36: Pendings-(id=34,op=accept): 4->3
Pendings-(id=34,op=accept): 4->3
EVENT ofp_event->Zk2212Switch EventOFPPacketIn
EVENT ofp_event->Zk2212Switch EventOFPPacketIn
EVENT ofp_event->Zk2212Switch EventOFPPacketIn
EVENT ofp_event->Zk2212Switch EventOFPPacketIn
EVENT ofp_event->Zk2212Switch EventOFPPacketIn
PKT-IN: inject, msg.reason=1
[DEBUG]zmqclient.py:50: Pendings+(id=69): 3->4
Pendings+(id=69): 3->4
PKT-IN: inject, msg.reason=1
[DEBUG]zmqclient.py:50: Pendings+(id=70): 4->5
Pendings+(id=70): 4->5
PKT-IN: inject, msg.reason=1
[DEBUG]zmqclient.py:50: Pendings+(id=71): 5->6
Pendings+(id=71): 5->6
PKT-IN: inject, msg.reason=1
[DEBUG]zmqclient.py:50: Pendings+(id=72): 6->7
Pendings+(id=72): 6->7
PKT-IN: inject, msg.reason=1
[DEBUG]zmqclient.py:50: Pendings+(id=73): 7->8
Pendings+(id=73): 7->8
[DEBUG]zmqclient.py:36: Pendings-(id=69,op=accept): 8->7
Pendings-(id=69,op=accept): 8->7
EVENT ofp_event->Zk2212Switch EventOFPPacketIn
PKT-IN: inject, msg.reason=1
[DEBUG]zmqclient.py:50: Pendings+(id=74): 7->8
Pendings+(id=74): 7->8
[DEBUG]zmqclient.py:36: Pendings-(id=70,op=accept): 8->7
Pendings-(id=70,op=accept): 8->7
[DEBUG]zmqclient.py:36: Pendings-(id=71,op=accept): 7->6
Pendings-(id=71,op=accept): 7->6
EVENT ofp_event->Zk2212Switch EventOFPPacketIn
EVENT ofp_event->Zk2212Switch EventOFPPacketIn
PKT-IN: inject, msg.reason=1
[DEBUG]zmqclient.py:50: Pendings+(id=75): 6->7
Pendings+(id=75): 6->7
PKT-IN: inject, msg.reason=1
[DEBUG]zmqclient.py:50: Pendings+(id=76): 7->8
Pendings+(id=76): 7->8
[DEBUG]zmqclient.py:36: Pendings-(id=72,op=accept): 8->7
Pendings-(id=72,op=accept): 8->7
EVENT ofp_event->Zk2212Switch EventOFPPacketIn
PKT-IN: inject, msg.reason=1
[DEBUG]zmqclient.py:50: Pendings+(id=77): 7->8
Pendings+(id=77): 7->8
[DEBUG]zmqclient.py:36: Pendings-(id=74,op=drop): 8->7
Pendings-(id=74,op=drop): 8->7
[DEBUG]zmqclient.py:36: Pendings-(id=75,op=drop): 7->6
Pendings-(id=75,op=drop): 7->6
[DEBUG]zmqclient.py:36: Pendings-(id=76,op=drop): 6->5
Pendings-(id=76,op=drop): 6->5
[DEBUG]zmqclient.py:36: Pendings-(id=77,op=drop): 5->4
Pendings-(id=77,op=drop): 5->4
EVENT ofp_event->Zk2212Switch EventOFPPacketIn
PKT-IN: NOT inject, msg.reason=0
packet in 235942576840259 42:b1:1f:0f:7c:85 33:33:00:00:00:16 136
[DEBUG]zmqclient.py:36: Pendings-(id=58,op=accept): 4->3
Pendings-(id=58,op=accept): 4->3
EVENT ofp_event->Zk2212Switch EventOFPPacketIn
PKT-IN: inject, msg.reason=1
[DEBUG]zmqclient.py:50: Pendings+(id=78): 3->4
Pendings+(id=78): 3->4
[DEBUG]zmqclient.py:36: Pendings-(id=78,op=accept): 4->3
Pendings-(id=78,op=accept): 4->3
EVENT ofp_event->Zk2212Switch EventOFPPacketIn
PKT-IN: inject, msg.reason=1
[DEBUG]zmqclient.py:50: Pendings+(id=79): 3->4
Pendings+(id=79): 3->4
[DEBUG]zmqclient.py:36: Pendings-(id=79,op=accept): 4->3
Pendings-(id=79,op=accept): 4->3
EVENT ofp_event->Zk2212Switch EventOFPPacketIn
PKT-IN: inject, msg.reason=1
[DEBUG]zmqclient.py:50: Pendings+(id=80): 3->4
Pendings+(id=80): 3->4
[DEBUG]zmqclient.py:36: Pendings-(id=80,op=accept): 4->3
Pendings-(id=80,op=accept): 4->3
EVENT ofp_event->Zk2212Switch EventOFPPacketIn
PKT-IN: inject, msg.reason=1
[DEBUG]zmqclient.py:50: Pendings+(id=81): 3->4
Pendings+(id=81): 3->4
[DEBUG]zmqclient.py:36: Pendings-(id=81,op=accept): 4->3
Pendings-(id=81,op=accept): 4->3
EVENT ofp_event->Zk2212Switch EventOFPPacketIn
PKT-IN: inject, msg.reason=1
[DEBUG]zmqclient.py:50: Pendings+(id=82): 3->4
Pendings+(id=82): 3->4
[DEBUG]zmqclient.py:36: Pendings-(id=40,op=accept): 4->3
Pendings-(id=40,op=accept): 4->3
EVENT ofp_event->Zk2212Switch EventOFPPacketIn
EVENT ofp_event->Zk2212Switch EventOFPPacketIn
EVENT ofp_event->Zk2212Switch EventOFPPacketIn
EVENT ofp_event->Zk2212Switch EventOFPPacketIn
EVENT ofp_event->Zk2212Switch EventOFPPacketIn
PKT-IN: inject, msg.reason=1
[DEBUG]zmqclient.py:50: Pendings+(id=83): 3->4
Pendings+(id=83): 3->4
PKT-IN: inject, msg.reason=1
[DEBUG]zmqclient.py:50: Pendings+(id=84): 4->5
Pendings+(id=84): 4->5
PKT-IN: inject, msg.reason=1
[DEBUG]zmqclient.py:50: Pendings+(id=85): 5->6
Pendings+(id=85): 5->6
PKT-IN: inject, msg.reason=1
[DEBUG]zmqclient.py:50: Pendings+(id=86): 6->7
Pendings+(id=86): 6->7
PKT-IN: inject, msg.reason=1
[DEBUG]zmqclient.py:50: Pendings+(id=87): 7->8
Pendings+(id=87): 7->8
[DEBUG]zmqclient.py:36: Pendings-(id=83,op=accept): 8->7
Pendings-(id=83,op=accept): 8->7
EVENT ofp_event->Zk2212Switch EventOFPPacketIn
PKT-IN: inject, msg.reason=1
[DEBUG]zmqclient.py:50: Pendings+(id=88): 7->8
Pendings+(id=88): 7->8
[DEBUG]zmqclient.py:36: Pendings-(id=84,op=accept): 8->7
Pendings-(id=84,op=accept): 8->7
EVENT ofp_event->Zk2212Switch EventOFPPacketIn
PKT-IN: inject, msg.reason=1
[DEBUG]zmqclient.py:50: Pendings+(id=89): 7->8
Pendings+(id=89): 7->8
[DEBUG]zmqclient.py:36: Pendings-(id=85,op=accept): 8->7
Pendings-(id=85,op=accept): 8->7
[DEBUG]zmqclient.py:36: Pendings-(id=86,op=accept): 7->6
Pendings-(id=86,op=accept): 7->6
EVENT ofp_event->Zk2212Switch EventOFPPacketIn
EVENT ofp_event->Zk2212Switch EventOFPPacketIn
PKT-IN: inject, msg.reason=1
[DEBUG]zmqclient.py:50: Pendings+(id=90): 6->7
Pendings+(id=90): 6->7
PKT-IN: inject, msg.reason=1
[DEBUG]zmqclient.py:50: Pendings+(id=91): 7->8
Pendings+(id=91): 7->8
[DEBUG]zmqclient.py:36: Pendings-(id=88,op=accept): 8->7
Pendings-(id=88,op=accept): 8->7
[DEBUG]zmqclient.py:36: Pendings-(id=89,op=accept): 7->6
Pendings-(id=89,op=accept): 7->6
[DEBUG]zmqclient.py:36: Pendings-(id=90,op=accept): 6->5
Pendings-(id=90,op=accept): 6->5
[DEBUG]zmqclient.py:36: Pendings-(id=91,op=accept): 5->4
Pendings-(id=91,op=accept): 5->4
[DEBUG]zmqclient.py:36: Pendings-(id=87,op=accept): 4->3
Pendings-(id=87,op=accept): 4->3
EVENT ofp_event->Zk2212Switch EventOFPPacketIn
PKT-IN: inject, msg.reason=1
[DEBUG]zmqclient.py:50: Pendings+(id=92): 3->4
Pendings+(id=92): 3->4
[DEBUG]zmqclient.py:36: Pendings-(id=92,op=accept): 4->3
Pendings-(id=92,op=accept): 4->3
[DEBUG]zmqclient.py:36: Pendings-(id=73,op=accept): 3->2
Pendings-(id=73,op=accept): 3->2
EVENT ofp_event->Zk2212Switch EventOFPPacketIn
PKT-IN: inject, msg.reason=1
[DEBUG]zmqclient.py:50: Pendings+(id=93): 2->3
Pendings+(id=93): 2->3
[DEBUG]zmqclient.py:36: Pendings-(id=93,op=drop): 3->2
Pendings-(id=93,op=drop): 3->2
EVENT ofp_event->Zk2212Switch EventOFPPacketIn
PKT-IN: inject, msg.reason=1
[DEBUG]zmqclient.py:50: Pendings+(id=94): 2->3
Pendings+(id=94): 2->3
[DEBUG]zmqclient.py:36: Pendings-(id=94,op=accept): 3->2
Pendings-(id=94,op=accept): 3->2
EVENT ofp_event->Zk2212Switch EventOFPPacketIn
PKT-IN: inject, msg.reason=1
[DEBUG]zmqclient.py:50: Pendings+(id=95): 2->3
Pendings+(id=95): 2->3
[DEBUG]zmqclient.py:36: Pendings-(id=95,op=accept): 3->2
Pendings-(id=95,op=accept): 3->2
EVENT ofp_event->Zk2212Switch EventOFPPacketIn
PKT-IN: inject, msg.reason=1
[DEBUG]zmqclient.py:50: Pendings+(id=96): 2->3
Pendings+(id=96): 2->3
[DEBUG]zmqclient.py:36: Pendings-(id=96,op=accept): 3->2
Pendings-(id=96,op=accept): 3->2
EVENT ofp_event->Zk2212Switch EventOFPPacketIn
PKT-IN: inject, msg.reason=1
[DEBUG]zmqclient.py:50: Pendings+(id=97): 2->3
Pendings+(id=97): 2->3
[DEBUG]zmqclient.py:36: Pendings-(id=97,op=accept): 3->2
Pendings-(id=97,op=accept): 3->2
EVENT ofp_event->Zk2212Switch EventOFPPacketIn
PKT-IN: inject, msg.reason=1
[DEBUG]zmqclient.py:50: Pendings+(id=98): 2->3
Pendings+(id=98): 2->3
[DEBUG]zmqclient.py:36: Pendings-(id=98,op=accept): 3->2
Pendings-(id=98,op=accept): 3->2
EVENT ofp_event->Zk2212Switch EventOFPPacketIn
PKT-IN: inject, msg.reason=1
[DEBUG]zmqclient.py:50: Pendings+(id=99): 2->3
Pendings+(id=99): 2->3
[DEBUG]zmqclient.py:36: Pendings-(id=57,op=accept): 3->2
Pendings-(id=57,op=accept): 3->2
EVENT ofp_event->Zk2212Switch EventOFPPacketIn
PKT-IN: inject, msg.reason=1
[DEBUG]zmqclient.py:50: Pendings+(id=100): 2->3
Pendings+(id=100): 2->3
[DEBUG]zmqclient.py:36: Pendings-(id=99,op=accept): 3->2
Pendings-(id=99,op=accept): 3->2
[DEBUG]zmqclient.py:36: Pendings-(id=100,op=drop): 2->1
Pendings-(id=100,op=drop): 2->1
EVENT ofp_event->Zk2212Switch EventOFPPacketIn
PKT-IN: inject, msg.reason=1
[DEBUG]zmqclient.py:50: Pendings+(id=101): 1->2
Pendings+(id=101): 1->2
[DEBUG]zmqclient.py:36: Pendings-(id=101,op=accept): 2->1
Pendings-(id=101,op=accept): 2->1
EVENT ofp_event->Zk2212Switch EventOFPPacketIn
PKT-IN: inject, msg.reason=1
[DEBUG]zmqclient.py:50: Pendings+(id=102): 1->2
Pendings+(id=102): 1->2
[DEBUG]zmqclient.py:36: Pendings-(id=102,op=accept): 2->1
Pendings-(id=102,op=accept): 2->1
EVENT ofp_event->Zk2212Switch EventOFPPacketIn
PKT-IN: inject, msg.reason=1
[DEBUG]zmqclient.py:50: Pendings+(id=103): 1->2
Pendings+(id=103): 1->2
EVENT ofp_event->Zk2212Switch EventOFPPacketIn
PKT-IN: inject, msg.reason=1
[DEBUG]zmqclient.py:50: Pendings+(id=104): 2->3
Pendings+(id=104): 2->3
[DEBUG]zmqclient.py:36: Pendings-(id=104,op=drop): 3->2
Pendings-(id=104,op=drop): 3->2
[DEBUG]zmqclient.py:36: Pendings-(id=103,op=accept): 2->1
Pendings-(id=103,op=accept): 2->1
EVENT ofp_event->Zk2212Switch EventOFPPacketIn
PKT-IN: inject, msg.reason=1
[DEBUG]zmqclient.py:50: Pendings+(id=105): 1->2
Pendings+(id=105): 1->2
EVENT ofp_event->Zk2212Switch EventOFPPacketIn
PKT-IN: inject, msg.reason=1
[DEBUG]zmqclient.py:50: Pendings+(id=106): 2->3
Pendings+(id=106): 2->3
[DEBUG]zmqclient.py:36: Pendings-(id=105,op=accept): 3->2
Pendings-(id=105,op=accept): 3->2
[DEBUG]zmqclient.py:36: Pendings-(id=82,op=accept): 2->1
Pendings-(id=82,op=accept): 2->1
EVENT ofp_event->Zk2212Switch EventOFPPacketIn
PKT-IN: inject, msg.reason=1
[DEBUG]zmqclient.py:50: Pendings+(id=107): 1->2
Pendings+(id=107): 1->2
EVENT ofp_event->Zk2212Switch EventOFPPacketIn
PKT-IN: inject, msg.reason=1
[DEBUG]zmqclient.py:50: Pendings+(id=108): 2->3
Pendings+(id=108): 2->3
[DEBUG]zmqclient.py:36: Pendings-(id=107,op=accept): 3->2
Pendings-(id=107,op=accept): 3->2
[DEBUG]zmqclient.py:36: Pendings-(id=108,op=accept): 2->1
Pendings-(id=108,op=accept): 2->1
EVENT ofp_event->Zk2212Switch EventOFPPacketIn
PKT-IN: inject, msg.reason=1
[DEBUG]zmqclient.py:50: Pendings+(id=109): 1->2
Pendings+(id=109): 1->2
[DEBUG]zmqclient.py:36: Pendings-(id=109,op=accept): 2->1
Pendings-(id=109,op=accept): 2->1
EVENT ofp_event->Zk2212Switch EventOFPPacketIn
PKT-IN: inject, msg.reason=1
[DEBUG]zmqclient.py:50: Pendings+(id=110): 1->2
Pendings+(id=110): 1->2
[DEBUG]zmqclient.py:36: Pendings-(id=110,op=accept): 2->1
Pendings-(id=110,op=accept): 2->1
EVENT ofp_event->Zk2212Switch EventOFPPacketIn
PKT-IN: inject, msg.reason=1
[DEBUG]zmqclient.py:50: Pendings+(id=111): 1->2
Pendings+(id=111): 1->2
EVENT ofp_event->Zk2212Switch EventOFPPacketIn
PKT-IN: inject, msg.reason=1
[DEBUG]zmqclient.py:50: Pendings+(id=112): 2->3
Pendings+(id=112): 2->3
EVENT ofp_event->Zk2212Switch EventOFPPacketIn
PKT-IN: inject, msg.reason=1
[DEBUG]zmqclient.py:50: Pendings+(id=113): 3->4
Pendings+(id=113): 3->4
[DEBUG]zmqclient.py:36: Pendings-(id=112,op=accept): 4->3
Pendings-(id=112,op=accept): 4->3
EVENT ofp_event->Zk2212Switch EventOFPPacketIn
PKT-IN: inject, msg.reason=1
[DEBUG]zmqclient.py:50: Pendings+(id=114): 3->4
Pendings+(id=114): 3->4
[DEBUG]zmqclient.py:36: Pendings-(id=114,op=accept): 4->3
Pendings-(id=114,op=accept): 4->3
EVENT ofp_event->Zk2212Switch EventOFPPacketIn
PKT-IN: inject, msg.reason=1
[DEBUG]zmqclient.py:50: Pendings+(id=115): 3->4
Pendings+(id=115): 3->4
[DEBUG]zmqclient.py:36: Pendings-(id=115,op=accept): 4->3
Pendings-(id=115,op=accept): 4->3
EVENT ofp_event->Zk2212Switch EventOFPPacketIn
PKT-IN: inject, msg.reason=1
[DEBUG]zmqclient.py:50: Pendings+(id=116): 3->4
Pendings+(id=116): 3->4
[DEBUG]zmqclient.py:36: Pendings-(id=116,op=accept): 4->3
Pendings-(id=116,op=accept): 4->3
[DEBUG]zmqclient.py:36: Pendings-(id=111,op=accept): 3->2
Pendings-(id=111,op=accept): 3->2
EVENT ofp_event->Zk2212Switch EventOFPPacketIn
PKT-IN: inject, msg.reason=1
[DEBUG]zmqclient.py:50: Pendings+(id=117): 2->3
Pendings+(id=117): 2->3
EVENT ofp_event->Zk2212Switch EventOFPPacketIn
PKT-IN: inject, msg.reason=1
[DEBUG]zmqclient.py:50: Pendings+(id=118): 3->4
Pendings+(id=118): 3->4
[DEBUG]zmqclient.py:36: Pendings-(id=117,op=drop): 4->3
Pendings-(id=117,op=drop): 4->3
[DEBUG]zmqclient.py:36: Pendings-(id=118,op=drop): 3->2
Pendings-(id=118,op=drop): 3->2
[DEBUG]zmqclient.py:36: Pendings-(id=106,op=accept): 2->1
Pendings-(id=106,op=accept): 2->1
EVENT ofp_event->Zk2212Switch EventOFPPacketIn
PKT-IN: inject, msg.reason=1
[DEBUG]zmqclient.py:50: Pendings+(id=119): 1->2
Pendings+(id=119): 1->2
[DEBUG]zmqclient.py:36: Pendings-(id=119,op=accept): 2->1
Pendings-(id=119,op=accept): 2->1
EVENT ofp_event->Zk2212Switch EventOFPPacketIn
PKT-IN: inject, msg.reason=1
[DEBUG]zmqclient.py:50: Pendings+(id=120): 1->2
Pendings+(id=120): 1->2
[DEBUG]zmqclient.py:36: Pendings-(id=113,op=accept): 2->1
Pendings-(id=113,op=accept): 2->1
EVENT ofp_event->Zk2212Switch EventOFPPacketIn
PKT-IN: inject, msg.reason=1
[DEBUG]zmqclient.py:50: Pendings+(id=121): 1->2
Pendings+(id=121): 1->2
[DEBUG]zmqclient.py:36: Pendings-(id=121,op=drop): 2->1
Pendings-(id=121,op=drop): 2->1
[DEBUG]zmqclient.py:36: Pendings-(id=120,op=accept): 1->0
Pendings-(id=120,op=accept): 1->0
EVENT ofp_event->Zk2212Switch EventOFPPacketIn
EVENT ofp_event->Zk2212Switch EventOFPPacketIn
PKT-IN: inject, msg.reason=1
[DEBUG]zmqclient.py:50: Pendings+(id=122): 0->1
Pendings+(id=122): 0->1
PKT-IN: inject, msg.reason=1
[DEBUG]zmqclient.py:50: Pendings+(id=123): 1->2
Pendings+(id=123): 1->2
EVENT ofp_event->Zk2212Switch EventOFPPacketIn
PKT-IN: inject, msg.reason=1
[DEBUG]zmqclient.py:50: Pendings+(id=124): 2->3
Pendings+(id=124): 2->3
[DEBUG]zmqclient.py:36: Pendings-(id=123,op=accept): 3->2
Pendings-(id=123,op=accept): 3->2
EVENT ofp_event->Zk2212Switch EventOFPPacketIn
PKT-IN: inject, msg.reason=1
[DEBUG]zmqclient.py:50: Pendings+(id=125): 2->3
Pendings+(id=125): 2->3
[DEBUG]zmqclient.py:36: Pendings-(id=125,op=accept): 3->2
Pendings-(id=125,op=accept): 3->2
EVENT ofp_event->Zk2212Switch EventOFPPacketIn
PKT-IN: inject, msg.reason=1
[DEBUG]zmqclient.py:50: Pendings+(id=126): 2->3
Pendings+(id=126): 2->3
[DEBUG]zmqclient.py:36: Pendings-(id=126,op=accept): 3->2
Pendings-(id=126,op=accept): 3->2
EVENT ofp_event->Zk2212Switch EventOFPPacketIn
PKT-IN: inject, msg.reason=1
[DEBUG]zmqclient.py:50: Pendings+(id=127): 2->3
Pendings+(id=127): 2->3
[DEBUG]zmqclient.py:36: Pendings-(id=127,op=accept): 3->2
Pendings-(id=127,op=accept): 3->2
EVENT ofp_event->Zk2212Switch EventOFPPacketIn
PKT-IN: inject, msg.reason=1
[DEBUG]zmqclient.py:50: Pendings+(id=128): 2->3
Pendings+(id=128): 2->3
[DEBUG]zmqclient.py:36: Pendings-(id=128,op=accept): 3->2
Pendings-(id=128,op=accept): 3->2
EVENT ofp_event->Zk2212Switch EventOFPPacketIn
PKT-IN: inject, msg.reason=1
[DEBUG]zmqclient.py:50: Pendings+(id=129): 2->3
Pendings+(id=129): 2->3
[DEBUG]zmqclient.py:36: Pendings-(id=129,op=accept): 3->2
Pendings-(id=129,op=accept): 3->2
[DEBUG]zmqclient.py:36: Pendings-(id=122,op=accept): 2->1
Pendings-(id=122,op=accept): 2->1
EVENT ofp_event->Zk2212Switch EventOFPPacketIn
PKT-IN: inject, msg.reason=1
[DEBUG]zmqclient.py:50: Pendings+(id=130): 1->2
Pendings+(id=130): 1->2
[DEBUG]zmqclient.py:36: Pendings-(id=130,op=drop): 2->1
Pendings-(id=130,op=drop): 2->1
EVENT ofp_event->Zk2212Switch EventOFPPacketIn
PKT-IN: inject, msg.reason=1
[DEBUG]zmqclient.py:50: Pendings+(id=131): 1->2
Pendings+(id=131): 1->2
[DEBUG]zmqclient.py:36: Pendings-(id=131,op=accept): 2->1
Pendings-(id=131,op=accept): 2->1
EVENT ofp_event->Zk2212Switch EventOFPPacketIn
PKT-IN: inject, msg.reason=1
[DEBUG]zmqclient.py:50: Pendings+(id=132): 1->2
Pendings+(id=132): 1->2
[DEBUG]zmqclient.py:36: Pendings-(id=132,op=accept): 2->1
Pendings-(id=132,op=accept): 2->1
EVENT ofp_event->Zk2212Switch EventOFPPacketIn
PKT-IN: inject, msg.reason=1
[DEBUG]zmqclient.py:50: Pendings+(id=133): 1->2
Pendings+(id=133): 1->2
[DEBUG]zmqclient.py:36: Pendings-(id=124,op=accept): 2->1
Pendings-(id=124,op=accept): 2->1
EVENT ofp_event->Zk2212Switch EventOFPPacketIn
PKT-IN: inject, msg.reason=1
[DEBUG]zmqclient.py:50: Pendings+(id=134): 1->2
Pendings+(id=134): 1->2
[DEBUG]zmqclient.py:36: Pendings-(id=134,op=drop): 2->1
Pendings-(id=134,op=drop): 2->1
[DEBUG]zmqclient.py:36: Pendings-(id=133,op=accept): 1->0
Pendings-(id=133,op=accept): 1->0
EVENT ofp_event->Zk2212Switch EventOFPPacketIn
PKT-IN: inject, msg.reason=1
[DEBUG]zmqclient.py:50: Pendings+(id=135): 0->1
Pendings+(id=135): 0->1
[DEBUG]zmqclient.py:36: Pendings-(id=135,op=accept): 1->0
Pendings-(id=135,op=accept): 1->0
EVENT ofp_event->Zk2212Switch EventOFPPacketIn
PKT-IN: inject, msg.reason=1
[DEBUG]zmqclient.py:50: Pendings+(id=136): 0->1
Pendings+(id=136): 0->1
[DEBUG]zmqclient.py:36: Pendings-(id=136,op=accept): 1->0
Pendings-(id=136,op=accept): 1->0
EVENT ofp_event->Zk2212Switch EventOFPPacketIn
PKT-IN: inject, msg.reason=1
[DEBUG]zmqclient.py:50: Pendings+(id=137): 0->1
Pendings+(id=137): 0->1
[DEBUG]zmqclient.py:36: Pendings-(id=137,op=accept): 1->0
Pendings-(id=137,op=accept): 1->0
EVENT ofp_event->Zk2212Switch EventOFPPacketIn
PKT-IN: inject, msg.reason=1
[DEBUG]zmqclient.py:50: Pendings+(id=138): 0->1
Pendings+(id=138): 0->1
[DEBUG]zmqclient.py:36: Pendings-(id=138,op=accept): 1->0
Pendings-(id=138,op=accept): 1->0
EVENT ofp_event->Zk2212Switch EventOFPPacketIn
PKT-IN: inject, msg.reason=1
[DEBUG]zmqclient.py:50: Pendings+(id=139): 0->1
Pendings+(id=139): 0->1
EVENT ofp_event->Zk2212Switch EventOFPPacketIn
EVENT ofp_event->Zk2212Switch EventOFPPacketIn
PKT-IN: inject, msg.reason=1
[DEBUG]zmqclient.py:50: Pendings+(id=140): 1->2
Pendings+(id=140): 1->2
PKT-IN: inject, msg.reason=1
[DEBUG]zmqclient.py:50: Pendings+(id=141): 2->3
Pendings+(id=141): 2->3
[DEBUG]zmqclient.py:36: Pendings-(id=140,op=accept): 3->2
Pendings-(id=140,op=accept): 3->2
EVENT ofp_event->Zk2212Switch EventOFPPacketIn
PKT-IN: inject, msg.reason=1
[DEBUG]zmqclient.py:50: Pendings+(id=142): 2->3
Pendings+(id=142): 2->3
[DEBUG]zmqclient.py:36: Pendings-(id=141,op=accept): 3->2
Pendings-(id=141,op=accept): 3->2
EVENT ofp_event->Zk2212Switch EventOFPPacketIn
PKT-IN: inject, msg.reason=1
[DEBUG]zmqclient.py:50: Pendings+(id=143): 2->3
Pendings+(id=143): 2->3
[DEBUG]zmqclient.py:36: Pendings-(id=142,op=accept): 3->2
Pendings-(id=142,op=accept): 3->2
EVENT ofp_event->Zk2212Switch EventOFPPacketIn
PKT-IN: inject, msg.reason=1
[DEBUG]zmqclient.py:50: Pendings+(id=144): 2->3
Pendings+(id=144): 2->3
[DEBUG]zmqclient.py:36: Pendings-(id=143,op=accept): 3->2
Pendings-(id=143,op=accept): 3->2
[DEBUG]zmqclient.py:36: Pendings-(id=144,op=accept): 2->1
Pendings-(id=144,op=accept): 2->1
EVENT ofp_event->Zk2212Switch EventOFPPacketIn
PKT-IN: inject, msg.reason=1
[DEBUG]zmqclient.py:50: Pendings+(id=145): 1->2
Pendings+(id=145): 1->2
[DEBUG]zmqclient.py:36: Pendings-(id=145,op=accept): 2->1
Pendings-(id=145,op=accept): 2->1
EVENT ofp_event->Zk2212Switch EventOFPPacketIn
PKT-IN: inject, msg.reason=1
[DEBUG]zmqclient.py:50: Pendings+(id=146): 1->2
Pendings+(id=146): 1->2
[DEBUG]zmqclient.py:36: Pendings-(id=146,op=accept): 2->1
Pendings-(id=146,op=accept): 2->1
[DEBUG]zmqclient.py:36: Pendings-(id=139,op=accept): 1->0
Pendings-(id=139,op=accept): 1->0
EVENT ofp_event->Zk2212Switch EventOFPPacketIn
PKT-IN: inject, msg.reason=1
[DEBUG]zmqclient.py:50: Pendings+(id=147): 0->1
Pendings+(id=147): 0->1
[DEBUG]zmqclient.py:36: Pendings-(id=147,op=drop): 1->0
Pendings-(id=147,op=drop): 1->0
EVENT ofp_event->Zk2212Switch EventOFPPacketIn
PKT-IN: inject, msg.reason=1
[DEBUG]zmqclient.py:50: Pendings+(id=148): 0->1
Pendings+(id=148): 0->1
[DEBUG]zmqclient.py:36: Pendings-(id=148,op=accept): 1->0
Pendings-(id=148,op=accept): 1->0
EVENT ofp_event->Zk2212Switch EventOFPPacketIn
PKT-IN: inject, msg.reason=1
[DEBUG]zmqclient.py:50: Pendings+(id=149): 0->1
Pendings+(id=149): 0->1
EVENT ofp_event->Zk2212Switch EventOFPPacketIn
PKT-IN: inject, msg.reason=1
[DEBUG]zmqclient.py:50: Pendings+(id=150): 1->2
Pendings+(id=150): 1->2
[DEBUG]zmqclient.py:36: Pendings-(id=149,op=accept): 2->1
Pendings-(id=149,op=accept): 2->1
EVENT ofp_event->Zk2212Switch EventOFPPacketIn
PKT-IN: inject, msg.reason=1
[DEBUG]zmqclient.py:50: Pendings+(id=151): 1->2
Pendings+(id=151): 1->2
EVENT ofp_event->Zk2212Switch EventOFPPacketIn
[DEBUG]zmqclient.py:36: Pendings-(id=150,op=accept): 2->1
Pendings-(id=150,op=accept): 2->1
PKT-IN: inject, msg.reason=1
[DEBUG]zmqclient.py:50: Pendings+(id=152): 1->2
Pendings+(id=152): 1->2
[DEBUG]zmqclient.py:36: Pendings-(id=151,op=accept): 2->1
Pendings-(id=151,op=accept): 2->1
EVENT ofp_event->Zk2212Switch EventOFPPacketIn
PKT-IN: inject, msg.reason=1
[DEBUG]zmqclient.py:50: Pendings+(id=153): 1->2
Pendings+(id=153): 1->2
EVENT ofp_event->Zk2212Switch EventOFPPacketIn
[DEBUG]zmqclient.py:36: Pendings-(id=152,op=accept): 2->1
Pendings-(id=152,op=accept): 2->1
PKT-IN: inject, msg.reason=1
[DEBUG]zmqclient.py:50: Pendings+(id=154): 1->2
Pendings+(id=154): 1->2
[DEBUG]zmqclient.py:36: Pendings-(id=153,op=accept): 2->1
Pendings-(id=153,op=accept): 2->1
EVENT ofp_event->Zk2212Switch EventOFPPacketIn
PKT-IN: inject, msg.reason=1
[DEBUG]zmqclient.py:50: Pendings+(id=155): 1->2
Pendings+(id=155): 1->2
[DEBUG]zmqclient.py:36: Pendings-(id=154,op=accept): 2->1
Pendings-(id=154,op=accept): 2->1
EVENT ofp_event->Zk2212Switch EventOFPPacketIn
PKT-IN: inject, msg.reason=1
[DEBUG]zmqclient.py:50: Pendings+(id=156): 1->2
Pendings+(id=156): 1->2
EVENT ofp_event->Zk2212Switch EventOFPPacketIn
[DEBUG]zmqclient.py:36: Pendings-(id=155,op=accept): 2->1
Pendings-(id=155,op=accept): 2->1
PKT-IN: inject, msg.reason=1
[DEBUG]zmqclient.py:50: Pendings+(id=157): 1->2
Pendings+(id=157): 1->2
EVENT ofp_event->Zk2212Switch EventOFPPacketIn
EVENT ofp_event->Zk2212Switch EventOFPPacketIn
EVENT ofp_event->Zk2212Switch EventOFPPacketIn
EVENT ofp_event->Zk2212Switch EventOFPPacketIn
EVENT ofp_event->Zk2212Switch EventOFPPacketIn
[DEBUG]zmqclient.py:36: Pendings-(id=156,op=accept): 2->1
Pendings-(id=156,op=accept): 2->1
PKT-IN: inject, msg.reason=1
[DEBUG]zmqclient.py:50: Pendings+(id=158): 1->2
Pendings+(id=158): 1->2
PKT-IN: inject, msg.reason=1
[DEBUG]zmqclient.py:50: Pendings+(id=159): 2->3
Pendings+(id=159): 2->3
PKT-IN: inject, msg.reason=1
[DEBUG]zmqclient.py:50: Pendings+(id=160): 3->4
Pendings+(id=160): 3->4
PKT-IN: inject, msg.reason=1
[DEBUG]zmqclient.py:50: Pendings+(id=161): 4->5
Pendings+(id=161): 4->5
PKT-IN: inject, msg.reason=1
[DEBUG]zmqclient.py:50: Pendings+(id=162): 5->6
Pendings+(id=162): 5->6
[DEBUG]zmqclient.py:36: Pendings-(id=158,op=accept): 6->5
Pendings-(id=158,op=accept): 6->5
EVENT ofp_event->Zk2212Switch EventOFPPacketIn
PKT-IN: inject, msg.reason=1
[DEBUG]zmqclient.py:50: Pendings+(id=163): 5->6
Pendings+(id=163): 5->6
[DEBUG]zmqclient.py:36: Pendings-(id=159,op=accept): 6->5
Pendings-(id=159,op=accept): 6->5
EVENT ofp_event->Zk2212Switch EventOFPPacketIn
PKT-IN: inject, msg.reason=1
[DEBUG]zmqclient.py:50: Pendings+(id=164): 5->6
Pendings+(id=164): 5->6
[DEBUG]zmqclient.py:36: Pendings-(id=160,op=accept): 6->5
Pendings-(id=160,op=accept): 6->5
[DEBUG]zmqclient.py:36: Pendings-(id=161,op=accept): 5->4
Pendings-(id=161,op=accept): 5->4
EVENT ofp_event->Zk2212Switch EventOFPPacketIn
EVENT ofp_event->Zk2212Switch EventOFPPacketIn
PKT-IN: inject, msg.reason=1
[DEBUG]zmqclient.py:50: Pendings+(id=165): 4->5
Pendings+(id=165): 4->5
PKT-IN: inject, msg.reason=1
[DEBUG]zmqclient.py:50: Pendings+(id=166): 5->6
Pendings+(id=166): 5->6
[DEBUG]zmqclient.py:36: Pendings-(id=163,op=accept): 6->5
Pendings-(id=163,op=accept): 6->5
[DEBUG]zmqclient.py:36: Pendings-(id=164,op=drop): 5->4
Pendings-(id=164,op=drop): 5->4
[DEBUG]zmqclient.py:36: Pendings-(id=165,op=drop): 4->3
Pendings-(id=165,op=drop): 4->3
[DEBUG]zmqclient.py:36: Pendings-(id=166,op=drop): 3->2
Pendings-(id=166,op=drop): 3->2
[DEBUG]zmqclient.py:36: Pendings-(id=162,op=accept): 2->1
Pendings-(id=162,op=accept): 2->1
EVENT ofp_event->Zk2212Switch EventOFPPacketIn
PKT-IN: inject, msg.reason=1
[DEBUG]zmqclient.py:50: Pendings+(id=167): 1->2
Pendings+(id=167): 1->2
[DEBUG]zmqclient.py:36: Pendings-(id=167,op=drop): 2->1
Pendings-(id=167,op=drop): 2->1
[DEBUG]zmqclient.py:36: Pendings-(id=157,op=accept): 1->0
Pendings-(id=157,op=accept): 1->0
EVENT ofp_event->Zk2212Switch EventOFPPacketIn
PKT-IN: inject, msg.reason=1
[DEBUG]zmqclient.py:50: Pendings+(id=168): 0->1
Pendings+(id=168): 0->1
EVENT ofp_event->Zk2212Switch EventOFPPacketIn
EVENT ofp_event->Zk2212Switch EventOFPPacketIn
EVENT ofp_event->Zk2212Switch EventOFPPacketIn
EVENT ofp_event->Zk2212Switch EventOFPPacketIn
EVENT ofp_event->Zk2212Switch EventOFPPacketIn
EVENT ofp_event->Zk2212Switch EventOFPPacketIn
EVENT ofp_event->Zk2212Switch EventOFPPacketIn
EVENT ofp_event->Zk2212Switch EventOFPPacketIn
EVENT ofp_event->Zk2212Switch EventOFPPacketIn
EVENT ofp_event->Zk2212Switch EventOFPPacketIn
PKT-IN: inject, msg.reason=1
[DEBUG]zmqclient.py:50: Pendings+(id=169): 1->2
Pendings+(id=169): 1->2
PKT-IN: inject, msg.reason=1
[DEBUG]zmqclient.py:50: Pendings+(id=170): 2->3
Pendings+(id=170): 2->3
PKT-IN: inject, msg.reason=1
[DEBUG]zmqclient.py:50: Pendings+(id=171): 3->4
Pendings+(id=171): 3->4
PKT-IN: inject, msg.reason=1
[DEBUG]zmqclient.py:50: Pendings+(id=172): 4->5
Pendings+(id=172): 4->5
PKT-IN: inject, msg.reason=1
[DEBUG]zmqclient.py:50: Pendings+(id=173): 5->6
Pendings+(id=173): 5->6
PKT-IN: inject, msg.reason=1
[DEBUG]zmqclient.py:50: Pendings+(id=174): 6->7
Pendings+(id=174): 6->7
PKT-IN: inject, msg.reason=1
[DEBUG]zmqclient.py:50: Pendings+(id=175): 7->8
Pendings+(id=175): 7->8
PKT-IN: inject, msg.reason=1
[DEBUG]zmqclient.py:50: Pendings+(id=176): 8->9
Pendings+(id=176): 8->9
PKT-IN: inject, msg.reason=1
[DEBUG]zmqclient.py:50: Pendings+(id=177): 9->10
Pendings+(id=177): 9->10
PKT-IN: inject, msg.reason=1
[DEBUG]zmqclient.py:50: Pendings+(id=178): 10->11
Pendings+(id=178): 10->11
[DEBUG]zmqclient.py:36: Pendings-(id=168,op=accept): 11->10
Pendings-(id=168,op=accept): 11->10
[DEBUG]zmqclient.py:36: Pendings-(id=169,op=accept): 10->9
Pendings-(id=169,op=accept): 10->9
[DEBUG]zmqclient.py:36: Pendings-(id=170,op=accept): 9->8
Pendings-(id=170,op=accept): 9->8
EVENT ofp_event->Zk2212Switch EventOFPPacketIn
EVENT ofp_event->Zk2212Switch EventOFPPacketIn
PKT-IN: inject, msg.reason=1
[DEBUG]zmqclient.py:50: Pendings+(id=179): 8->9
Pendings+(id=179): 8->9
PKT-IN: inject, msg.reason=1
[DEBUG]zmqclient.py:50: Pendings+(id=180): 9->10
Pendings+(id=180): 9->10
[DEBUG]zmqclient.py:36: Pendings-(id=171,op=accept): 10->9
Pendings-(id=171,op=accept): 10->9
[DEBUG]zmqclient.py:36: Pendings-(id=172,op=accept): 9->8
Pendings-(id=172,op=accept): 9->8
EVENT ofp_event->Zk2212Switch EventOFPPacketIn
EVENT ofp_event->Zk2212Switch EventOFPPacketIn
PKT-IN: inject, msg.reason=1
[DEBUG]zmqclient.py:50: Pendings+(id=181): 8->9
Pendings+(id=181): 8->9
PKT-IN: inject, msg.reason=1
[DEBUG]zmqclient.py:50: Pendings+(id=182): 9->10
Pendings+(id=182): 9->10
[DEBUG]zmqclient.py:36: Pendings-(id=174,op=accept): 10->9
Pendings-(id=174,op=accept): 10->9
EVENT ofp_event->Zk2212Switch EventOFPPacketIn
PKT-IN: inject, msg.reason=1
[DEBUG]zmqclient.py:50: Pendings+(id=183): 9->10
Pendings+(id=183): 9->10
[DEBUG]zmqclient.py:36: Pendings-(id=175,op=accept): 10->9
Pendings-(id=175,op=accept): 10->9
[DEBUG]zmqclient.py:36: Pendings-(id=176,op=accept): 9->8
Pendings-(id=176,op=accept): 9->8
EVENT ofp_event->Zk2212Switch EventOFPPacketIn
PKT-IN: inject, msg.reason=1
[DEBUG]zmqclient.py:50: Pendings+(id=184): 8->9
Pendings+(id=184): 8->9
EVENT ofp_event->Zk2212Switch EventOFPPacketIn
[DEBUG]zmqclient.py:36: Pendings-(id=177,op=accept): 9->8
Pendings-(id=177,op=accept): 9->8
PKT-IN: inject, msg.reason=1
[DEBUG]zmqclient.py:50: Pendings+(id=185): 8->9
Pendings+(id=185): 8->9
EVENT ofp_event->Zk2212Switch EventOFPPacketIn
PKT-IN: inject, msg.reason=1
[DEBUG]zmqclient.py:50: Pendings+(id=186): 9->10
Pendings+(id=186): 9->10
EVENT ofp_event->Zk2212Switch EventOFPPacketIn
PKT-IN: inject, msg.reason=1
[DEBUG]zmqclient.py:50: Pendings+(id=187): 10->11
Pendings+(id=187): 10->11
[DEBUG]zmqclient.py:36: Pendings-(id=179,op=accept): 11->10
Pendings-(id=179,op=accept): 11->10
[DEBUG]zmqclient.py:36: Pendings-(id=180,op=accept): 10->9
Pendings-(id=180,op=accept): 10->9
[DEBUG]zmqclient.py:36: Pendings-(id=181,op=accept): 9->8
Pendings-(id=181,op=accept): 9->8
[DEBUG]zmqclient.py:36: Pendings-(id=182,op=accept): 8->7
Pendings-(id=182,op=accept): 8->7
[DEBUG]zmqclient.py:36: Pendings-(id=183,op=drop): 7->6
Pendings-(id=183,op=drop): 7->6
[DEBUG]zmqclient.py:36: Pendings-(id=184,op=drop): 6->5
Pendings-(id=184,op=drop): 6->5
[DEBUG]zmqclient.py:36: Pendings-(id=185,op=drop): 5->4
Pendings-(id=185,op=drop): 5->4
[DEBUG]zmqclient.py:36: Pendings-(id=186,op=drop): 4->3
Pendings-(id=186,op=drop): 4->3
[DEBUG]zmqclient.py:36: Pendings-(id=187,op=drop): 3->2
Pendings-(id=187,op=drop): 3->2
[DEBUG]zmqclient.py:36: Pendings-(id=178,op=accept): 2->1
Pendings-(id=178,op=accept): 2->1
EVENT ofp_event->Zk2212Switch EventOFPPacketIn
PKT-IN: inject, msg.reason=1
[DEBUG]zmqclient.py:50: Pendings+(id=188): 1->2
Pendings+(id=188): 1->2
[DEBUG]zmqclient.py:36: Pendings-(id=188,op=drop): 2->1
Pendings-(id=188,op=drop): 2->1
[DEBUG]zmqclient.py:36: Pendings-(id=173,op=accept): 1->0
Pendings-(id=173,op=accept): 1->0
EVENT ofp_event->Zk2212Switch EventOFPPacketIn
PKT-IN: inject, msg.reason=1
[DEBUG]zmqclient.py:50: Pendings+(id=189): 0->1
Pendings+(id=189): 0->1
[DEBUG]zmqclient.py:36: Pendings-(id=189,op=accept): 1->0
Pendings-(id=189,op=accept): 1->0
EVENT ofp_event->Zk2212Switch EventOFPPacketIn
PKT-IN: inject, msg.reason=1
[DEBUG]zmqclient.py:50: Pendings+(id=190): 0->1
Pendings+(id=190): 0->1
[DEBUG]zmqclient.py:36: Pendings-(id=190,op=accept): 1->0
Pendings-(id=190,op=accept): 1->0
EVENT ofp_event->Zk2212Switch EventOFPPacketIn
PKT-IN: inject, msg.reason=1
[DEBUG]zmqclient.py:50: Pendings+(id=191): 0->1
Pendings+(id=191): 0->1
[DEBUG]zmqclient.py:36: Pendings-(id=191,op=accept): 1->0
Pendings-(id=191,op=accept): 1->0
EVENT ofp_event->Zk2212Switch EventOFPPacketIn
EVENT ofp_event->Zk2212Switch EventOFPPacketIn
PKT-IN: inject, msg.reason=1
[DEBUG]zmqclient.py:50: Pendings+(id=192): 0->1
Pendings+(id=192): 0->1
PKT-IN: inject, msg.reason=1
[DEBUG]zmqclient.py:50: Pendings+(id=193): 1->2
Pendings+(id=193): 1->2
[DEBUG]zmqclient.py:36: Pendings-(id=192,op=accept): 2->1
Pendings-(id=192,op=accept): 2->1
[DEBUG]zmqclient.py:36: Pendings-(id=193,op=accept): 1->0
Pendings-(id=193,op=accept): 1->0
EVENT ofp_event->Zk2212Switch EventOFPPacketIn
PKT-IN: inject, msg.reason=1
[DEBUG]zmqclient.py:50: Pendings+(id=194): 0->1
Pendings+(id=194): 0->1
EVENT ofp_event->Zk2212Switch EventOFPPacketIn
PKT-IN: inject, msg.reason=1
[DEBUG]zmqclient.py:50: Pendings+(id=195): 1->2
Pendings+(id=195): 1->2
[DEBUG]zmqclient.py:36: Pendings-(id=194,op=accept): 2->1
Pendings-(id=194,op=accept): 2->1
[DEBUG]zmqclient.py:36: Pendings-(id=195,op=accept): 1->0
Pendings-(id=195,op=accept): 1->0
EVENT ofp_event->Zk2212Switch EventOFPPacketIn
EVENT ofp_event->Zk2212Switch EventOFPPacketIn
PKT-IN: inject, msg.reason=1
[DEBUG]zmqclient.py:50: Pendings+(id=196): 0->1
Pendings+(id=196): 0->1
PKT-IN: inject, msg.reason=1
[DEBUG]zmqclient.py:50: Pendings+(id=197): 1->2
Pendings+(id=197): 1->2
[DEBUG]zmqclient.py:36: Pendings-(id=196,op=accept): 2->1
Pendings-(id=196,op=accept): 2->1
EVENT ofp_event->Zk2212Switch EventOFPPacketIn
PKT-IN: NOT inject, msg.reason=0
packet in 235942576840259 8e:be:26:e9:0a:2e 33:33:00:00:00:02 135
[DEBUG]zmqclient.py:36: Pendings-(id=197,op=accept): 1->0
Pendings-(id=197,op=accept): 1->0
EVENT ofp_event->Zk2212Switch EventOFPPacketIn
PKT-IN: inject, msg.reason=1
[DEBUG]zmqclient.py:50: Pendings+(id=198): 0->1
Pendings+(id=198): 0->1
[DEBUG]zmqclient.py:36: Pendings-(id=198,op=accept): 1->0
Pendings-(id=198,op=accept): 1->0
EVENT ofp_event->Zk2212Switch EventOFPPacketIn
PKT-IN: inject, msg.reason=1
[DEBUG]zmqclient.py:50: Pendings+(id=199): 0->1
Pendings+(id=199): 0->1
[DEBUG]zmqclient.py:36: Pendings-(id=199,op=accept): 1->0
Pendings-(id=199,op=accept): 1->0
EVENT ofp_event->Zk2212Switch EventOFPPacketIn
PKT-IN: inject, msg.reason=1
[DEBUG]zmqclient.py:50: Pendings+(id=200): 0->1
Pendings+(id=200): 0->1
[DEBUG]zmqclient.py:36: Pendings-(id=200,op=accept): 1->0
Pendings-(id=200,op=accept): 1->0
EVENT ofp_event->Zk2212Switch EventOFPPacketIn
PKT-IN: inject, msg.reason=1
[DEBUG]zmqclient.py:50: Pendings+(id=201): 0->1
Pendings+(id=201): 0->1
[DEBUG]zmqclient.py:36: Pendings-(id=201,op=accept): 1->0
Pendings-(id=201,op=accept): 1->0
EVENT ofp_event->Zk2212Switch EventOFPPacketIn
PKT-IN: inject, msg.reason=1
[DEBUG]zmqclient.py:50: Pendings+(id=202): 0->1
Pendings+(id=202): 0->1
[DEBUG]zmqclient.py:36: Pendings-(id=202,op=accept): 1->0
Pendings-(id=202,op=accept): 1->0
EVENT ofp_event->Zk2212Switch EventOFPPacketIn
EVENT ofp_event->Zk2212Switch EventOFPPacketIn
PKT-IN: inject, msg.reason=1
[DEBUG]zmqclient.py:50: Pendings+(id=203): 0->1
Pendings+(id=203): 0->1
PKT-IN: inject, msg.reason=1
[DEBUG]zmqclient.py:50: Pendings+(id=204): 1->2
Pendings+(id=204): 1->2
[DEBUG]zmqclient.py:36: Pendings-(id=203,op=accept): 2->1
Pendings-(id=203,op=accept): 2->1
EVENT ofp_event->Zk2212Switch EventOFPPacketIn
PKT-IN: inject, msg.reason=1
[DEBUG]zmqclient.py:50: Pendings+(id=205): 1->2
Pendings+(id=205): 1->2
[DEBUG]zmqclient.py:36: Pendings-(id=204,op=accept): 2->1
Pendings-(id=204,op=accept): 2->1
EVENT ofp_event->Zk2212Switch EventOFPPacketIn
PKT-IN: inject, msg.reason=1
[DEBUG]zmqclient.py:50: Pendings+(id=206): 1->2
Pendings+(id=206): 1->2
[DEBUG]zmqclient.py:36: Pendings-(id=205,op=accept): 2->1
Pendings-(id=205,op=accept): 2->1
EVENT ofp_event->Zk2212Switch EventOFPPacketIn
PKT-IN: inject, msg.reason=1
[DEBUG]zmqclient.py:50: Pendings+(id=207): 1->2
Pendings+(id=207): 1->2
[DEBUG]zmqclient.py:36: Pendings-(id=206,op=accept): 2->1
Pendings-(id=206,op=accept): 2->1
EVENT ofp_event->Zk2212Switch EventOFPPacketIn
PKT-IN: inject, msg.reason=1
[DEBUG]zmqclient.py:50: Pendings+(id=208): 1->2
Pendings+(id=208): 1->2
[DEBUG]zmqclient.py:36: Pendings-(id=207,op=accept): 2->1
Pendings-(id=207,op=accept): 2->1
[DEBUG]zmqclient.py:36: Pendings-(id=208,op=accept): 1->0
Pendings-(id=208,op=accept): 1->0
EVENT ofp_event->Zk2212Switch EventOFPPacketIn
EVENT ofp_event->Zk2212Switch EventOFPPacketIn
PKT-IN: inject, msg.reason=1
[DEBUG]zmqclient.py:50: Pendings+(id=209): 0->1
Pendings+(id=209): 0->1
PKT-IN: inject, msg.reason=1
[DEBUG]zmqclient.py:50: Pendings+(id=210): 1->2
Pendings+(id=210): 1->2
[DEBUG]zmqclient.py:36: Pendings-(id=209,op=accept): 2->1
Pendings-(id=209,op=accept): 2->1
EVENT ofp_event->Zk2212Switch EventOFPPacketIn
PKT-IN: inject, msg.reason=1
[DEBUG]zmqclient.py:50: Pendings+(id=211): 1->2
Pendings+(id=211): 1->2
[DEBUG]zmqclient.py:36: Pendings-(id=210,op=accept): 2->1
Pendings-(id=210,op=accept): 2->1
EVENT ofp_event->Zk2212Switch EventOFPPacketIn
PKT-IN: inject, msg.reason=1
[DEBUG]zmqclient.py:50: Pendings+(id=212): 1->2
Pendings+(id=212): 1->2
[DEBUG]zmqclient.py:36: Pendings-(id=211,op=accept): 2->1
Pendings-(id=211,op=accept): 2->1
EVENT ofp_event->Zk2212Switch EventOFPPacketIn
PKT-IN: inject, msg.reason=1
[DEBUG]zmqclient.py:50: Pendings+(id=213): 1->2
Pendings+(id=213): 1->2
[DEBUG]zmqclient.py:36: Pendings-(id=212,op=accept): 2->1
Pendings-(id=212,op=accept): 2->1
EVENT ofp_event->Zk2212Switch EventOFPPacketIn
PKT-IN: inject, msg.reason=1
[DEBUG]zmqclient.py:50: Pendings+(id=214): 1->2
Pendings+(id=214): 1->2
[DEBUG]zmqclient.py:36: Pendings-(id=213,op=accept): 2->1
Pendings-(id=213,op=accept): 2->1
[DEBUG]zmqclient.py:36: Pendings-(id=214,op=accept): 1->0
Pendings-(id=214,op=accept): 1->0
EVENT ofp_event->Zk2212Switch EventOFPPacketIn
PKT-IN: NOT inject, msg.reason=0
packet in 235942576840259 06:ac:21:21:b7:8f 33:33:00:00:00:02 134
EVENT ofp_event->Zk2212Switch EventOFPPacketIn
PKT-IN: NOT inject, msg.reason=0
packet in 235942576840259 42:b1:1f:0f:7c:85 33:33:00:00:00:02 136
EVENT ofp_event->Zk2212Switch EventOFPPacketIn
EVENT ofp_event->Zk2212Switch EventOFPPacketIn
PKT-IN: inject, msg.reason=1
[DEBUG]zmqclient.py:50: Pendings+(id=215): 0->1
Pendings+(id=215): 0->1
PKT-IN: inject, msg.reason=1
[DEBUG]zmqclient.py:50: Pendings+(id=216): 1->2
Pendings+(id=216): 1->2
[DEBUG]zmqclient.py:36: Pendings-(id=215,op=accept): 2->1
Pendings-(id=215,op=accept): 2->1
EVENT ofp_event->Zk2212Switch EventOFPPacketIn
PKT-IN: inject, msg.reason=1
[DEBUG]zmqclient.py:50: Pendings+(id=217): 1->2
Pendings+(id=217): 1->2
[DEBUG]zmqclient.py:36: Pendings-(id=216,op=accept): 2->1
Pendings-(id=216,op=accept): 2->1
EVENT ofp_event->Zk2212Switch EventOFPPacketIn
PKT-IN: inject, msg.reason=1
[DEBUG]zmqclient.py:50: Pendings+(id=218): 1->2
Pendings+(id=218): 1->2
[DEBUG]zmqclient.py:36: Pendings-(id=217,op=accept): 2->1
Pendings-(id=217,op=accept): 2->1
EVENT ofp_event->Zk2212Switch EventOFPPacketIn
PKT-IN: inject, msg.reason=1
[DEBUG]zmqclient.py:50: Pendings+(id=219): 1->2
Pendings+(id=219): 1->2
[DEBUG]zmqclient.py:36: Pendings-(id=218,op=accept): 2->1
Pendings-(id=218,op=accept): 2->1
EVENT ofp_event->Zk2212Switch EventOFPPacketIn
PKT-IN: inject, msg.reason=1
[DEBUG]zmqclient.py:50: Pendings+(id=220): 1->2
Pendings+(id=220): 1->2
[DEBUG]zmqclient.py:36: Pendings-(id=219,op=accept): 2->1
Pendings-(id=219,op=accept): 2->1
[DEBUG]zmqclient.py:36: Pendings-(id=220,op=accept): 1->0
Pendings-(id=220,op=accept): 1->0
EVENT ofp_event->Zk2212Switch EventOFPPacketIn
EVENT ofp_event->Zk2212Switch EventOFPPacketIn
PKT-IN: inject, msg.reason=1
[DEBUG]zmqclient.py:50: Pendings+(id=221): 0->1
Pendings+(id=221): 0->1
PKT-IN: inject, msg.reason=1
[DEBUG]zmqclient.py:50: Pendings+(id=222): 1->2
Pendings+(id=222): 1->2
[DEBUG]zmqclient.py:36: Pendings-(id=221,op=accept): 2->1
Pendings-(id=221,op=accept): 2->1
EVENT ofp_event->Zk2212Switch EventOFPPacketIn
PKT-IN: inject, msg.reason=1
[DEBUG]zmqclient.py:50: Pendings+(id=223): 1->2
Pendings+(id=223): 1->2
[DEBUG]zmqclient.py:36: Pendings-(id=222,op=accept): 2->1
Pendings-(id=222,op=accept): 2->1
EVENT ofp_event->Zk2212Switch EventOFPPacketIn
PKT-IN: inject, msg.reason=1
[DEBUG]zmqclient.py:50: Pendings+(id=224): 1->2
Pendings+(id=224): 1->2
[DEBUG]zmqclient.py:36: Pendings-(id=223,op=accept): 2->1
Pendings-(id=223,op=accept): 2->1
EVENT ofp_event->Zk2212Switch EventOFPPacketIn
PKT-IN: inject, msg.reason=1
[DEBUG]zmqclient.py:50: Pendings+(id=225): 1->2
Pendings+(id=225): 1->2
[DEBUG]zmqclient.py:36: Pendings-(id=224,op=accept): 2->1
Pendings-(id=224,op=accept): 2->1
EVENT ofp_event->Zk2212Switch EventOFPPacketIn
PKT-IN: inject, msg.reason=1
[DEBUG]zmqclient.py:50: Pendings+(id=226): 1->2
Pendings+(id=226): 1->2
[DEBUG]zmqclient.py:36: Pendings-(id=225,op=accept): 2->1
Pendings-(id=225,op=accept): 2->1
[DEBUG]zmqclient.py:36: Pendings-(id=226,op=accept): 1->0
Pendings-(id=226,op=accept): 1->0
EVENT ofp_event->Zk2212Switch EventOFPPacketIn
PKT-IN: NOT inject, msg.reason=0
packet in 235942576840259 8e:be:26:e9:0a:2e 33:33:00:00:00:02 135
EVENT ofp_event->Zk2212Switch EventOFPPacketIn
EVENT ofp_event->Zk2212Switch EventOFPPacketIn
PKT-IN: inject, msg.reason=1
[DEBUG]zmqclient.py:50: Pendings+(id=227): 0->1
Pendings+(id=227): 0->1
PKT-IN: inject, msg.reason=1
[DEBUG]zmqclient.py:50: Pendings+(id=228): 1->2
Pendings+(id=228): 1->2
[DEBUG]zmqclient.py:36: Pendings-(id=227,op=accept): 2->1
Pendings-(id=227,op=accept): 2->1
EVENT ofp_event->Zk2212Switch EventOFPPacketIn
PKT-IN: inject, msg.reason=1
[DEBUG]zmqclient.py:50: Pendings+(id=229): 1->2
Pendings+(id=229): 1->2
[DEBUG]zmqclient.py:36: Pendings-(id=228,op=accept): 2->1
Pendings-(id=228,op=accept): 2->1
EVENT ofp_event->Zk2212Switch EventOFPPacketIn
PKT-IN: inject, msg.reason=1
[DEBUG]zmqclient.py:50: Pendings+(id=230): 1->2
Pendings+(id=230): 1->2
[DEBUG]zmqclient.py:36: Pendings-(id=229,op=accept): 2->1
Pendings-(id=229,op=accept): 2->1
EVENT ofp_event->Zk2212Switch EventOFPPacketIn
PKT-IN: inject, msg.reason=1
[DEBUG]zmqclient.py:50: Pendings+(id=231): 1->2
Pendings+(id=231): 1->2
[DEBUG]zmqclient.py:36: Pendings-(id=230,op=accept): 2->1
Pendings-(id=230,op=accept): 2->1
EVENT ofp_event->Zk2212Switch EventOFPPacketIn
PKT-IN: inject, msg.reason=1
[DEBUG]zmqclient.py:50: Pendings+(id=232): 1->2
Pendings+(id=232): 1->2
[DEBUG]zmqclient.py:36: Pendings-(id=231,op=accept): 2->1
Pendings-(id=231,op=accept): 2->1
[DEBUG]zmqclient.py:36: Pendings-(id=232,op=accept): 1->0
Pendings-(id=232,op=accept): 1->0
EVENT ofp_event->Zk2212Switch EventOFPPacketIn
EVENT ofp_event->Zk2212Switch EventOFPPacketIn
PKT-IN: inject, msg.reason=1
[DEBUG]zmqclient.py:50: Pendings+(id=233): 0->1
Pendings+(id=233): 0->1
PKT-IN: inject, msg.reason=1
[DEBUG]zmqclient.py:50: Pendings+(id=234): 1->2
Pendings+(id=234): 1->2
[DEBUG]zmqclient.py:36: Pendings-(id=233,op=accept): 2->1
Pendings-(id=233,op=accept): 2->1
EVENT ofp_event->Zk2212Switch EventOFPPacketIn
PKT-IN: inject, msg.reason=1
[DEBUG]zmqclient.py:50: Pendings+(id=235): 1->2
Pendings+(id=235): 1->2
[DEBUG]zmqclient.py:36: Pendings-(id=234,op=accept): 2->1
Pendings-(id=234,op=accept): 2->1
EVENT ofp_event->Zk2212Switch EventOFPPacketIn
PKT-IN: inject, msg.reason=1
[DEBUG]zmqclient.py:50: Pendings+(id=236): 1->2
Pendings+(id=236): 1->2
[DEBUG]zmqclient.py:36: Pendings-(id=235,op=accept): 2->1
Pendings-(id=235,op=accept): 2->1
EVENT ofp_event->Zk2212Switch EventOFPPacketIn
PKT-IN: inject, msg.reason=1
[DEBUG]zmqclient.py:50: Pendings+(id=237): 1->2
Pendings+(id=237): 1->2
[DEBUG]zmqclient.py:36: Pendings-(id=236,op=accept): 2->1
Pendings-(id=236,op=accept): 2->1
EVENT ofp_event->Zk2212Switch EventOFPPacketIn
PKT-IN: inject, msg.reason=1
[DEBUG]zmqclient.py:50: Pendings+(id=238): 1->2
Pendings+(id=238): 1->2
[DEBUG]zmqclient.py:36: Pendings-(id=237,op=accept): 2->1
Pendings-(id=237,op=accept): 2->1
[DEBUG]zmqclient.py:36: Pendings-(id=238,op=accept): 1->0
Pendings-(id=238,op=accept): 1->0
EVENT ofp_event->Zk2212Switch EventOFPPacketIn
PKT-IN: NOT inject, msg.reason=0
packet in 235942576840259 42:b1:1f:0f:7c:85 33:33:00:00:00:02 136
EVENT ofp_event->Zk2212Switch EventOFPPacketIn
EVENT ofp_event->Zk2212Switch EventOFPPacketIn
PKT-IN: inject, msg.reason=1
[DEBUG]zmqclient.py:50: Pendings+(id=239): 0->1
Pendings+(id=239): 0->1
PKT-IN: inject, msg.reason=1
[DEBUG]zmqclient.py:50: Pendings+(id=240): 1->2
Pendings+(id=240): 1->2
[DEBUG]zmqclient.py:36: Pendings-(id=239,op=accept): 2->1
Pendings-(id=239,op=accept): 2->1
EVENT ofp_event->Zk2212Switch EventOFPPacketIn
PKT-IN: inject, msg.reason=1
[DEBUG]zmqclient.py:50: Pendings+(id=241): 1->2
Pendings+(id=241): 1->2
[DEBUG]zmqclient.py:36: Pendings-(id=240,op=accept): 2->1
Pendings-(id=240,op=accept): 2->1
EVENT ofp_event->Zk2212Switch EventOFPPacketIn
PKT-IN: inject, msg.reason=1
[DEBUG]zmqclient.py:50: Pendings+(id=242): 1->2
Pendings+(id=242): 1->2
[DEBUG]zmqclient.py:36: Pendings-(id=241,op=accept): 2->1
Pendings-(id=241,op=accept): 2->1
EVENT ofp_event->Zk2212Switch EventOFPPacketIn
PKT-IN: inject, msg.reason=1
[DEBUG]zmqclient.py:50: Pendings+(id=243): 1->2
Pendings+(id=243): 1->2
[DEBUG]zmqclient.py:36: Pendings-(id=242,op=accept): 2->1
Pendings-(id=242,op=accept): 2->1
EVENT ofp_event->Zk2212Switch EventOFPPacketIn
PKT-IN: inject, msg.reason=1
[DEBUG]zmqclient.py:50: Pendings+(id=244): 1->2
Pendings+(id=244): 1->2
[DEBUG]zmqclient.py:36: Pendings-(id=243,op=accept): 2->1
Pendings-(id=243,op=accept): 2->1
[DEBUG]zmqclient.py:36: Pendings-(id=244,op=accept): 1->0
Pendings-(id=244,op=accept): 1->0
EVENT ofp_event->Zk2212Switch EventOFPPacketIn
EVENT ofp_event->Zk2212Switch EventOFPPacketIn
PKT-IN: inject, msg.reason=1
[DEBUG]zmqclient.py:50: Pendings+(id=245): 0->1
Pendings+(id=245): 0->1
PKT-IN: inject, msg.reason=1
[DEBUG]zmqclient.py:50: Pendings+(id=246): 1->2
Pendings+(id=246): 1->2
[DEBUG]zmqclient.py:36: Pendings-(id=245,op=accept): 2->1
Pendings-(id=245,op=accept): 2->1
EVENT ofp_event->Zk2212Switch EventOFPPacketIn
PKT-IN: inject, msg.reason=1
[DEBUG]zmqclient.py:50: Pendings+(id=247): 1->2
Pendings+(id=247): 1->2
[DEBUG]zmqclient.py:36: Pendings-(id=246,op=accept): 2->1
Pendings-(id=246,op=accept): 2->1
EVENT ofp_event->Zk2212Switch EventOFPPacketIn
PKT-IN: inject, msg.reason=1
[DEBUG]zmqclient.py:50: Pendings+(id=248): 1->2
Pendings+(id=248): 1->2
[DEBUG]zmqclient.py:36: Pendings-(id=247,op=accept): 2->1
Pendings-(id=247,op=accept): 2->1
EVENT ofp_event->Zk2212Switch EventOFPPacketIn
PKT-IN: inject, msg.reason=1
[DEBUG]zmqclient.py:50: Pendings+(id=249): 1->2
Pendings+(id=249): 1->2
[DEBUG]zmqclient.py:36: Pendings-(id=248,op=accept): 2->1
Pendings-(id=248,op=accept): 2->1
EVENT ofp_event->Zk2212Switch EventOFPPacketIn
PKT-IN: inject, msg.reason=1
[DEBUG]zmqclient.py:50: Pendings+(id=250): 1->2
Pendings+(id=250): 1->2
[DEBUG]zmqclient.py:36: Pendings-(id=249,op=accept): 2->1
Pendings-(id=249,op=accept): 2->1
[DEBUG]zmqclient.py:36: Pendings-(id=250,op=accept): 1->0
Pendings-(id=250,op=accept): 1->0
EVENT ofp_event->Zk2212Switch EventOFPPacketIn
PKT-IN: inject, msg.reason=1
[DEBUG]zmqclient.py:50: Pendings+(id=251): 0->1
Pendings+(id=251): 0->1
[DEBUG]zmqclient.py:36: Pendings-(id=251,op=accept): 1->0
Pendings-(id=251,op=accept): 1->0
EVENT ofp_event->Zk2212Switch EventOFPPacketIn
PKT-IN: inject, msg.reason=1
[DEBUG]zmqclient.py:50: Pendings+(id=252): 0->1
Pendings+(id=252): 0->1
[DEBUG]zmqclient.py:36: Pendings-(id=252,op=accept): 1->0
Pendings-(id=252,op=accept): 1->0
EVENT ofp_event->Zk2212Switch EventOFPPacketIn
EVENT ofp_event->Zk2212Switch EventOFPPacketIn
PKT-IN: inject, msg.reason=1
[DEBUG]zmqclient.py:50: Pendings+(id=253): 0->1
Pendings+(id=253): 0->1
PKT-IN: inject, msg.reason=1
[DEBUG]zmqclient.py:50: Pendings+(id=254): 1->2
Pendings+(id=254): 1->2
[DEBUG]zmqclient.py:36: Pendings-(id=253,op=accept): 2->1
Pendings-(id=253,op=accept): 2->1
[DEBUG]zmqclient.py:36: Pendings-(id=254,op=accept): 1->0
Pendings-(id=254,op=accept): 1->0
EVENT ofp_event->Zk2212Switch EventOFPPacketIn
PKT-IN: inject, msg.reason=1
[DEBUG]zmqclient.py:50: Pendings+(id=255): 0->1
Pendings+(id=255): 0->1
[DEBUG]zmqclient.py:36: Pendings-(id=255,op=accept): 1->0
Pendings-(id=255,op=accept): 1->0
EVENT ofp_event->Zk2212Switch EventOFPPacketIn
EVENT ofp_event->Zk2212Switch EventOFPPacketIn
PKT-IN: inject, msg.reason=1
[DEBUG]zmqclient.py:50: Pendings+(id=256): 0->1
Pendings+(id=256): 0->1
PKT-IN: inject, msg.reason=1
[DEBUG]zmqclient.py:50: Pendings+(id=257): 1->2
Pendings+(id=257): 1->2
[DEBUG]zmqclient.py:36: Pendings-(id=256,op=accept): 2->1
Pendings-(id=256,op=accept): 2->1
EVENT ofp_event->Zk2212Switch EventOFPPacketIn
PKT-IN: inject, msg.reason=1
[DEBUG]zmqclient.py:50: Pendings+(id=258): 1->2
Pendings+(id=258): 1->2
[DEBUG]zmqclient.py:36: Pendings-(id=257,op=accept): 2->1
Pendings-(id=257,op=accept): 2->1
[DEBUG]zmqclient.py:36: Pendings-(id=258,op=accept): 1->0
Pendings-(id=258,op=accept): 1->0
EVENT ofp_event->Zk2212Switch EventOFPPacketIn
EVENT ofp_event->Zk2212Switch EventOFPPacketIn
PKT-IN: inject, msg.reason=1
[DEBUG]zmqclient.py:50: Pendings+(id=259): 0->1
Pendings+(id=259): 0->1
PKT-IN: inject, msg.reason=1
[DEBUG]zmqclient.py:50: Pendings+(id=260): 1->2
Pendings+(id=260): 1->2
[DEBUG]zmqclient.py:36: Pendings-(id=259,op=accept): 2->1
Pendings-(id=259,op=accept): 2->1
EVENT ofp_event->Zk2212Switch EventOFPPacketIn
PKT-IN: inject, msg.reason=1
[DEBUG]zmqclient.py:50: Pendings+(id=261): 1->2
Pendings+(id=261): 1->2
[DEBUG]zmqclient.py:36: Pendings-(id=260,op=accept): 2->1
Pendings-(id=260,op=accept): 2->1
EVENT ofp_event->Zk2212Switch EventOFPPacketIn
PKT-IN: inject, msg.reason=1
[DEBUG]zmqclient.py:50: Pendings+(id=262): 1->2
Pendings+(id=262): 1->2
[DEBUG]zmqclient.py:36: Pendings-(id=261,op=accept): 2->1
Pendings-(id=261,op=accept): 2->1
[DEBUG]zmqclient.py:36: Pendings-(id=262,op=accept): 1->0
Pendings-(id=262,op=accept): 1->0
EVENT ofp_event->Zk2212Switch EventOFPPacketIn
EVENT ofp_event->Zk2212Switch EventOFPPacketIn
PKT-IN: inject, msg.reason=1
[DEBUG]zmqclient.py:50: Pendings+(id=263): 0->1
Pendings+(id=263): 0->1
PKT-IN: inject, msg.reason=1
[DEBUG]zmqclient.py:50: Pendings+(id=264): 1->2
Pendings+(id=264): 1->2
[DEBUG]zmqclient.py:36: Pendings-(id=263,op=accept): 2->1
Pendings-(id=263,op=accept): 2->1
[DEBUG]zmqclient.py:36: Pendings-(id=264,op=accept): 1->0
Pendings-(id=264,op=accept): 1->0
EVENT ofp_event->Zk2212Switch EventOFPPacketIn
PKT-IN: inject, msg.reason=1
[DEBUG]zmqclient.py:50: Pendings+(id=265): 0->1
Pendings+(id=265): 0->1
[DEBUG]zmqclient.py:36: Pendings-(id=265,op=accept): 1->0
Pendings-(id=265,op=accept): 1->0
EVENT ofp_event->Zk2212Switch EventOFPPacketIn
EVENT ofp_event->Zk2212Switch EventOFPPacketIn
PKT-IN: inject, msg.reason=1
[DEBUG]zmqclient.py:50: Pendings+(id=266): 0->1
Pendings+(id=266): 0->1
PKT-IN: inject, msg.reason=1
[DEBUG]zmqclient.py:50: Pendings+(id=267): 1->2
Pendings+(id=267): 1->2
[DEBUG]zmqclient.py:36: Pendings-(id=266,op=accept): 2->1
Pendings-(id=266,op=accept): 2->1
EVENT ofp_event->Zk2212Switch EventOFPPacketIn
PKT-IN: inject, msg.reason=1
[DEBUG]zmqclient.py:50: Pendings+(id=268): 1->2
Pendings+(id=268): 1->2
[DEBUG]zmqclient.py:36: Pendings-(id=267,op=accept): 2->1
Pendings-(id=267,op=accept): 2->1
EVENT ofp_event->Zk2212Switch EventOFPPacketIn
EVENT ofp_event->Zk2212Switch EventOFPPacketIn
PKT-IN: inject, msg.reason=1
[DEBUG]zmqclient.py:50: Pendings+(id=269): 1->2
Pendings+(id=269): 1->2
PKT-IN: inject, msg.reason=1
[DEBUG]zmqclient.py:50: Pendings+(id=270): 2->3
Pendings+(id=270): 2->3
[DEBUG]zmqclient.py:36: Pendings-(id=268,op=accept): 3->2
Pendings-(id=268,op=accept): 3->2
[DEBUG]zmqclient.py:36: Pendings-(id=269,op=accept): 2->1
Pendings-(id=269,op=accept): 2->1
EVENT ofp_event->Zk2212Switch EventOFPPacketIn
PKT-IN: inject, msg.reason=1
[DEBUG]zmqclient.py:50: Pendings+(id=271): 1->2
Pendings+(id=271): 1->2
[DEBUG]zmqclient.py:36: Pendings-(id=270,op=accept): 2->1
Pendings-(id=270,op=accept): 2->1
EVENT ofp_event->Zk2212Switch EventOFPPacketIn
PKT-IN: inject, msg.reason=1
[DEBUG]zmqclient.py:50: Pendings+(id=272): 1->2
Pendings+(id=272): 1->2
[DEBUG]zmqclient.py:36: Pendings-(id=271,op=accept): 2->1
Pendings-(id=271,op=accept): 2->1
[DEBUG]zmqclient.py:36: Pendings-(id=272,op=accept): 1->0
Pendings-(id=272,op=accept): 1->0
EVENT ofp_event->Zk2212Switch EventOFPPacketIn
EVENT ofp_event->Zk2212Switch EventOFPPacketIn
PKT-IN: inject, msg.reason=1
[DEBUG]zmqclient.py:50: Pendings+(id=273): 0->1
Pendings+(id=273): 0->1
PKT-IN: inject, msg.reason=1
[DEBUG]zmqclient.py:50: Pendings+(id=274): 1->2
Pendings+(id=274): 1->2
[DEBUG]zmqclient.py:36: Pendings-(id=273,op=accept): 2->1
Pendings-(id=273,op=accept): 2->1
[DEBUG]zmqclient.py:36: Pendings-(id=274,op=accept): 1->0
Pendings-(id=274,op=accept): 1->0
EVENT ofp_event->Zk2212Switch EventOFPPacketIn
PKT-IN: inject, msg.reason=1
[DEBUG]zmqclient.py:50: Pendings+(id=275): 0->1
Pendings+(id=275): 0->1
[DEBUG]zmqclient.py:36: Pendings-(id=275,op=accept): 1->0
Pendings-(id=275,op=accept): 1->0
EVENT ofp_event->Zk2212Switch EventOFPPacketIn
EVENT ofp_event->Zk2212Switch EventOFPPacketIn
PKT-IN: inject, msg.reason=1
[DEBUG]zmqclient.py:50: Pendings+(id=276): 0->1
Pendings+(id=276): 0->1
PKT-IN: inject, msg.reason=1
[DEBUG]zmqclient.py:50: Pendings+(id=277): 1->2
Pendings+(id=277): 1->2
[DEBUG]zmqclient.py:36: Pendings-(id=276,op=accept): 2->1
Pendings-(id=276,op=accept): 2->1
EVENT ofp_event->Zk2212Switch EventOFPPacketIn
PKT-IN: inject, msg.reason=1
[DEBUG]zmqclient.py:50: Pendings+(id=278): 1->2
Pendings+(id=278): 1->2
[DEBUG]zmqclient.py:36: Pendings-(id=277,op=accept): 2->1
Pendings-(id=277,op=accept): 2->1
EVENT ofp_event->Zk2212Switch EventOFPPacketIn
PKT-IN: inject, msg.reason=1
[DEBUG]zmqclient.py:50: Pendings+(id=279): 1->2
Pendings+(id=279): 1->2
[DEBUG]zmqclient.py:36: Pendings-(id=278,op=accept): 2->1
Pendings-(id=278,op=accept): 2->1
[DEBUG]zmqclient.py:36: Pendings-(id=279,op=accept): 1->0
Pendings-(id=279,op=accept): 1->0
EVENT ofp_event->Zk2212Switch EventOFPPacketIn
PKT-IN: inject, msg.reason=1
[DEBUG]zmqclient.py:50: Pendings+(id=280): 0->1
Pendings+(id=280): 0->1
[DEBUG]zmqclient.py:36: Pendings-(id=280,op=accept): 1->0
Pendings-(id=280,op=accept): 1->0
EVENT ofp_event->Zk2212Switch EventOFPPacketIn
EVENT ofp_event->Zk2212Switch EventOFPPacketIn
EVENT ofp_event->Zk2212Switch EventOFPPacketIn
PKT-IN: inject, msg.reason=1
[DEBUG]zmqclient.py:50: Pendings+(id=281): 0->1
Pendings+(id=281): 0->1
PKT-IN: inject, msg.reason=1
[DEBUG]zmqclient.py:50: Pendings+(id=282): 1->2
Pendings+(id=282): 1->2
PKT-IN: inject, msg.reason=1
[DEBUG]zmqclient.py:50: Pendings+(id=283): 2->3
Pendings+(id=283): 2->3
[DEBUG]zmqclient.py:36: Pendings-(id=281,op=accept): 3->2
Pendings-(id=281,op=accept): 3->2
[DEBUG]zmqclient.py:36: Pendings-(id=282,op=accept): 2->1
Pendings-(id=282,op=accept): 2->1
EVENT ofp_event->Zk2212Switch EventOFPPacketIn
EVENT ofp_event->Zk2212Switch EventOFPPacketIn
PKT-IN: inject, msg.reason=1
[DEBUG]zmqclient.py:50: Pendings+(id=284): 1->2
Pendings+(id=284): 1->2
PKT-IN: inject, msg.reason=1
[DEBUG]zmqclient.py:50: Pendings+(id=285): 2->3
Pendings+(id=285): 2->3
[DEBUG]zmqclient.py:36: Pendings-(id=283,op=accept): 3->2
Pendings-(id=283,op=accept): 3->2
[DEBUG]zmqclient.py:36: Pendings-(id=284,op=accept): 2->1
Pendings-(id=284,op=accept): 2->1
[DEBUG]zmqclient.py:36: Pendings-(id=285,op=accept): 1->0
Pendings-(id=285,op=accept): 1->0
EVENT ofp_event->Zk2212Switch EventOFPPacketIn
PKT-IN: inject, msg.reason=1
[DEBUG]zmqclient.py:50: Pendings+(id=286): 0->1
Pendings+(id=286): 0->1
EVENT ofp_event->Zk2212Switch EventOFPPacketIn
EVENT ofp_event->Zk2212Switch EventOFPPacketIn
PKT-IN: inject, msg.reason=1
[DEBUG]zmqclient.py:50: Pendings+(id=287): 1->2
Pendings+(id=287): 1->2
PKT-IN: inject, msg.reason=1
[DEBUG]zmqclient.py:50: Pendings+(id=288): 2->3
Pendings+(id=288): 2->3
EVENT ofp_event->Zk2212Switch EventOFPPacketIn
PKT-IN: inject, msg.reason=1
[DEBUG]zmqclient.py:50: Pendings+(id=289): 3->4
Pendings+(id=289): 3->4
EVENT ofp_event->Zk2212Switch EventOFPPacketIn
PKT-IN: inject, msg.reason=1
[DEBUG]zmqclient.py:50: Pendings+(id=290): 4->5
Pendings+(id=290): 4->5
[DEBUG]zmqclient.py:36: Pendings-(id=286,op=accept): 5->4
Pendings-(id=286,op=accept): 5->4
[DEBUG]zmqclient.py:36: Pendings-(id=287,op=accept): 4->3
Pendings-(id=287,op=accept): 4->3
EVENT ofp_event->Zk2212Switch EventOFPPacketIn
PKT-IN: inject, msg.reason=1
[DEBUG]zmqclient.py:50: Pendings+(id=291): 3->4
Pendings+(id=291): 3->4
[DEBUG]zmqclient.py:36: Pendings-(id=288,op=accept): 4->3
Pendings-(id=288,op=accept): 4->3
[DEBUG]zmqclient.py:36: Pendings-(id=289,op=accept): 3->2
Pendings-(id=289,op=accept): 3->2
EVENT ofp_event->Zk2212Switch EventOFPPacketIn
PKT-IN: inject, msg.reason=1
[DEBUG]zmqclient.py:50: Pendings+(id=292): 2->3
Pendings+(id=292): 2->3
[DEBUG]zmqclient.py:36: Pendings-(id=290,op=accept): 3->2
Pendings-(id=290,op=accept): 3->2
[DEBUG]zmqclient.py:36: Pendings-(id=291,op=accept): 2->1
Pendings-(id=291,op=accept): 2->1
EVENT ofp_event->Zk2212Switch EventOFPPacketIn
PKT-IN: inject, msg.reason=1
[DEBUG]zmqclient.py:50: Pendings+(id=293): 1->2
Pendings+(id=293): 1->2
[DEBUG]zmqclient.py:36: Pendings-(id=292,op=accept): 2->1
Pendings-(id=292,op=accept): 2->1
[DEBUG]zmqclient.py:36: Pendings-(id=293,op=accept): 1->0
Pendings-(id=293,op=accept): 1->0
