loading app /tmp/zk-2212/materials/zk_switch.py
loading app ryu.controller.ofp_handler
instantiating app ryu.controller.ofp_handler of OFPHandler
instantiating app /tmp/zk-2212/materials/zk_switch.py of Zk2212Switch
BRICK Zk2212Switch
  CONSUMES EventOFPPacketIn
  CONSUMES EventOFPSwitchFeatures
BRICK ofp_event
  PROVIDES EventOFPPacketIn TO {'Zk2212Switch': set(['main'])}
  PROVIDES EventOFPSwitchFeatures TO {'Zk2212Switch': set(['config'])}
  CONSUMES EventOFPPortDescStatsReply
  CONSUMES EventOFPErrorMsg
  CONSUMES EventOFPSwitchFeatures
  CONSUMES EventOFPEchoRequest
  CONSUMES EventOFPHello
connected socket:<eventlet.greenio.base.GreenSocket object at 0x7ff1833f0d90> address:('127.0.0.1', 50823)
hello ev <ryu.controller.ofp_event.EventOFPHello object at 0x7ff182f6e390>
move onto config mode
EVENT ofp_event->Zk2212Switch EventOFPSwitchFeatures
switch features ev version: 0x4 msg_type 0x6 xid 0x82e1309d OFPSwitchFeatures(auxiliary_id=0,capabilities=71,datapath_id=235942576840259,n_buffers=256,n_tables=254)
[INFO]zmqclient.py:20: Connecting to ZMQ: ipc:///tmp/zk-2212/00000002/ether_inspector
Connecting to ZMQ: ipc:///tmp/zk-2212/00000002/ether_inspector
Setup done for datapath 235942576840259
move onto main mode
EVENT ofp_event->Zk2212Switch EventOFPPacketIn
PKT-IN: NOT inject, msg.reason=0
packet in 235942576840259 96:ea:ff:fe:53:2a 33:33:00:00:00:16 142
EVENT ofp_event->Zk2212Switch EventOFPPacketIn
EVENT ofp_event->Zk2212Switch EventOFPPacketIn
PKT-IN: NOT inject, msg.reason=0
packet in 235942576840259 7a:61:8a:3f:8f:26 33:33:00:00:00:02 143
PKT-IN: NOT inject, msg.reason=0
packet in 235942576840259 7a:61:8a:3f:8f:26 33:33:00:00:00:16 143
EVENT ofp_event->Zk2212Switch EventOFPPacketIn
PKT-IN: NOT inject, msg.reason=0
packet in 235942576840259 86:1b:36:f4:76:9b 33:33:00:00:00:16 144
EVENT ofp_event->Zk2212Switch EventOFPPacketIn
PKT-IN: NOT inject, msg.reason=0
packet in 235942576840259 86:1b:36:f4:76:9b ff:ff:ff:ff:ff:ff 144
EVENT ofp_event->Zk2212Switch EventOFPPacketIn
PKT-IN: NOT inject, msg.reason=0
packet in 235942576840259 86:1b:36:f4:76:9b 33:33:00:00:00:16 144
EVENT ofp_event->Zk2212Switch EventOFPPacketIn
PKT-IN: NOT inject, msg.reason=0
packet in 235942576840259 7a:61:8a:3f:8f:26 33:33:00:00:00:16 143
EVENT ofp_event->Zk2212Switch EventOFPPacketIn
PKT-IN: NOT inject, msg.reason=0
packet in 235942576840259 86:1b:36:f4:76:9b 33:33:ff:f4:76:9b 144
EVENT ofp_event->Zk2212Switch EventOFPPacketIn
PKT-IN: NOT inject, msg.reason=0
packet in 235942576840259 96:ea:ff:fe:53:2a ff:ff:ff:ff:ff:ff 142
EVENT ofp_event->Zk2212Switch EventOFPPacketIn
PKT-IN: NOT inject, msg.reason=0
packet in 235942576840259 d6:96:a9:7a:de:43 96:ea:ff:fe:53:2a 4294967294
EVENT ofp_event->Zk2212Switch EventOFPPacketIn
PKT-IN: NOT inject, msg.reason=0
packet in 235942576840259 96:ea:ff:fe:53:2a d6:96:a9:7a:de:43 142
EVENT ofp_event->Zk2212Switch EventOFPPacketIn
PKT-IN: NOT inject, msg.reason=0
packet in 235942576840259 96:ea:ff:fe:53:2a d6:96:a9:7a:de:43 142
EVENT ofp_event->Zk2212Switch EventOFPPacketIn
PKT-IN: NOT inject, msg.reason=0
packet in 235942576840259 96:ea:ff:fe:53:2a d6:96:a9:7a:de:43 142
EVENT ofp_event->Zk2212Switch EventOFPPacketIn
PKT-IN: NOT inject, msg.reason=0
packet in 235942576840259 7a:61:8a:3f:8f:26 ff:ff:ff:ff:ff:ff 143
EVENT ofp_event->Zk2212Switch EventOFPPacketIn
PKT-IN: NOT inject, msg.reason=0
packet in 235942576840259 d6:96:a9:7a:de:43 7a:61:8a:3f:8f:26 4294967294
EVENT ofp_event->Zk2212Switch EventOFPPacketIn
EVENT ofp_event->Zk2212Switch EventOFPPacketIn
EVENT ofp_event->Zk2212Switch EventOFPPacketIn
PKT-IN: NOT inject, msg.reason=0
packet in 235942576840259 7a:61:8a:3f:8f:26 d6:96:a9:7a:de:43 143
PKT-IN: NOT inject, msg.reason=0
packet in 235942576840259 7a:61:8a:3f:8f:26 d6:96:a9:7a:de:43 143
PKT-IN: NOT inject, msg.reason=0
packet in 235942576840259 7a:61:8a:3f:8f:26 d6:96:a9:7a:de:43 143
EVENT ofp_event->Zk2212Switch EventOFPPacketIn
PKT-IN: NOT inject, msg.reason=0
packet in 235942576840259 86:1b:36:f4:76:9b ff:ff:ff:ff:ff:ff 144
EVENT ofp_event->Zk2212Switch EventOFPPacketIn
PKT-IN: NOT inject, msg.reason=0
packet in 235942576840259 d6:96:a9:7a:de:43 86:1b:36:f4:76:9b 4294967294
EVENT ofp_event->Zk2212Switch EventOFPPacketIn
EVENT ofp_event->Zk2212Switch EventOFPPacketIn
EVENT ofp_event->Zk2212Switch EventOFPPacketIn
PKT-IN: NOT inject, msg.reason=0
packet in 235942576840259 86:1b:36:f4:76:9b d6:96:a9:7a:de:43 144
PKT-IN: NOT inject, msg.reason=0
packet in 235942576840259 86:1b:36:f4:76:9b d6:96:a9:7a:de:43 144
PKT-IN: NOT inject, msg.reason=0
packet in 235942576840259 86:1b:36:f4:76:9b d6:96:a9:7a:de:43 144
EVENT ofp_event->Zk2212Switch EventOFPPacketIn
PKT-IN: NOT inject, msg.reason=0
packet in 235942576840259 7a:61:8a:3f:8f:26 ff:ff:ff:ff:ff:ff 143
EVENT ofp_event->Zk2212Switch EventOFPPacketIn
PKT-IN: NOT inject, msg.reason=0
packet in 235942576840259 96:ea:ff:fe:53:2a 7a:61:8a:3f:8f:26 142
EVENT ofp_event->Zk2212Switch EventOFPPacketIn
PKT-IN: inject, msg.reason=1
[DEBUG]zmqclient.py:50: Pendings+(id=0): 0->1
Pendings+(id=0): 0->1
[DEBUG]zmqclient.py:36: Pendings-(id=0,op=accept): 1->0
Pendings-(id=0,op=accept): 1->0
EVENT ofp_event->Zk2212Switch EventOFPPacketIn
PKT-IN: inject, msg.reason=1
[DEBUG]zmqclient.py:50: Pendings+(id=1): 0->1
Pendings+(id=1): 0->1
[DEBUG]zmqclient.py:36: Pendings-(id=1,op=accept): 1->0
Pendings-(id=1,op=accept): 1->0
EVENT ofp_event->Zk2212Switch EventOFPPacketIn
PKT-IN: inject, msg.reason=1
[DEBUG]zmqclient.py:50: Pendings+(id=2): 0->1
Pendings+(id=2): 0->1
EVENT ofp_event->Zk2212Switch EventOFPPacketIn
[DEBUG]zmqclient.py:36: Pendings-(id=2,op=accept): 1->0
Pendings-(id=2,op=accept): 1->0
PKT-IN: inject, msg.reason=1
[DEBUG]zmqclient.py:50: Pendings+(id=3): 0->1
Pendings+(id=3): 0->1
EVENT ofp_event->Zk2212Switch EventOFPPacketIn
PKT-IN: NOT inject, msg.reason=0
packet in 235942576840259 86:1b:36:f4:76:9b ff:ff:ff:ff:ff:ff 144
EVENT ofp_event->Zk2212Switch EventOFPPacketIn
PKT-IN: NOT inject, msg.reason=0
packet in 235942576840259 96:ea:ff:fe:53:2a 86:1b:36:f4:76:9b 142
EVENT ofp_event->Zk2212Switch EventOFPPacketIn
EVENT ofp_event->Zk2212Switch EventOFPPacketIn
EVENT ofp_event->Zk2212Switch EventOFPPacketIn
EVENT ofp_event->Zk2212Switch EventOFPPacketIn
EVENT ofp_event->Zk2212Switch EventOFPPacketIn
PKT-IN: inject, msg.reason=1
[DEBUG]zmqclient.py:50: Pendings+(id=4): 1->2
Pendings+(id=4): 1->2
PKT-IN: inject, msg.reason=1
[DEBUG]zmqclient.py:50: Pendings+(id=5): 2->3
Pendings+(id=5): 2->3
PKT-IN: inject, msg.reason=1
[DEBUG]zmqclient.py:50: Pendings+(id=6): 3->4
Pendings+(id=6): 3->4
PKT-IN: inject, msg.reason=1
[DEBUG]zmqclient.py:50: Pendings+(id=7): 4->5
Pendings+(id=7): 4->5
PKT-IN: inject, msg.reason=1
[DEBUG]zmqclient.py:50: Pendings+(id=8): 5->6
Pendings+(id=8): 5->6
EVENT ofp_event->Zk2212Switch EventOFPPacketIn
PKT-IN: inject, msg.reason=1
[DEBUG]zmqclient.py:50: Pendings+(id=9): 6->7
Pendings+(id=9): 6->7
[DEBUG]zmqclient.py:36: Pendings-(id=4,op=accept): 7->6
Pendings-(id=4,op=accept): 7->6
EVENT ofp_event->Zk2212Switch EventOFPPacketIn
PKT-IN: inject, msg.reason=1
[DEBUG]zmqclient.py:50: Pendings+(id=10): 6->7
Pendings+(id=10): 6->7
[DEBUG]zmqclient.py:36: Pendings-(id=5,op=accept): 7->6
Pendings-(id=5,op=accept): 7->6
EVENT ofp_event->Zk2212Switch EventOFPPacketIn
PKT-IN: inject, msg.reason=1
[DEBUG]zmqclient.py:50: Pendings+(id=11): 6->7
Pendings+(id=11): 6->7
[DEBUG]zmqclient.py:36: Pendings-(id=6,op=accept): 7->6
Pendings-(id=6,op=accept): 7->6
EVENT ofp_event->Zk2212Switch EventOFPPacketIn
PKT-IN: inject, msg.reason=1
[DEBUG]zmqclient.py:50: Pendings+(id=12): 6->7
Pendings+(id=12): 6->7
[DEBUG]zmqclient.py:36: Pendings-(id=7,op=accept): 7->6
Pendings-(id=7,op=accept): 7->6
EVENT ofp_event->Zk2212Switch EventOFPPacketIn
PKT-IN: inject, msg.reason=1
[DEBUG]zmqclient.py:50: Pendings+(id=13): 6->7
Pendings+(id=13): 6->7
[DEBUG]zmqclient.py:36: Pendings-(id=9,op=accept): 7->6
Pendings-(id=9,op=accept): 7->6
EVENT ofp_event->Zk2212Switch EventOFPPacketIn
PKT-IN: inject, msg.reason=1
[DEBUG]zmqclient.py:50: Pendings+(id=14): 6->7
Pendings+(id=14): 6->7
[DEBUG]zmqclient.py:36: Pendings-(id=10,op=accept): 7->6
Pendings-(id=10,op=accept): 7->6
[DEBUG]zmqclient.py:36: Pendings-(id=11,op=drop): 6->5
Pendings-(id=11,op=drop): 6->5
[DEBUG]zmqclient.py:36: Pendings-(id=12,op=drop): 5->4
Pendings-(id=12,op=drop): 5->4
[DEBUG]zmqclient.py:36: Pendings-(id=13,op=drop): 4->3
Pendings-(id=13,op=drop): 4->3
[DEBUG]zmqclient.py:36: Pendings-(id=14,op=accept): 3->2
Pendings-(id=14,op=accept): 3->2
EVENT ofp_event->Zk2212Switch EventOFPPacketIn
PKT-IN: inject, msg.reason=1
[DEBUG]zmqclient.py:50: Pendings+(id=15): 2->3
Pendings+(id=15): 2->3
EVENT ofp_event->Zk2212Switch EventOFPPacketIn
PKT-IN: inject, msg.reason=1
[DEBUG]zmqclient.py:50: Pendings+(id=16): 3->4
Pendings+(id=16): 3->4
EVENT ofp_event->Zk2212Switch EventOFPPacketIn
EVENT ofp_event->Zk2212Switch EventOFPPacketIn
EVENT ofp_event->Zk2212Switch EventOFPPacketIn
EVENT ofp_event->Zk2212Switch EventOFPPacketIn
EVENT ofp_event->Zk2212Switch EventOFPPacketIn
PKT-IN: inject, msg.reason=1
[DEBUG]zmqclient.py:50: Pendings+(id=17): 4->5
Pendings+(id=17): 4->5
PKT-IN: inject, msg.reason=1
[DEBUG]zmqclient.py:50: Pendings+(id=18): 5->6
Pendings+(id=18): 5->6
PKT-IN: inject, msg.reason=1
[DEBUG]zmqclient.py:50: Pendings+(id=19): 6->7
Pendings+(id=19): 6->7
PKT-IN: inject, msg.reason=1
[DEBUG]zmqclient.py:50: Pendings+(id=20): 7->8
Pendings+(id=20): 7->8
PKT-IN: inject, msg.reason=1
[DEBUG]zmqclient.py:50: Pendings+(id=21): 8->9
Pendings+(id=21): 8->9
[DEBUG]zmqclient.py:36: Pendings-(id=15,op=accept): 9->8
Pendings-(id=15,op=accept): 9->8
[DEBUG]zmqclient.py:36: Pendings-(id=17,op=accept): 8->7
Pendings-(id=17,op=accept): 8->7
EVENT ofp_event->Zk2212Switch EventOFPPacketIn
PKT-IN: inject, msg.reason=1
[DEBUG]zmqclient.py:50: Pendings+(id=22): 7->8
Pendings+(id=22): 7->8
[DEBUG]zmqclient.py:36: Pendings-(id=18,op=accept): 8->7
Pendings-(id=18,op=accept): 8->7
EVENT ofp_event->Zk2212Switch EventOFPPacketIn
[DEBUG]zmqclient.py:36: Pendings-(id=19,op=accept): 7->6
Pendings-(id=19,op=accept): 7->6
PKT-IN: inject, msg.reason=1
[DEBUG]zmqclient.py:50: Pendings+(id=23): 6->7
Pendings+(id=23): 6->7
[DEBUG]zmqclient.py:36: Pendings-(id=20,op=accept): 7->6
Pendings-(id=20,op=accept): 7->6
EVENT ofp_event->Zk2212Switch EventOFPPacketIn
PKT-IN: inject, msg.reason=1
[DEBUG]zmqclient.py:50: Pendings+(id=24): 6->7
Pendings+(id=24): 6->7
EVENT ofp_event->Zk2212Switch EventOFPPacketIn
PKT-IN: inject, msg.reason=1
[DEBUG]zmqclient.py:50: Pendings+(id=25): 7->8
Pendings+(id=25): 7->8
[DEBUG]zmqclient.py:36: Pendings-(id=22,op=accept): 8->7
Pendings-(id=22,op=accept): 8->7
[DEBUG]zmqclient.py:36: Pendings-(id=23,op=drop): 7->6
Pendings-(id=23,op=drop): 7->6
[DEBUG]zmqclient.py:36: Pendings-(id=24,op=drop): 6->5
Pendings-(id=24,op=drop): 6->5
[DEBUG]zmqclient.py:36: Pendings-(id=25,op=drop): 5->4
Pendings-(id=25,op=drop): 5->4
[DEBUG]zmqclient.py:36: Pendings-(id=21,op=accept): 4->3
Pendings-(id=21,op=accept): 4->3
EVENT ofp_event->Zk2212Switch EventOFPPacketIn
PKT-IN: inject, msg.reason=1
[DEBUG]zmqclient.py:50: Pendings+(id=26): 3->4
Pendings+(id=26): 3->4
[DEBUG]zmqclient.py:36: Pendings-(id=26,op=drop): 4->3
Pendings-(id=26,op=drop): 4->3
EVENT ofp_event->Zk2212Switch EventOFPPacketIn
EVENT ofp_event->Zk2212Switch EventOFPPacketIn
PKT-IN: NOT inject, msg.reason=0
packet in 235942576840259 86:1b:36:f4:76:9b 33:33:00:00:00:02 144
PKT-IN: NOT inject, msg.reason=0
packet in 235942576840259 86:1b:36:f4:76:9b 33:33:00:00:00:16 144
EVENT ofp_event->Zk2212Switch EventOFPPacketIn
EVENT ofp_event->Zk2212Switch EventOFPPacketIn
EVENT ofp_event->Zk2212Switch EventOFPPacketIn
EVENT ofp_event->Zk2212Switch EventOFPPacketIn
EVENT ofp_event->Zk2212Switch EventOFPPacketIn
[DEBUG]zmqclient.py:36: Pendings-(id=16,op=accept): 3->2
Pendings-(id=16,op=accept): 3->2
PKT-IN: inject, msg.reason=1
[DEBUG]zmqclient.py:50: Pendings+(id=27): 2->3
Pendings+(id=27): 2->3
PKT-IN: inject, msg.reason=1
[DEBUG]zmqclient.py:50: Pendings+(id=28): 3->4
Pendings+(id=28): 3->4
PKT-IN: inject, msg.reason=1
[DEBUG]zmqclient.py:50: Pendings+(id=29): 4->5
Pendings+(id=29): 4->5
PKT-IN: inject, msg.reason=1
[DEBUG]zmqclient.py:50: Pendings+(id=30): 5->6
Pendings+(id=30): 5->6
PKT-IN: inject, msg.reason=1
[DEBUG]zmqclient.py:50: Pendings+(id=31): 6->7
Pendings+(id=31): 6->7
EVENT ofp_event->Zk2212Switch EventOFPPacketIn
PKT-IN: inject, msg.reason=1
[DEBUG]zmqclient.py:50: Pendings+(id=32): 7->8
Pendings+(id=32): 7->8
[DEBUG]zmqclient.py:36: Pendings-(id=27,op=accept): 8->7
Pendings-(id=27,op=accept): 8->7
EVENT ofp_event->Zk2212Switch EventOFPPacketIn
PKT-IN: inject, msg.reason=1
[DEBUG]zmqclient.py:50: Pendings+(id=33): 7->8
Pendings+(id=33): 7->8
[DEBUG]zmqclient.py:36: Pendings-(id=28,op=accept): 8->7
Pendings-(id=28,op=accept): 8->7
EVENT ofp_event->Zk2212Switch EventOFPPacketIn
PKT-IN: inject, msg.reason=1
[DEBUG]zmqclient.py:50: Pendings+(id=34): 7->8
Pendings+(id=34): 7->8
[DEBUG]zmqclient.py:36: Pendings-(id=29,op=accept): 8->7
Pendings-(id=29,op=accept): 8->7
[DEBUG]zmqclient.py:36: Pendings-(id=30,op=accept): 7->6
Pendings-(id=30,op=accept): 7->6
EVENT ofp_event->Zk2212Switch EventOFPPacketIn
PKT-IN: inject, msg.reason=1
[DEBUG]zmqclient.py:50: Pendings+(id=35): 6->7
Pendings+(id=35): 6->7
EVENT ofp_event->Zk2212Switch EventOFPPacketIn
PKT-IN: inject, msg.reason=1
[DEBUG]zmqclient.py:50: Pendings+(id=36): 7->8
Pendings+(id=36): 7->8
[DEBUG]zmqclient.py:36: Pendings-(id=32,op=accept): 8->7
Pendings-(id=32,op=accept): 8->7
[DEBUG]zmqclient.py:36: Pendings-(id=33,op=drop): 7->6
Pendings-(id=33,op=drop): 7->6
[DEBUG]zmqclient.py:36: Pendings-(id=34,op=drop): 6->5
Pendings-(id=34,op=drop): 6->5
[DEBUG]zmqclient.py:36: Pendings-(id=35,op=drop): 5->4
Pendings-(id=35,op=drop): 5->4
[DEBUG]zmqclient.py:36: Pendings-(id=36,op=drop): 4->3
Pendings-(id=36,op=drop): 4->3
EVENT ofp_event->Zk2212Switch EventOFPPacketIn
PKT-IN: inject, msg.reason=1
[DEBUG]zmqclient.py:50: Pendings+(id=37): 3->4
Pendings+(id=37): 3->4
[DEBUG]zmqclient.py:36: Pendings-(id=37,op=accept): 4->3
Pendings-(id=37,op=accept): 4->3
EVENT ofp_event->Zk2212Switch EventOFPPacketIn
PKT-IN: inject, msg.reason=1
[DEBUG]zmqclient.py:50: Pendings+(id=38): 3->4
Pendings+(id=38): 3->4
[DEBUG]zmqclient.py:36: Pendings-(id=38,op=accept): 4->3
Pendings-(id=38,op=accept): 4->3
EVENT ofp_event->Zk2212Switch EventOFPPacketIn
PKT-IN: inject, msg.reason=1
[DEBUG]zmqclient.py:50: Pendings+(id=39): 3->4
Pendings+(id=39): 3->4
[DEBUG]zmqclient.py:36: Pendings-(id=39,op=accept): 4->3
Pendings-(id=39,op=accept): 4->3
EVENT ofp_event->Zk2212Switch EventOFPPacketIn
PKT-IN: inject, msg.reason=1
[DEBUG]zmqclient.py:50: Pendings+(id=40): 3->4
Pendings+(id=40): 3->4
[DEBUG]zmqclient.py:36: Pendings-(id=40,op=accept): 4->3
Pendings-(id=40,op=accept): 4->3
EVENT ofp_event->Zk2212Switch EventOFPPacketIn
EVENT ofp_event->Zk2212Switch EventOFPPacketIn
EVENT ofp_event->Zk2212Switch EventOFPPacketIn
EVENT ofp_event->Zk2212Switch EventOFPPacketIn
EVENT ofp_event->Zk2212Switch EventOFPPacketIn
PKT-IN: inject, msg.reason=1
[DEBUG]zmqclient.py:50: Pendings+(id=41): 3->4
Pendings+(id=41): 3->4
PKT-IN: inject, msg.reason=1
[DEBUG]zmqclient.py:50: Pendings+(id=42): 4->5
Pendings+(id=42): 4->5
PKT-IN: inject, msg.reason=1
[DEBUG]zmqclient.py:50: Pendings+(id=43): 5->6
Pendings+(id=43): 5->6
PKT-IN: inject, msg.reason=1
[DEBUG]zmqclient.py:50: Pendings+(id=44): 6->7
Pendings+(id=44): 6->7
PKT-IN: inject, msg.reason=1
[DEBUG]zmqclient.py:50: Pendings+(id=45): 7->8
Pendings+(id=45): 7->8
[DEBUG]zmqclient.py:36: Pendings-(id=41,op=accept): 8->7
Pendings-(id=41,op=accept): 8->7
EVENT ofp_event->Zk2212Switch EventOFPPacketIn
PKT-IN: inject, msg.reason=1
[DEBUG]zmqclient.py:50: Pendings+(id=46): 7->8
Pendings+(id=46): 7->8
[DEBUG]zmqclient.py:36: Pendings-(id=42,op=accept): 8->7
Pendings-(id=42,op=accept): 8->7
EVENT ofp_event->Zk2212Switch EventOFPPacketIn
[DEBUG]zmqclient.py:36: Pendings-(id=43,op=accept): 7->6
Pendings-(id=43,op=accept): 7->6
PKT-IN: inject, msg.reason=1
[DEBUG]zmqclient.py:50: Pendings+(id=47): 6->7
Pendings+(id=47): 6->7
[DEBUG]zmqclient.py:36: Pendings-(id=44,op=accept): 7->6
Pendings-(id=44,op=accept): 7->6
EVENT ofp_event->Zk2212Switch EventOFPPacketIn
PKT-IN: inject, msg.reason=1
[DEBUG]zmqclient.py:50: Pendings+(id=48): 6->7
Pendings+(id=48): 6->7
EVENT ofp_event->Zk2212Switch EventOFPPacketIn
PKT-IN: inject, msg.reason=1
[DEBUG]zmqclient.py:50: Pendings+(id=49): 7->8
Pendings+(id=49): 7->8
[DEBUG]zmqclient.py:36: Pendings-(id=46,op=accept): 8->7
Pendings-(id=46,op=accept): 8->7
[DEBUG]zmqclient.py:36: Pendings-(id=47,op=accept): 7->6
Pendings-(id=47,op=accept): 7->6
[DEBUG]zmqclient.py:36: Pendings-(id=48,op=accept): 6->5
Pendings-(id=48,op=accept): 6->5
[DEBUG]zmqclient.py:36: Pendings-(id=49,op=accept): 5->4
Pendings-(id=49,op=accept): 5->4
EVENT ofp_event->Zk2212Switch EventOFPPacketIn
EVENT ofp_event->Zk2212Switch EventOFPPacketIn
EVENT ofp_event->Zk2212Switch EventOFPPacketIn
EVENT ofp_event->Zk2212Switch EventOFPPacketIn
EVENT ofp_event->Zk2212Switch EventOFPPacketIn
EVENT ofp_event->Zk2212Switch EventOFPPacketIn
EVENT ofp_event->Zk2212Switch EventOFPPacketIn
EVENT ofp_event->Zk2212Switch EventOFPPacketIn
EVENT ofp_event->Zk2212Switch EventOFPPacketIn
EVENT ofp_event->Zk2212Switch EventOFPPacketIn
PKT-IN: inject, msg.reason=1
[DEBUG]zmqclient.py:50: Pendings+(id=50): 4->5
Pendings+(id=50): 4->5
PKT-IN: inject, msg.reason=1
[DEBUG]zmqclient.py:50: Pendings+(id=51): 5->6
Pendings+(id=51): 5->6
PKT-IN: inject, msg.reason=1
[DEBUG]zmqclient.py:50: Pendings+(id=52): 6->7
Pendings+(id=52): 6->7
PKT-IN: inject, msg.reason=1
[DEBUG]zmqclient.py:50: Pendings+(id=53): 7->8
Pendings+(id=53): 7->8
PKT-IN: inject, msg.reason=1
[DEBUG]zmqclient.py:50: Pendings+(id=54): 8->9
Pendings+(id=54): 8->9
PKT-IN: inject, msg.reason=1
[DEBUG]zmqclient.py:50: Pendings+(id=55): 9->10
Pendings+(id=55): 9->10
PKT-IN: inject, msg.reason=1
[DEBUG]zmqclient.py:50: Pendings+(id=56): 10->11
Pendings+(id=56): 10->11
PKT-IN: inject, msg.reason=1
[DEBUG]zmqclient.py:50: Pendings+(id=57): 11->12
Pendings+(id=57): 11->12
PKT-IN: inject, msg.reason=1
[DEBUG]zmqclient.py:50: Pendings+(id=58): 12->13
Pendings+(id=58): 12->13
PKT-IN: inject, msg.reason=1
[DEBUG]zmqclient.py:50: Pendings+(id=59): 13->14
Pendings+(id=59): 13->14
[DEBUG]zmqclient.py:36: Pendings-(id=50,op=accept): 14->13
Pendings-(id=50,op=accept): 14->13
EVENT ofp_event->Zk2212Switch EventOFPPacketIn
PKT-IN: inject, msg.reason=1
[DEBUG]zmqclient.py:50: Pendings+(id=60): 13->14
Pendings+(id=60): 13->14
[DEBUG]zmqclient.py:36: Pendings-(id=51,op=accept): 14->13
Pendings-(id=51,op=accept): 14->13
EVENT ofp_event->Zk2212Switch EventOFPPacketIn
PKT-IN: inject, msg.reason=1
[DEBUG]zmqclient.py:50: Pendings+(id=61): 13->14
Pendings+(id=61): 13->14
[DEBUG]zmqclient.py:36: Pendings-(id=52,op=accept): 14->13
Pendings-(id=52,op=accept): 14->13
[DEBUG]zmqclient.py:36: Pendings-(id=53,op=accept): 13->12
Pendings-(id=53,op=accept): 13->12
EVENT ofp_event->Zk2212Switch EventOFPPacketIn
PKT-IN: inject, msg.reason=1
[DEBUG]zmqclient.py:50: Pendings+(id=62): 12->13
Pendings+(id=62): 12->13
EVENT ofp_event->Zk2212Switch EventOFPPacketIn
PKT-IN: inject, msg.reason=1
[DEBUG]zmqclient.py:50: Pendings+(id=63): 13->14
Pendings+(id=63): 13->14
[DEBUG]zmqclient.py:36: Pendings-(id=55,op=accept): 14->13
Pendings-(id=55,op=accept): 14->13
EVENT ofp_event->Zk2212Switch EventOFPPacketIn
PKT-IN: inject, msg.reason=1
[DEBUG]zmqclient.py:50: Pendings+(id=64): 13->14
Pendings+(id=64): 13->14
[DEBUG]zmqclient.py:36: Pendings-(id=56,op=accept): 14->13
Pendings-(id=56,op=accept): 14->13
EVENT ofp_event->Zk2212Switch EventOFPPacketIn
PKT-IN: inject, msg.reason=1
[DEBUG]zmqclient.py:50: Pendings+(id=65): 13->14
Pendings+(id=65): 13->14
[DEBUG]zmqclient.py:36: Pendings-(id=57,op=accept): 14->13
Pendings-(id=57,op=accept): 14->13
[DEBUG]zmqclient.py:36: Pendings-(id=58,op=accept): 13->12
Pendings-(id=58,op=accept): 13->12
EVENT ofp_event->Zk2212Switch EventOFPPacketIn
EVENT ofp_event->Zk2212Switch EventOFPPacketIn
PKT-IN: inject, msg.reason=1
[DEBUG]zmqclient.py:50: Pendings+(id=66): 12->13
Pendings+(id=66): 12->13
PKT-IN: inject, msg.reason=1
[DEBUG]zmqclient.py:50: Pendings+(id=67): 13->14
Pendings+(id=67): 13->14
EVENT ofp_event->Zk2212Switch EventOFPPacketIn
PKT-IN: inject, msg.reason=1
[DEBUG]zmqclient.py:50: Pendings+(id=68): 14->15
Pendings+(id=68): 14->15
[DEBUG]zmqclient.py:36: Pendings-(id=60,op=accept): 15->14
Pendings-(id=60,op=accept): 15->14
[DEBUG]zmqclient.py:36: Pendings-(id=61,op=accept): 14->13
Pendings-(id=61,op=accept): 14->13
[DEBUG]zmqclient.py:36: Pendings-(id=62,op=accept): 13->12
Pendings-(id=62,op=accept): 13->12
[DEBUG]zmqclient.py:36: Pendings-(id=63,op=accept): 12->11
Pendings-(id=63,op=accept): 12->11
[DEBUG]zmqclient.py:36: Pendings-(id=64,op=accept): 11->10
Pendings-(id=64,op=accept): 11->10
[DEBUG]zmqclient.py:36: Pendings-(id=65,op=accept): 10->9
Pendings-(id=65,op=accept): 10->9
EVENT ofp_event->Zk2212Switch EventOFPPacketIn
PKT-IN: inject, msg.reason=1
[DEBUG]zmqclient.py:50: Pendings+(id=69): 9->10
Pendings+(id=69): 9->10
[DEBUG]zmqclient.py:36: Pendings-(id=66,op=accept): 10->9
Pendings-(id=66,op=accept): 10->9
[DEBUG]zmqclient.py:36: Pendings-(id=67,op=accept): 9->8
Pendings-(id=67,op=accept): 9->8
[DEBUG]zmqclient.py:36: Pendings-(id=68,op=drop): 8->7
Pendings-(id=68,op=drop): 8->7
[DEBUG]zmqclient.py:36: Pendings-(id=69,op=drop): 7->6
Pendings-(id=69,op=drop): 7->6
[DEBUG]zmqclient.py:36: Pendings-(id=45,op=accept): 6->5
Pendings-(id=45,op=accept): 6->5
EVENT ofp_event->Zk2212Switch EventOFPPacketIn
PKT-IN: inject, msg.reason=1
[DEBUG]zmqclient.py:50: Pendings+(id=70): 5->6
Pendings+(id=70): 5->6
[DEBUG]zmqclient.py:36: Pendings-(id=70,op=accept): 6->5
Pendings-(id=70,op=accept): 6->5
EVENT ofp_event->Zk2212Switch EventOFPPacketIn
EVENT ofp_event->Zk2212Switch EventOFPPacketIn
EVENT ofp_event->Zk2212Switch EventOFPPacketIn
EVENT ofp_event->Zk2212Switch EventOFPPacketIn
EVENT ofp_event->Zk2212Switch EventOFPPacketIn
PKT-IN: inject, msg.reason=1
[DEBUG]zmqclient.py:50: Pendings+(id=71): 5->6
Pendings+(id=71): 5->6
PKT-IN: inject, msg.reason=1
[DEBUG]zmqclient.py:50: Pendings+(id=72): 6->7
Pendings+(id=72): 6->7
PKT-IN: inject, msg.reason=1
[DEBUG]zmqclient.py:50: Pendings+(id=73): 7->8
Pendings+(id=73): 7->8
PKT-IN: inject, msg.reason=1
[DEBUG]zmqclient.py:50: Pendings+(id=74): 8->9
Pendings+(id=74): 8->9
PKT-IN: inject, msg.reason=1
[DEBUG]zmqclient.py:50: Pendings+(id=75): 9->10
Pendings+(id=75): 9->10
[DEBUG]zmqclient.py:36: Pendings-(id=71,op=accept): 10->9
Pendings-(id=71,op=accept): 10->9
EVENT ofp_event->Zk2212Switch EventOFPPacketIn
PKT-IN: inject, msg.reason=1
[DEBUG]zmqclient.py:50: Pendings+(id=76): 9->10
Pendings+(id=76): 9->10
[DEBUG]zmqclient.py:36: Pendings-(id=72,op=accept): 10->9
Pendings-(id=72,op=accept): 10->9
[DEBUG]zmqclient.py:36: Pendings-(id=73,op=accept): 9->8
Pendings-(id=73,op=accept): 9->8
EVENT ofp_event->Zk2212Switch EventOFPPacketIn
PKT-IN: inject, msg.reason=1
[DEBUG]zmqclient.py:50: Pendings+(id=77): 8->9
Pendings+(id=77): 8->9
EVENT ofp_event->Zk2212Switch EventOFPPacketIn
[DEBUG]zmqclient.py:36: Pendings-(id=74,op=accept): 9->8
Pendings-(id=74,op=accept): 9->8
PKT-IN: inject, msg.reason=1
[DEBUG]zmqclient.py:50: Pendings+(id=78): 8->9
Pendings+(id=78): 8->9
EVENT ofp_event->Zk2212Switch EventOFPPacketIn
PKT-IN: inject, msg.reason=1
[DEBUG]zmqclient.py:50: Pendings+(id=79): 9->10
Pendings+(id=79): 9->10
[DEBUG]zmqclient.py:36: Pendings-(id=76,op=drop): 10->9
Pendings-(id=76,op=drop): 10->9
[DEBUG]zmqclient.py:36: Pendings-(id=77,op=drop): 9->8
Pendings-(id=77,op=drop): 9->8
[DEBUG]zmqclient.py:36: Pendings-(id=78,op=drop): 8->7
Pendings-(id=78,op=drop): 8->7
[DEBUG]zmqclient.py:36: Pendings-(id=79,op=drop): 7->6
Pendings-(id=79,op=drop): 7->6
EVENT ofp_event->Zk2212Switch EventOFPPacketIn
PKT-IN: NOT inject, msg.reason=0
packet in 235942576840259 96:ea:ff:fe:53:2a 33:33:00:00:00:02 142
[DEBUG]zmqclient.py:36: Pendings-(id=3,op=accept): 6->5
Pendings-(id=3,op=accept): 6->5
EVENT ofp_event->Zk2212Switch EventOFPPacketIn
PKT-IN: inject, msg.reason=1
[DEBUG]zmqclient.py:50: Pendings+(id=80): 5->6
Pendings+(id=80): 5->6
[DEBUG]zmqclient.py:36: Pendings-(id=80,op=accept): 6->5
Pendings-(id=80,op=accept): 6->5
EVENT ofp_event->Zk2212Switch EventOFPPacketIn
PKT-IN: inject, msg.reason=1
[DEBUG]zmqclient.py:50: Pendings+(id=81): 5->6
Pendings+(id=81): 5->6
[DEBUG]zmqclient.py:36: Pendings-(id=81,op=accept): 6->5
Pendings-(id=81,op=accept): 6->5
EVENT ofp_event->Zk2212Switch EventOFPPacketIn
PKT-IN: inject, msg.reason=1
[DEBUG]zmqclient.py:50: Pendings+(id=82): 5->6
Pendings+(id=82): 5->6
EVENT ofp_event->Zk2212Switch EventOFPPacketIn
EVENT ofp_event->Zk2212Switch EventOFPPacketIn
EVENT ofp_event->Zk2212Switch EventOFPPacketIn
EVENT ofp_event->Zk2212Switch EventOFPPacketIn
EVENT ofp_event->Zk2212Switch EventOFPPacketIn
PKT-IN: inject, msg.reason=1
[DEBUG]zmqclient.py:50: Pendings+(id=83): 6->7
Pendings+(id=83): 6->7
PKT-IN: inject, msg.reason=1
[DEBUG]zmqclient.py:50: Pendings+(id=84): 7->8
Pendings+(id=84): 7->8
PKT-IN: inject, msg.reason=1
[DEBUG]zmqclient.py:50: Pendings+(id=85): 8->9
Pendings+(id=85): 8->9
PKT-IN: inject, msg.reason=1
[DEBUG]zmqclient.py:50: Pendings+(id=86): 9->10
Pendings+(id=86): 9->10
PKT-IN: inject, msg.reason=1
[DEBUG]zmqclient.py:50: Pendings+(id=87): 10->11
Pendings+(id=87): 10->11
[DEBUG]zmqclient.py:36: Pendings-(id=82,op=accept): 11->10
Pendings-(id=82,op=accept): 11->10
[DEBUG]zmqclient.py:36: Pendings-(id=83,op=accept): 10->9
Pendings-(id=83,op=accept): 10->9
EVENT ofp_event->Zk2212Switch EventOFPPacketIn
PKT-IN: inject, msg.reason=1
[DEBUG]zmqclient.py:50: Pendings+(id=88): 9->10
Pendings+(id=88): 9->10
[DEBUG]zmqclient.py:36: Pendings-(id=84,op=accept): 10->9
Pendings-(id=84,op=accept): 10->9
EVENT ofp_event->Zk2212Switch EventOFPPacketIn
PKT-IN: inject, msg.reason=1
[DEBUG]zmqclient.py:50: Pendings+(id=89): 9->10
Pendings+(id=89): 9->10
[DEBUG]zmqclient.py:36: Pendings-(id=85,op=accept): 10->9
Pendings-(id=85,op=accept): 10->9
EVENT ofp_event->Zk2212Switch EventOFPPacketIn
[DEBUG]zmqclient.py:36: Pendings-(id=86,op=accept): 9->8
Pendings-(id=86,op=accept): 9->8
PKT-IN: inject, msg.reason=1
[DEBUG]zmqclient.py:50: Pendings+(id=90): 8->9
Pendings+(id=90): 8->9
EVENT ofp_event->Zk2212Switch EventOFPPacketIn
PKT-IN: inject, msg.reason=1
[DEBUG]zmqclient.py:50: Pendings+(id=91): 9->10
Pendings+(id=91): 9->10
[DEBUG]zmqclient.py:36: Pendings-(id=88,op=accept): 10->9
Pendings-(id=88,op=accept): 10->9
[DEBUG]zmqclient.py:36: Pendings-(id=89,op=drop): 9->8
Pendings-(id=89,op=drop): 9->8
[DEBUG]zmqclient.py:36: Pendings-(id=90,op=drop): 8->7
Pendings-(id=90,op=drop): 8->7
[DEBUG]zmqclient.py:36: Pendings-(id=91,op=drop): 7->6
Pendings-(id=91,op=drop): 7->6
EVENT ofp_event->Zk2212Switch EventOFPPacketIn
PKT-IN: NOT inject, msg.reason=0
packet in 235942576840259 86:1b:36:f4:76:9b 33:33:00:00:00:16 144
EVENT ofp_event->Zk2212Switch EventOFPPacketIn
PKT-IN: inject, msg.reason=1
[DEBUG]zmqclient.py:50: Pendings+(id=92): 6->7
Pendings+(id=92): 6->7
[DEBUG]zmqclient.py:36: Pendings-(id=92,op=accept): 7->6
Pendings-(id=92,op=accept): 7->6
EVENT ofp_event->Zk2212Switch EventOFPPacketIn
PKT-IN: inject, msg.reason=1
[DEBUG]zmqclient.py:50: Pendings+(id=93): 6->7
Pendings+(id=93): 6->7
[DEBUG]zmqclient.py:36: Pendings-(id=93,op=accept): 7->6
Pendings-(id=93,op=accept): 7->6
EVENT ofp_event->Zk2212Switch EventOFPPacketIn
PKT-IN: inject, msg.reason=1
[DEBUG]zmqclient.py:50: Pendings+(id=94): 6->7
Pendings+(id=94): 6->7
[DEBUG]zmqclient.py:36: Pendings-(id=94,op=accept): 7->6
Pendings-(id=94,op=accept): 7->6
EVENT ofp_event->Zk2212Switch EventOFPPacketIn
PKT-IN: inject, msg.reason=1
[DEBUG]zmqclient.py:50: Pendings+(id=95): 6->7
Pendings+(id=95): 6->7
[DEBUG]zmqclient.py:36: Pendings-(id=95,op=accept): 7->6
Pendings-(id=95,op=accept): 7->6
EVENT ofp_event->Zk2212Switch EventOFPPacketIn
PKT-IN: inject, msg.reason=1
[DEBUG]zmqclient.py:50: Pendings+(id=96): 6->7
Pendings+(id=96): 6->7
[DEBUG]zmqclient.py:36: Pendings-(id=96,op=accept): 7->6
Pendings-(id=96,op=accept): 7->6
EVENT ofp_event->Zk2212Switch EventOFPPacketIn
PKT-IN: inject, msg.reason=1
[DEBUG]zmqclient.py:50: Pendings+(id=97): 6->7
Pendings+(id=97): 6->7
[DEBUG]zmqclient.py:36: Pendings-(id=75,op=accept): 7->6
Pendings-(id=75,op=accept): 7->6
EVENT ofp_event->Zk2212Switch EventOFPPacketIn
PKT-IN: inject, msg.reason=1
[DEBUG]zmqclient.py:50: Pendings+(id=98): 6->7
Pendings+(id=98): 6->7
[DEBUG]zmqclient.py:36: Pendings-(id=98,op=drop): 7->6
Pendings-(id=98,op=drop): 7->6
EVENT ofp_event->Zk2212Switch EventOFPPacketIn
PKT-IN: inject, msg.reason=1
[DEBUG]zmqclient.py:50: Pendings+(id=99): 6->7
Pendings+(id=99): 6->7
[DEBUG]zmqclient.py:36: Pendings-(id=99,op=accept): 7->6
Pendings-(id=99,op=accept): 7->6
EVENT ofp_event->Zk2212Switch EventOFPPacketIn
PKT-IN: inject, msg.reason=1
[DEBUG]zmqclient.py:50: Pendings+(id=100): 6->7
Pendings+(id=100): 6->7
[DEBUG]zmqclient.py:36: Pendings-(id=100,op=accept): 7->6
Pendings-(id=100,op=accept): 7->6
[DEBUG]zmqclient.py:36: Pendings-(id=8,op=accept): 6->5
Pendings-(id=8,op=accept): 6->5
EVENT ofp_event->Zk2212Switch EventOFPPacketIn
PKT-IN: inject, msg.reason=1
[DEBUG]zmqclient.py:50: Pendings+(id=101): 5->6
Pendings+(id=101): 5->6
[DEBUG]zmqclient.py:36: Pendings-(id=101,op=accept): 6->5
Pendings-(id=101,op=accept): 6->5
EVENT ofp_event->Zk2212Switch EventOFPPacketIn
PKT-IN: inject, msg.reason=1
[DEBUG]zmqclient.py:50: Pendings+(id=102): 5->6
Pendings+(id=102): 5->6
[DEBUG]zmqclient.py:36: Pendings-(id=102,op=accept): 6->5
Pendings-(id=102,op=accept): 6->5
EVENT ofp_event->Zk2212Switch EventOFPPacketIn
PKT-IN: inject, msg.reason=1
[DEBUG]zmqclient.py:50: Pendings+(id=103): 5->6
Pendings+(id=103): 5->6
[DEBUG]zmqclient.py:36: Pendings-(id=103,op=accept): 6->5
Pendings-(id=103,op=accept): 6->5
EVENT ofp_event->Zk2212Switch EventOFPPacketIn
PKT-IN: inject, msg.reason=1
[DEBUG]zmqclient.py:50: Pendings+(id=104): 5->6
Pendings+(id=104): 5->6
[DEBUG]zmqclient.py:36: Pendings-(id=104,op=accept): 6->5
Pendings-(id=104,op=accept): 6->5
EVENT ofp_event->Zk2212Switch EventOFPPacketIn
PKT-IN: inject, msg.reason=1
[DEBUG]zmqclient.py:50: Pendings+(id=105): 5->6
Pendings+(id=105): 5->6
[DEBUG]zmqclient.py:36: Pendings-(id=105,op=accept): 6->5
Pendings-(id=105,op=accept): 6->5
EVENT ofp_event->Zk2212Switch EventOFPPacketIn
PKT-IN: inject, msg.reason=1
[DEBUG]zmqclient.py:50: Pendings+(id=106): 5->6
Pendings+(id=106): 5->6
[DEBUG]zmqclient.py:36: Pendings-(id=106,op=accept): 6->5
Pendings-(id=106,op=accept): 6->5
EVENT ofp_event->Zk2212Switch EventOFPPacketIn
PKT-IN: inject, msg.reason=1
[DEBUG]zmqclient.py:50: Pendings+(id=107): 5->6
Pendings+(id=107): 5->6
[DEBUG]zmqclient.py:36: Pendings-(id=107,op=accept): 6->5
Pendings-(id=107,op=accept): 6->5
EVENT ofp_event->Zk2212Switch EventOFPPacketIn
PKT-IN: inject, msg.reason=1
[DEBUG]zmqclient.py:50: Pendings+(id=108): 5->6
Pendings+(id=108): 5->6
EVENT ofp_event->Zk2212Switch EventOFPPacketIn
PKT-IN: inject, msg.reason=1
[DEBUG]zmqclient.py:50: Pendings+(id=109): 6->7
Pendings+(id=109): 6->7
[DEBUG]zmqclient.py:36: Pendings-(id=109,op=accept): 7->6
Pendings-(id=109,op=accept): 7->6
EVENT ofp_event->Zk2212Switch EventOFPPacketIn
PKT-IN: inject, msg.reason=1
[DEBUG]zmqclient.py:50: Pendings+(id=110): 6->7
Pendings+(id=110): 6->7
[DEBUG]zmqclient.py:36: Pendings-(id=110,op=accept): 7->6
Pendings-(id=110,op=accept): 7->6
[DEBUG]zmqclient.py:36: Pendings-(id=97,op=accept): 6->5
Pendings-(id=97,op=accept): 6->5
EVENT ofp_event->Zk2212Switch EventOFPPacketIn
PKT-IN: inject, msg.reason=1
[DEBUG]zmqclient.py:50: Pendings+(id=111): 5->6
Pendings+(id=111): 5->6
EVENT ofp_event->Zk2212Switch EventOFPPacketIn
PKT-IN: inject, msg.reason=1
[DEBUG]zmqclient.py:50: Pendings+(id=112): 6->7
Pendings+(id=112): 6->7
[DEBUG]zmqclient.py:36: Pendings-(id=111,op=accept): 7->6
Pendings-(id=111,op=accept): 7->6
EVENT ofp_event->Zk2212Switch EventOFPPacketIn
PKT-IN: inject, msg.reason=1
[DEBUG]zmqclient.py:50: Pendings+(id=113): 6->7
Pendings+(id=113): 6->7
[DEBUG]zmqclient.py:36: Pendings-(id=113,op=accept): 7->6
Pendings-(id=113,op=accept): 7->6
EVENT ofp_event->Zk2212Switch EventOFPPacketIn
PKT-IN: inject, msg.reason=1
[DEBUG]zmqclient.py:50: Pendings+(id=114): 6->7
Pendings+(id=114): 6->7
[DEBUG]zmqclient.py:36: Pendings-(id=114,op=accept): 7->6
Pendings-(id=114,op=accept): 7->6
EVENT ofp_event->Zk2212Switch EventOFPPacketIn
PKT-IN: inject, msg.reason=1
[DEBUG]zmqclient.py:50: Pendings+(id=115): 6->7
Pendings+(id=115): 6->7
[DEBUG]zmqclient.py:36: Pendings-(id=115,op=accept): 7->6
Pendings-(id=115,op=accept): 7->6
[DEBUG]zmqclient.py:36: Pendings-(id=31,op=accept): 6->5
Pendings-(id=31,op=accept): 6->5
EVENT ofp_event->Zk2212Switch EventOFPPacketIn
PKT-IN: inject, msg.reason=1
[DEBUG]zmqclient.py:50: Pendings+(id=116): 5->6
Pendings+(id=116): 5->6
[DEBUG]zmqclient.py:36: Pendings-(id=116,op=accept): 6->5
Pendings-(id=116,op=accept): 6->5
EVENT ofp_event->Zk2212Switch EventOFPPacketIn
PKT-IN: inject, msg.reason=1
[DEBUG]zmqclient.py:50: Pendings+(id=117): 5->6
Pendings+(id=117): 5->6
[DEBUG]zmqclient.py:36: Pendings-(id=117,op=drop): 6->5
Pendings-(id=117,op=drop): 6->5
[DEBUG]zmqclient.py:36: Pendings-(id=54,op=accept): 5->4
Pendings-(id=54,op=accept): 5->4
EVENT ofp_event->Zk2212Switch EventOFPPacketIn
PKT-IN: inject, msg.reason=1
[DEBUG]zmqclient.py:50: Pendings+(id=118): 4->5
Pendings+(id=118): 4->5
[DEBUG]zmqclient.py:36: Pendings-(id=118,op=drop): 5->4
Pendings-(id=118,op=drop): 5->4
EVENT ofp_event->Zk2212Switch EventOFPPacketIn
PKT-IN: inject, msg.reason=1
[DEBUG]zmqclient.py:50: Pendings+(id=119): 4->5
Pendings+(id=119): 4->5
[DEBUG]zmqclient.py:36: Pendings-(id=119,op=drop): 5->4
Pendings-(id=119,op=drop): 5->4
[DEBUG]zmqclient.py:36: Pendings-(id=87,op=accept): 4->3
Pendings-(id=87,op=accept): 4->3
EVENT ofp_event->Zk2212Switch EventOFPPacketIn
PKT-IN: inject, msg.reason=1
[DEBUG]zmqclient.py:50: Pendings+(id=120): 3->4
Pendings+(id=120): 3->4
[DEBUG]zmqclient.py:36: Pendings-(id=120,op=drop): 4->3
Pendings-(id=120,op=drop): 4->3
[DEBUG]zmqclient.py:36: Pendings-(id=59,op=accept): 3->2
Pendings-(id=59,op=accept): 3->2
EVENT ofp_event->Zk2212Switch EventOFPPacketIn
PKT-IN: inject, msg.reason=1
[DEBUG]zmqclient.py:50: Pendings+(id=121): 2->3
Pendings+(id=121): 2->3
[DEBUG]zmqclient.py:36: Pendings-(id=121,op=drop): 3->2
Pendings-(id=121,op=drop): 3->2
EVENT ofp_event->Zk2212Switch EventOFPPacketIn
PKT-IN: inject, msg.reason=1
[DEBUG]zmqclient.py:50: Pendings+(id=122): 2->3
Pendings+(id=122): 2->3
[DEBUG]zmqclient.py:36: Pendings-(id=122,op=drop): 3->2
Pendings-(id=122,op=drop): 3->2
[DEBUG]zmqclient.py:36: Pendings-(id=112,op=accept): 2->1
Pendings-(id=112,op=accept): 2->1
EVENT ofp_event->Zk2212Switch EventOFPPacketIn
PKT-IN: inject, msg.reason=1
[DEBUG]zmqclient.py:50: Pendings+(id=123): 1->2
Pendings+(id=123): 1->2
[DEBUG]zmqclient.py:36: Pendings-(id=123,op=accept): 2->1
Pendings-(id=123,op=accept): 2->1
EVENT ofp_event->Zk2212Switch EventOFPPacketIn
PKT-IN: inject, msg.reason=1
[DEBUG]zmqclient.py:50: Pendings+(id=124): 1->2
Pendings+(id=124): 1->2
EVENT ofp_event->Zk2212Switch EventOFPPacketIn
PKT-IN: inject, msg.reason=1
[DEBUG]zmqclient.py:50: Pendings+(id=125): 2->3
Pendings+(id=125): 2->3
[DEBUG]zmqclient.py:36: Pendings-(id=125,op=drop): 3->2
Pendings-(id=125,op=drop): 3->2
[DEBUG]zmqclient.py:36: Pendings-(id=124,op=accept): 2->1
Pendings-(id=124,op=accept): 2->1
EVENT ofp_event->Zk2212Switch EventOFPPacketIn
EVENT ofp_event->Zk2212Switch EventOFPPacketIn
PKT-IN: inject, msg.reason=1
[DEBUG]zmqclient.py:50: Pendings+(id=126): 1->2
Pendings+(id=126): 1->2
PKT-IN: inject, msg.reason=1
[DEBUG]zmqclient.py:50: Pendings+(id=127): 2->3
Pendings+(id=127): 2->3
EVENT ofp_event->Zk2212Switch EventOFPPacketIn
PKT-IN: inject, msg.reason=1
[DEBUG]zmqclient.py:50: Pendings+(id=128): 3->4
Pendings+(id=128): 3->4
[DEBUG]zmqclient.py:36: Pendings-(id=127,op=accept): 4->3
Pendings-(id=127,op=accept): 4->3
EVENT ofp_event->Zk2212Switch EventOFPPacketIn
PKT-IN: inject, msg.reason=1
[DEBUG]zmqclient.py:50: Pendings+(id=129): 3->4
Pendings+(id=129): 3->4
[DEBUG]zmqclient.py:36: Pendings-(id=129,op=accept): 4->3
Pendings-(id=129,op=accept): 4->3
EVENT ofp_event->Zk2212Switch EventOFPPacketIn
PKT-IN: inject, msg.reason=1
[DEBUG]zmqclient.py:50: Pendings+(id=130): 3->4
Pendings+(id=130): 3->4
[DEBUG]zmqclient.py:36: Pendings-(id=130,op=accept): 4->3
Pendings-(id=130,op=accept): 4->3
EVENT ofp_event->Zk2212Switch EventOFPPacketIn
PKT-IN: inject, msg.reason=1
[DEBUG]zmqclient.py:50: Pendings+(id=131): 3->4
Pendings+(id=131): 3->4
[DEBUG]zmqclient.py:36: Pendings-(id=131,op=accept): 4->3
Pendings-(id=131,op=accept): 4->3
EVENT ofp_event->Zk2212Switch EventOFPPacketIn
PKT-IN: inject, msg.reason=1
[DEBUG]zmqclient.py:50: Pendings+(id=132): 3->4
Pendings+(id=132): 3->4
[DEBUG]zmqclient.py:36: Pendings-(id=132,op=accept): 4->3
Pendings-(id=132,op=accept): 4->3
EVENT ofp_event->Zk2212Switch EventOFPPacketIn
PKT-IN: inject, msg.reason=1
[DEBUG]zmqclient.py:50: Pendings+(id=133): 3->4
Pendings+(id=133): 3->4
[DEBUG]zmqclient.py:36: Pendings-(id=133,op=drop): 4->3
Pendings-(id=133,op=drop): 4->3
[DEBUG]zmqclient.py:36: Pendings-(id=128,op=accept): 3->2
Pendings-(id=128,op=accept): 3->2
EVENT ofp_event->Zk2212Switch EventOFPPacketIn
PKT-IN: inject, msg.reason=1
[DEBUG]zmqclient.py:50: Pendings+(id=134): 2->3
Pendings+(id=134): 2->3
[DEBUG]zmqclient.py:36: Pendings-(id=134,op=drop): 3->2
Pendings-(id=134,op=drop): 3->2
[DEBUG]zmqclient.py:36: Pendings-(id=126,op=accept): 2->1
Pendings-(id=126,op=accept): 2->1
EVENT ofp_event->Zk2212Switch EventOFPPacketIn
PKT-IN: inject, msg.reason=1
[DEBUG]zmqclient.py:50: Pendings+(id=135): 1->2
Pendings+(id=135): 1->2
[DEBUG]zmqclient.py:36: Pendings-(id=135,op=drop): 2->1
Pendings-(id=135,op=drop): 2->1
[DEBUG]zmqclient.py:36: Pendings-(id=108,op=accept): 1->0
Pendings-(id=108,op=accept): 1->0
EVENT ofp_event->Zk2212Switch EventOFPPacketIn
PKT-IN: inject, msg.reason=1
[DEBUG]zmqclient.py:50: Pendings+(id=136): 0->1
Pendings+(id=136): 0->1
EVENT ofp_event->Zk2212Switch EventOFPPacketIn
PKT-IN: inject, msg.reason=1
[DEBUG]zmqclient.py:50: Pendings+(id=137): 1->2
Pendings+(id=137): 1->2
[DEBUG]zmqclient.py:36: Pendings-(id=136,op=accept): 2->1
Pendings-(id=136,op=accept): 2->1
[DEBUG]zmqclient.py:36: Pendings-(id=137,op=accept): 1->0
Pendings-(id=137,op=accept): 1->0
EVENT ofp_event->Zk2212Switch EventOFPPacketIn
PKT-IN: inject, msg.reason=1
[DEBUG]zmqclient.py:50: Pendings+(id=138): 0->1
Pendings+(id=138): 0->1
[DEBUG]zmqclient.py:36: Pendings-(id=138,op=accept): 1->0
Pendings-(id=138,op=accept): 1->0
EVENT ofp_event->Zk2212Switch EventOFPPacketIn
PKT-IN: inject, msg.reason=1
[DEBUG]zmqclient.py:50: Pendings+(id=139): 0->1
Pendings+(id=139): 0->1
[DEBUG]zmqclient.py:36: Pendings-(id=139,op=accept): 1->0
Pendings-(id=139,op=accept): 1->0
EVENT ofp_event->Zk2212Switch EventOFPPacketIn
PKT-IN: inject, msg.reason=1
[DEBUG]zmqclient.py:50: Pendings+(id=140): 0->1
Pendings+(id=140): 0->1
EVENT ofp_event->Zk2212Switch EventOFPPacketIn
EVENT ofp_event->Zk2212Switch EventOFPPacketIn
PKT-IN: inject, msg.reason=1
[DEBUG]zmqclient.py:50: Pendings+(id=141): 1->2
Pendings+(id=141): 1->2
PKT-IN: inject, msg.reason=1
[DEBUG]zmqclient.py:50: Pendings+(id=142): 2->3
Pendings+(id=142): 2->3
[DEBUG]zmqclient.py:36: Pendings-(id=141,op=accept): 3->2
Pendings-(id=141,op=accept): 3->2
EVENT ofp_event->Zk2212Switch EventOFPPacketIn
PKT-IN: inject, msg.reason=1
[DEBUG]zmqclient.py:50: Pendings+(id=143): 2->3
Pendings+(id=143): 2->3
[DEBUG]zmqclient.py:36: Pendings-(id=143,op=accept): 3->2
Pendings-(id=143,op=accept): 3->2
EVENT ofp_event->Zk2212Switch EventOFPPacketIn
PKT-IN: inject, msg.reason=1
[DEBUG]zmqclient.py:50: Pendings+(id=144): 2->3
Pendings+(id=144): 2->3
[DEBUG]zmqclient.py:36: Pendings-(id=144,op=accept): 3->2
Pendings-(id=144,op=accept): 3->2
EVENT ofp_event->Zk2212Switch EventOFPPacketIn
PKT-IN: inject, msg.reason=1
[DEBUG]zmqclient.py:50: Pendings+(id=145): 2->3
Pendings+(id=145): 2->3
[DEBUG]zmqclient.py:36: Pendings-(id=145,op=accept): 3->2
Pendings-(id=145,op=accept): 3->2
EVENT ofp_event->Zk2212Switch EventOFPPacketIn
PKT-IN: inject, msg.reason=1
[DEBUG]zmqclient.py:50: Pendings+(id=146): 2->3
Pendings+(id=146): 2->3
[DEBUG]zmqclient.py:36: Pendings-(id=146,op=accept): 3->2
Pendings-(id=146,op=accept): 3->2
EVENT ofp_event->Zk2212Switch EventOFPPacketIn
PKT-IN: inject, msg.reason=1
[DEBUG]zmqclient.py:50: Pendings+(id=147): 2->3
Pendings+(id=147): 2->3
[DEBUG]zmqclient.py:36: Pendings-(id=147,op=accept): 3->2
Pendings-(id=147,op=accept): 3->2
[DEBUG]zmqclient.py:36: Pendings-(id=140,op=accept): 2->1
Pendings-(id=140,op=accept): 2->1
EVENT ofp_event->Zk2212Switch EventOFPPacketIn
PKT-IN: inject, msg.reason=1
[DEBUG]zmqclient.py:50: Pendings+(id=148): 1->2
Pendings+(id=148): 1->2
[DEBUG]zmqclient.py:36: Pendings-(id=148,op=drop): 2->1
Pendings-(id=148,op=drop): 2->1
EVENT ofp_event->Zk2212Switch EventOFPPacketIn
PKT-IN: inject, msg.reason=1
[DEBUG]zmqclient.py:50: Pendings+(id=149): 1->2
Pendings+(id=149): 1->2
EVENT ofp_event->Zk2212Switch EventOFPPacketIn
PKT-IN: NOT inject, msg.reason=0
packet in 235942576840259 7a:61:8a:3f:8f:26 33:33:00:00:00:02 143
[DEBUG]zmqclient.py:36: Pendings-(id=149,op=accept): 2->1
Pendings-(id=149,op=accept): 2->1
EVENT ofp_event->Zk2212Switch EventOFPPacketIn
PKT-IN: inject, msg.reason=1
[DEBUG]zmqclient.py:50: Pendings+(id=150): 1->2
Pendings+(id=150): 1->2
EVENT ofp_event->Zk2212Switch EventOFPPacketIn
PKT-IN: inject, msg.reason=1
[DEBUG]zmqclient.py:50: Pendings+(id=151): 2->3
Pendings+(id=151): 2->3
[DEBUG]zmqclient.py:36: Pendings-(id=151,op=accept): 3->2
Pendings-(id=151,op=accept): 3->2
EVENT ofp_event->Zk2212Switch EventOFPPacketIn
PKT-IN: inject, msg.reason=1
[DEBUG]zmqclient.py:50: Pendings+(id=152): 2->3
Pendings+(id=152): 2->3
[DEBUG]zmqclient.py:36: Pendings-(id=152,op=accept): 3->2
Pendings-(id=152,op=accept): 3->2
EVENT ofp_event->Zk2212Switch EventOFPPacketIn
PKT-IN: inject, msg.reason=1
[DEBUG]zmqclient.py:50: Pendings+(id=153): 2->3
Pendings+(id=153): 2->3
[DEBUG]zmqclient.py:36: Pendings-(id=153,op=accept): 3->2
Pendings-(id=153,op=accept): 3->2
EVENT ofp_event->Zk2212Switch EventOFPPacketIn
PKT-IN: inject, msg.reason=1
[DEBUG]zmqclient.py:50: Pendings+(id=154): 2->3
Pendings+(id=154): 2->3
EVENT ofp_event->Zk2212Switch EventOFPPacketIn
PKT-IN: inject, msg.reason=1
[DEBUG]zmqclient.py:50: Pendings+(id=155): 3->4
Pendings+(id=155): 3->4
[DEBUG]zmqclient.py:36: Pendings-(id=155,op=drop): 4->3
Pendings-(id=155,op=drop): 4->3
[DEBUG]zmqclient.py:36: Pendings-(id=154,op=accept): 3->2
Pendings-(id=154,op=accept): 3->2
EVENT ofp_event->Zk2212Switch EventOFPPacketIn
PKT-IN: inject, msg.reason=1
[DEBUG]zmqclient.py:50: Pendings+(id=156): 2->3
Pendings+(id=156): 2->3
EVENT ofp_event->Zk2212Switch EventOFPPacketIn
PKT-IN: inject, msg.reason=1
[DEBUG]zmqclient.py:50: Pendings+(id=157): 3->4
Pendings+(id=157): 3->4
[DEBUG]zmqclient.py:36: Pendings-(id=157,op=drop): 4->3
Pendings-(id=157,op=drop): 4->3
[DEBUG]zmqclient.py:36: Pendings-(id=156,op=accept): 3->2
Pendings-(id=156,op=accept): 3->2
EVENT ofp_event->Zk2212Switch EventOFPPacketIn
PKT-IN: inject, msg.reason=1
[DEBUG]zmqclient.py:50: Pendings+(id=158): 2->3
Pendings+(id=158): 2->3
[DEBUG]zmqclient.py:36: Pendings-(id=158,op=accept): 3->2
Pendings-(id=158,op=accept): 3->2
EVENT ofp_event->Zk2212Switch EventOFPPacketIn
EVENT ofp_event->Zk2212Switch EventOFPPacketIn
PKT-IN: inject, msg.reason=1
[DEBUG]zmqclient.py:50: Pendings+(id=159): 2->3
Pendings+(id=159): 2->3
PKT-IN: inject, msg.reason=1
[DEBUG]zmqclient.py:50: Pendings+(id=160): 3->4
Pendings+(id=160): 3->4
[DEBUG]zmqclient.py:36: Pendings-(id=159,op=accept): 4->3
Pendings-(id=159,op=accept): 4->3
EVENT ofp_event->Zk2212Switch EventOFPPacketIn
PKT-IN: inject, msg.reason=1
[DEBUG]zmqclient.py:50: Pendings+(id=161): 3->4
Pendings+(id=161): 3->4
[DEBUG]zmqclient.py:36: Pendings-(id=160,op=accept): 4->3
Pendings-(id=160,op=accept): 4->3
EVENT ofp_event->Zk2212Switch EventOFPPacketIn
PKT-IN: inject, msg.reason=1
[DEBUG]zmqclient.py:50: Pendings+(id=162): 3->4
Pendings+(id=162): 3->4
[DEBUG]zmqclient.py:36: Pendings-(id=161,op=accept): 4->3
Pendings-(id=161,op=accept): 4->3
[DEBUG]zmqclient.py:36: Pendings-(id=162,op=accept): 3->2
Pendings-(id=162,op=accept): 3->2
EVENT ofp_event->Zk2212Switch EventOFPPacketIn
PKT-IN: inject, msg.reason=1
[DEBUG]zmqclient.py:50: Pendings+(id=163): 2->3
Pendings+(id=163): 2->3
[DEBUG]zmqclient.py:36: Pendings-(id=163,op=accept): 3->2
Pendings-(id=163,op=accept): 3->2
EVENT ofp_event->Zk2212Switch EventOFPPacketIn
PKT-IN: inject, msg.reason=1
[DEBUG]zmqclient.py:50: Pendings+(id=164): 2->3
Pendings+(id=164): 2->3
[DEBUG]zmqclient.py:36: Pendings-(id=164,op=accept): 3->2
Pendings-(id=164,op=accept): 3->2
EVENT ofp_event->Zk2212Switch EventOFPPacketIn
PKT-IN: inject, msg.reason=1
[DEBUG]zmqclient.py:50: Pendings+(id=165): 2->3
Pendings+(id=165): 2->3
EVENT ofp_event->Zk2212Switch EventOFPPacketIn
PKT-IN: inject, msg.reason=1
[DEBUG]zmqclient.py:50: Pendings+(id=166): 3->4
Pendings+(id=166): 3->4
[DEBUG]zmqclient.py:36: Pendings-(id=165,op=accept): 4->3
Pendings-(id=165,op=accept): 4->3
EVENT ofp_event->Zk2212Switch EventOFPPacketIn
PKT-IN: inject, msg.reason=1
[DEBUG]zmqclient.py:50: Pendings+(id=167): 3->4
Pendings+(id=167): 3->4
[DEBUG]zmqclient.py:36: Pendings-(id=167,op=accept): 4->3
Pendings-(id=167,op=accept): 4->3
EVENT ofp_event->Zk2212Switch EventOFPPacketIn
PKT-IN: inject, msg.reason=1
[DEBUG]zmqclient.py:50: Pendings+(id=168): 3->4
Pendings+(id=168): 3->4
[DEBUG]zmqclient.py:36: Pendings-(id=168,op=accept): 4->3
Pendings-(id=168,op=accept): 4->3
[DEBUG]zmqclient.py:36: Pendings-(id=142,op=accept): 3->2
Pendings-(id=142,op=accept): 3->2
EVENT ofp_event->Zk2212Switch EventOFPPacketIn
PKT-IN: inject, msg.reason=1
[DEBUG]zmqclient.py:50: Pendings+(id=169): 2->3
Pendings+(id=169): 2->3
[DEBUG]zmqclient.py:36: Pendings-(id=169,op=accept): 3->2
Pendings-(id=169,op=accept): 3->2
EVENT ofp_event->Zk2212Switch EventOFPPacketIn
PKT-IN: inject, msg.reason=1
[DEBUG]zmqclient.py:50: Pendings+(id=170): 2->3
Pendings+(id=170): 2->3
[DEBUG]zmqclient.py:36: Pendings-(id=170,op=accept): 3->2
Pendings-(id=170,op=accept): 3->2
EVENT ofp_event->Zk2212Switch EventOFPPacketIn
PKT-IN: inject, msg.reason=1
[DEBUG]zmqclient.py:50: Pendings+(id=171): 2->3
Pendings+(id=171): 2->3
[DEBUG]zmqclient.py:36: Pendings-(id=171,op=accept): 3->2
Pendings-(id=171,op=accept): 3->2
[DEBUG]zmqclient.py:36: Pendings-(id=150,op=accept): 2->1
Pendings-(id=150,op=accept): 2->1
EVENT ofp_event->Zk2212Switch EventOFPPacketIn
PKT-IN: inject, msg.reason=1
[DEBUG]zmqclient.py:50: Pendings+(id=172): 1->2
Pendings+(id=172): 1->2
[DEBUG]zmqclient.py:36: Pendings-(id=172,op=accept): 2->1
Pendings-(id=172,op=accept): 2->1
[DEBUG]zmqclient.py:36: Pendings-(id=166,op=accept): 1->0
Pendings-(id=166,op=accept): 1->0
EVENT ofp_event->Zk2212Switch EventOFPPacketIn
PKT-IN: inject, msg.reason=1
[DEBUG]zmqclient.py:50: Pendings+(id=173): 0->1
Pendings+(id=173): 0->1
[DEBUG]zmqclient.py:36: Pendings-(id=173,op=drop): 1->0
Pendings-(id=173,op=drop): 1->0
EVENT ofp_event->Zk2212Switch EventOFPPacketIn
EVENT ofp_event->Zk2212Switch EventOFPPacketIn
PKT-IN: inject, msg.reason=1
[DEBUG]zmqclient.py:50: Pendings+(id=174): 0->1
Pendings+(id=174): 0->1
PKT-IN: inject, msg.reason=1
[DEBUG]zmqclient.py:50: Pendings+(id=175): 1->2
Pendings+(id=175): 1->2
[DEBUG]zmqclient.py:36: Pendings-(id=174,op=accept): 2->1
Pendings-(id=174,op=accept): 2->1
EVENT ofp_event->Zk2212Switch EventOFPPacketIn
EVENT ofp_event->Zk2212Switch EventOFPPacketIn
PKT-IN: inject, msg.reason=1
[DEBUG]zmqclient.py:50: Pendings+(id=176): 1->2
Pendings+(id=176): 1->2
PKT-IN: inject, msg.reason=1
[DEBUG]zmqclient.py:50: Pendings+(id=177): 2->3
Pendings+(id=177): 2->3
[DEBUG]zmqclient.py:36: Pendings-(id=175,op=accept): 3->2
Pendings-(id=175,op=accept): 3->2
EVENT ofp_event->Zk2212Switch EventOFPPacketIn
EVENT ofp_event->Zk2212Switch EventOFPPacketIn
PKT-IN: inject, msg.reason=1
[DEBUG]zmqclient.py:50: Pendings+(id=178): 2->3
Pendings+(id=178): 2->3
PKT-IN: inject, msg.reason=1
[DEBUG]zmqclient.py:50: Pendings+(id=179): 3->4
Pendings+(id=179): 3->4
[DEBUG]zmqclient.py:36: Pendings-(id=176,op=accept): 4->3
Pendings-(id=176,op=accept): 4->3
[DEBUG]zmqclient.py:36: Pendings-(id=177,op=accept): 3->2
Pendings-(id=177,op=accept): 3->2
EVENT ofp_event->Zk2212Switch EventOFPPacketIn
PKT-IN: inject, msg.reason=1
[DEBUG]zmqclient.py:50: Pendings+(id=180): 2->3
Pendings+(id=180): 2->3
[DEBUG]zmqclient.py:36: Pendings-(id=178,op=accept): 3->2
Pendings-(id=178,op=accept): 3->2
[DEBUG]zmqclient.py:36: Pendings-(id=179,op=accept): 2->1
Pendings-(id=179,op=accept): 2->1
EVENT ofp_event->Zk2212Switch EventOFPPacketIn
PKT-IN: inject, msg.reason=1
[DEBUG]zmqclient.py:50: Pendings+(id=181): 1->2
Pendings+(id=181): 1->2
[DEBUG]zmqclient.py:36: Pendings-(id=180,op=accept): 2->1
Pendings-(id=180,op=accept): 2->1
[DEBUG]zmqclient.py:36: Pendings-(id=181,op=accept): 1->0
Pendings-(id=181,op=accept): 1->0
EVENT ofp_event->Zk2212Switch EventOFPPacketIn
PKT-IN: NOT inject, msg.reason=0
packet in 235942576840259 86:1b:36:f4:76:9b 33:33:00:00:00:02 144
EVENT ofp_event->Zk2212Switch EventOFPPacketIn
EVENT ofp_event->Zk2212Switch EventOFPPacketIn
PKT-IN: inject, msg.reason=1
[DEBUG]zmqclient.py:50: Pendings+(id=182): 0->1
Pendings+(id=182): 0->1
PKT-IN: inject, msg.reason=1
[DEBUG]zmqclient.py:50: Pendings+(id=183): 1->2
Pendings+(id=183): 1->2
[DEBUG]zmqclient.py:36: Pendings-(id=182,op=accept): 2->1
Pendings-(id=182,op=accept): 2->1
[DEBUG]zmqclient.py:36: Pendings-(id=183,op=accept): 1->0
Pendings-(id=183,op=accept): 1->0
EVENT ofp_event->Zk2212Switch EventOFPPacketIn
PKT-IN: inject, msg.reason=1
[DEBUG]zmqclient.py:50: Pendings+(id=184): 0->1
Pendings+(id=184): 0->1
EVENT ofp_event->Zk2212Switch EventOFPPacketIn
PKT-IN: inject, msg.reason=1
[DEBUG]zmqclient.py:50: Pendings+(id=185): 1->2
Pendings+(id=185): 1->2
[DEBUG]zmqclient.py:36: Pendings-(id=184,op=accept): 2->1
Pendings-(id=184,op=accept): 2->1
EVENT ofp_event->Zk2212Switch EventOFPPacketIn
PKT-IN: inject, msg.reason=1
[DEBUG]zmqclient.py:50: Pendings+(id=186): 1->2
Pendings+(id=186): 1->2
[DEBUG]zmqclient.py:36: Pendings-(id=185,op=accept): 2->1
Pendings-(id=185,op=accept): 2->1
EVENT ofp_event->Zk2212Switch EventOFPPacketIn
PKT-IN: inject, msg.reason=1
[DEBUG]zmqclient.py:50: Pendings+(id=187): 1->2
Pendings+(id=187): 1->2
[DEBUG]zmqclient.py:36: Pendings-(id=186,op=accept): 2->1
Pendings-(id=186,op=accept): 2->1
[DEBUG]zmqclient.py:36: Pendings-(id=187,op=accept): 1->0
Pendings-(id=187,op=accept): 1->0
EVENT ofp_event->Zk2212Switch EventOFPPacketIn
PKT-IN: NOT inject, msg.reason=0
packet in 235942576840259 96:ea:ff:fe:53:2a 33:33:00:00:00:02 142
EVENT ofp_event->Zk2212Switch EventOFPPacketIn
PKT-IN: inject, msg.reason=1
[DEBUG]zmqclient.py:50: Pendings+(id=188): 0->1
Pendings+(id=188): 0->1
[DEBUG]zmqclient.py:36: Pendings-(id=188,op=accept): 1->0
Pendings-(id=188,op=accept): 1->0
EVENT ofp_event->Zk2212Switch EventOFPPacketIn
PKT-IN: inject, msg.reason=1
[DEBUG]zmqclient.py:50: Pendings+(id=189): 0->1
Pendings+(id=189): 0->1
[DEBUG]zmqclient.py:36: Pendings-(id=189,op=accept): 1->0
Pendings-(id=189,op=accept): 1->0
EVENT ofp_event->Zk2212Switch EventOFPPacketIn
EVENT ofp_event->Zk2212Switch EventOFPPacketIn
PKT-IN: inject, msg.reason=1
[DEBUG]zmqclient.py:50: Pendings+(id=190): 0->1
Pendings+(id=190): 0->1
PKT-IN: inject, msg.reason=1
[DEBUG]zmqclient.py:50: Pendings+(id=191): 1->2
Pendings+(id=191): 1->2
[DEBUG]zmqclient.py:36: Pendings-(id=190,op=accept): 2->1
Pendings-(id=190,op=accept): 2->1
[DEBUG]zmqclient.py:36: Pendings-(id=191,op=accept): 1->0
Pendings-(id=191,op=accept): 1->0
EVENT ofp_event->Zk2212Switch EventOFPPacketIn
PKT-IN: inject, msg.reason=1
[DEBUG]zmqclient.py:50: Pendings+(id=192): 0->1
Pendings+(id=192): 0->1
[DEBUG]zmqclient.py:36: Pendings-(id=192,op=accept): 1->0
Pendings-(id=192,op=accept): 1->0
EVENT ofp_event->Zk2212Switch EventOFPPacketIn
PKT-IN: inject, msg.reason=1
[DEBUG]zmqclient.py:50: Pendings+(id=193): 0->1
Pendings+(id=193): 0->1
EVENT ofp_event->Zk2212Switch EventOFPPacketIn
PKT-IN: inject, msg.reason=1
[DEBUG]zmqclient.py:50: Pendings+(id=194): 1->2
Pendings+(id=194): 1->2
[DEBUG]zmqclient.py:36: Pendings-(id=193,op=accept): 2->1
Pendings-(id=193,op=accept): 2->1
EVENT ofp_event->Zk2212Switch EventOFPPacketIn
PKT-IN: inject, msg.reason=1
[DEBUG]zmqclient.py:50: Pendings+(id=195): 1->2
Pendings+(id=195): 1->2
[DEBUG]zmqclient.py:36: Pendings-(id=194,op=accept): 2->1
Pendings-(id=194,op=accept): 2->1
[DEBUG]zmqclient.py:36: Pendings-(id=195,op=accept): 1->0
Pendings-(id=195,op=accept): 1->0
EVENT ofp_event->Zk2212Switch EventOFPPacketIn
EVENT ofp_event->Zk2212Switch EventOFPPacketIn
PKT-IN: inject, msg.reason=1
[DEBUG]zmqclient.py:50: Pendings+(id=196): 0->1
Pendings+(id=196): 0->1
PKT-IN: inject, msg.reason=1
[DEBUG]zmqclient.py:50: Pendings+(id=197): 1->2
Pendings+(id=197): 1->2
[DEBUG]zmqclient.py:36: Pendings-(id=196,op=accept): 2->1
Pendings-(id=196,op=accept): 2->1
EVENT ofp_event->Zk2212Switch EventOFPPacketIn
PKT-IN: inject, msg.reason=1
[DEBUG]zmqclient.py:50: Pendings+(id=198): 1->2
Pendings+(id=198): 1->2
[DEBUG]zmqclient.py:36: Pendings-(id=197,op=accept): 2->1
Pendings-(id=197,op=accept): 2->1
EVENT ofp_event->Zk2212Switch EventOFPPacketIn
PKT-IN: inject, msg.reason=1
[DEBUG]zmqclient.py:50: Pendings+(id=199): 1->2
Pendings+(id=199): 1->2
[DEBUG]zmqclient.py:36: Pendings-(id=198,op=accept): 2->1
Pendings-(id=198,op=accept): 2->1
[DEBUG]zmqclient.py:36: Pendings-(id=199,op=accept): 1->0
Pendings-(id=199,op=accept): 1->0
EVENT ofp_event->Zk2212Switch EventOFPPacketIn
EVENT ofp_event->Zk2212Switch EventOFPPacketIn
PKT-IN: inject, msg.reason=1
[DEBUG]zmqclient.py:50: Pendings+(id=200): 0->1
Pendings+(id=200): 0->1
PKT-IN: inject, msg.reason=1
[DEBUG]zmqclient.py:50: Pendings+(id=201): 1->2
Pendings+(id=201): 1->2
[DEBUG]zmqclient.py:36: Pendings-(id=200,op=accept): 2->1
Pendings-(id=200,op=accept): 2->1
[DEBUG]zmqclient.py:36: Pendings-(id=201,op=accept): 1->0
Pendings-(id=201,op=accept): 1->0
EVENT ofp_event->Zk2212Switch EventOFPPacketIn
PKT-IN: inject, msg.reason=1
[DEBUG]zmqclient.py:50: Pendings+(id=202): 0->1
Pendings+(id=202): 0->1
[DEBUG]zmqclient.py:36: Pendings-(id=202,op=accept): 1->0
Pendings-(id=202,op=accept): 1->0
EVENT ofp_event->Zk2212Switch EventOFPPacketIn
EVENT ofp_event->Zk2212Switch EventOFPPacketIn
PKT-IN: inject, msg.reason=1
[DEBUG]zmqclient.py:50: Pendings+(id=203): 0->1
Pendings+(id=203): 0->1
PKT-IN: inject, msg.reason=1
[DEBUG]zmqclient.py:50: Pendings+(id=204): 1->2
Pendings+(id=204): 1->2
[DEBUG]zmqclient.py:36: Pendings-(id=203,op=accept): 2->1
Pendings-(id=203,op=accept): 2->1
EVENT ofp_event->Zk2212Switch EventOFPPacketIn
PKT-IN: inject, msg.reason=1
[DEBUG]zmqclient.py:50: Pendings+(id=205): 1->2
Pendings+(id=205): 1->2
[DEBUG]zmqclient.py:36: Pendings-(id=204,op=accept): 2->1
Pendings-(id=204,op=accept): 2->1
EVENT ofp_event->Zk2212Switch EventOFPPacketIn
EVENT ofp_event->Zk2212Switch EventOFPPacketIn
PKT-IN: inject, msg.reason=1
[DEBUG]zmqclient.py:50: Pendings+(id=206): 1->2
Pendings+(id=206): 1->2
PKT-IN: inject, msg.reason=1
[DEBUG]zmqclient.py:50: Pendings+(id=207): 2->3
Pendings+(id=207): 2->3
[DEBUG]zmqclient.py:36: Pendings-(id=205,op=accept): 3->2
Pendings-(id=205,op=accept): 3->2
[DEBUG]zmqclient.py:36: Pendings-(id=206,op=accept): 2->1
Pendings-(id=206,op=accept): 2->1
EVENT ofp_event->Zk2212Switch EventOFPPacketIn
PKT-IN: inject, msg.reason=1
[DEBUG]zmqclient.py:50: Pendings+(id=208): 1->2
Pendings+(id=208): 1->2
[DEBUG]zmqclient.py:36: Pendings-(id=207,op=accept): 2->1
Pendings-(id=207,op=accept): 2->1
EVENT ofp_event->Zk2212Switch EventOFPPacketIn
PKT-IN: inject, msg.reason=1
[DEBUG]zmqclient.py:50: Pendings+(id=209): 1->2
Pendings+(id=209): 1->2
[DEBUG]zmqclient.py:36: Pendings-(id=208,op=accept): 2->1
Pendings-(id=208,op=accept): 2->1
[DEBUG]zmqclient.py:36: Pendings-(id=209,op=accept): 1->0
Pendings-(id=209,op=accept): 1->0
EVENT ofp_event->Zk2212Switch EventOFPPacketIn
EVENT ofp_event->Zk2212Switch EventOFPPacketIn
PKT-IN: inject, msg.reason=1
[DEBUG]zmqclient.py:50: Pendings+(id=210): 0->1
Pendings+(id=210): 0->1
PKT-IN: inject, msg.reason=1
[DEBUG]zmqclient.py:50: Pendings+(id=211): 1->2
Pendings+(id=211): 1->2
[DEBUG]zmqclient.py:36: Pendings-(id=210,op=accept): 2->1
Pendings-(id=210,op=accept): 2->1
[DEBUG]zmqclient.py:36: Pendings-(id=211,op=accept): 1->0
Pendings-(id=211,op=accept): 1->0
EVENT ofp_event->Zk2212Switch EventOFPPacketIn
PKT-IN: inject, msg.reason=1
[DEBUG]zmqclient.py:50: Pendings+(id=212): 0->1
Pendings+(id=212): 0->1
[DEBUG]zmqclient.py:36: Pendings-(id=212,op=accept): 1->0
Pendings-(id=212,op=accept): 1->0
EVENT ofp_event->Zk2212Switch EventOFPPacketIn
EVENT ofp_event->Zk2212Switch EventOFPPacketIn
PKT-IN: inject, msg.reason=1
[DEBUG]zmqclient.py:50: Pendings+(id=213): 0->1
Pendings+(id=213): 0->1
PKT-IN: inject, msg.reason=1
[DEBUG]zmqclient.py:50: Pendings+(id=214): 1->2
Pendings+(id=214): 1->2
[DEBUG]zmqclient.py:36: Pendings-(id=213,op=accept): 2->1
Pendings-(id=213,op=accept): 2->1
EVENT ofp_event->Zk2212Switch EventOFPPacketIn
PKT-IN: inject, msg.reason=1
[DEBUG]zmqclient.py:50: Pendings+(id=215): 1->2
Pendings+(id=215): 1->2
[DEBUG]zmqclient.py:36: Pendings-(id=214,op=accept): 2->1
Pendings-(id=214,op=accept): 2->1
EVENT ofp_event->Zk2212Switch EventOFPPacketIn
[DEBUG]zmqclient.py:36: Pendings-(id=215,op=accept): 1->0
Pendings-(id=215,op=accept): 1->0
PKT-IN: inject, msg.reason=1
[DEBUG]zmqclient.py:50: Pendings+(id=216): 0->1
Pendings+(id=216): 0->1
[DEBUG]zmqclient.py:36: Pendings-(id=216,op=accept): 1->0
Pendings-(id=216,op=accept): 1->0
EVENT ofp_event->Zk2212Switch EventOFPPacketIn
PKT-IN: inject, msg.reason=1
[DEBUG]zmqclient.py:50: Pendings+(id=217): 0->1
Pendings+(id=217): 0->1
[DEBUG]zmqclient.py:36: Pendings-(id=217,op=accept): 1->0
Pendings-(id=217,op=accept): 1->0
EVENT ofp_event->Zk2212Switch EventOFPPacketIn
EVENT ofp_event->Zk2212Switch EventOFPPacketIn
PKT-IN: inject, msg.reason=1
[DEBUG]zmqclient.py:50: Pendings+(id=218): 0->1
Pendings+(id=218): 0->1
PKT-IN: inject, msg.reason=1
[DEBUG]zmqclient.py:50: Pendings+(id=219): 1->2
Pendings+(id=219): 1->2
[DEBUG]zmqclient.py:36: Pendings-(id=218,op=accept): 2->1
Pendings-(id=218,op=accept): 2->1
[DEBUG]zmqclient.py:36: Pendings-(id=219,op=accept): 1->0
Pendings-(id=219,op=accept): 1->0
EVENT ofp_event->Zk2212Switch EventOFPPacketIn
PKT-IN: inject, msg.reason=1
[DEBUG]zmqclient.py:50: Pendings+(id=220): 0->1
Pendings+(id=220): 0->1
EVENT ofp_event->Zk2212Switch EventOFPPacketIn
PKT-IN: inject, msg.reason=1
[DEBUG]zmqclient.py:50: Pendings+(id=221): 1->2
Pendings+(id=221): 1->2
[DEBUG]zmqclient.py:36: Pendings-(id=220,op=accept): 2->1
Pendings-(id=220,op=accept): 2->1
[DEBUG]zmqclient.py:36: Pendings-(id=221,op=accept): 1->0
Pendings-(id=221,op=accept): 1->0
EVENT ofp_event->Zk2212Switch EventOFPPacketIn
EVENT ofp_event->Zk2212Switch EventOFPPacketIn
PKT-IN: inject, msg.reason=1
[DEBUG]zmqclient.py:50: Pendings+(id=222): 0->1
Pendings+(id=222): 0->1
PKT-IN: inject, msg.reason=1
[DEBUG]zmqclient.py:50: Pendings+(id=223): 1->2
Pendings+(id=223): 1->2
EVENT ofp_event->Zk2212Switch EventOFPPacketIn
PKT-IN: inject, msg.reason=1
[DEBUG]zmqclient.py:50: Pendings+(id=224): 2->3
Pendings+(id=224): 2->3
EVENT ofp_event->Zk2212Switch EventOFPPacketIn
PKT-IN: inject, msg.reason=1
[DEBUG]zmqclient.py:50: Pendings+(id=225): 3->4
Pendings+(id=225): 3->4
[DEBUG]zmqclient.py:36: Pendings-(id=222,op=accept): 4->3
Pendings-(id=222,op=accept): 4->3
[DEBUG]zmqclient.py:36: Pendings-(id=223,op=accept): 3->2
Pendings-(id=223,op=accept): 3->2
[DEBUG]zmqclient.py:36: Pendings-(id=224,op=accept): 2->1
Pendings-(id=224,op=accept): 2->1
EVENT ofp_event->Zk2212Switch EventOFPPacketIn
PKT-IN: inject, msg.reason=1
[DEBUG]zmqclient.py:50: Pendings+(id=226): 1->2
Pendings+(id=226): 1->2
[DEBUG]zmqclient.py:36: Pendings-(id=225,op=accept): 2->1
Pendings-(id=225,op=accept): 2->1
EVENT ofp_event->Zk2212Switch EventOFPPacketIn
PKT-IN: inject, msg.reason=1
[DEBUG]zmqclient.py:50: Pendings+(id=227): 1->2
Pendings+(id=227): 1->2
[DEBUG]zmqclient.py:36: Pendings-(id=226,op=accept): 2->1
Pendings-(id=226,op=accept): 2->1
[DEBUG]zmqclient.py:36: Pendings-(id=227,op=accept): 1->0
Pendings-(id=227,op=accept): 1->0
