Parsing Zookeeper version: 3.6.0-SNAPSHOT--1, built on 07/24/2015 10:39 GMT
Clients:
 /192.168.42.254:49349[0](queued=0,recved=1,sent=0)

Latency min/avg/max: 0/0/0
Received: 1
Sent: 0
Connections: 1
Outstanding: 0
Zxid: 0x100000000
Mode: leader
Node count: 5
: 
Parsed {'zxid': '0x100000000', 'mode': 'leader'}: 
Parsing Zookeeper version: 3.6.0-SNAPSHOT--1, built on 07/24/2015 10:39 GMT
Clients:
 /192.168.42.254:33196[0](queued=0,recved=1,sent=0)

Latency min/avg/max: 0/0/0
Received: 1
Sent: 0
Connections: 1
Outstanding: 0
Zxid: 0x100000000
Mode: follower
Node count: 5
: 
Parsed {'zxid': '0x100000000', 'mode': 'follower'}: 
Parsing Zookeeper version: 3.6.0-SNAPSHOT--1, built on 07/24/2015 10:39 GMT
Clients:
 /192.168.42.254:48872[0](queued=0,recved=1,sent=0)

Latency min/avg/max: 0/0/0
Received: 1
Sent: 0
Connections: 1
Outstanding: 0
Zxid: 0x100000000
Mode: follower
Node count: 5
: 
Parsed {'zxid': '0x100000000', 'mode': 'follower'}: 
OK (1 leaders, 0 observers): [{'zxid': '0x100000000', 'mode': 'leader'}, {'zxid': '0x100000000', 'mode': 'follower'}, {'zxid': '0x100000000', 'mode': 'follower'}]
