loading app /tmp/2212/materials/zk_switch.py
loading app ryu.controller.ofp_handler
instantiating app /tmp/2212/materials/zk_switch.py of Zk2212Switch
instantiating app ryu.controller.ofp_handler of OFPHandler
BRICK Zk2212Switch
  CONSUMES EventOFPPacketIn
  CONSUMES EventOFPSwitchFeatures
BRICK ofp_event
  PROVIDES EventOFPPacketIn TO {'Zk2212Switch': set(['main'])}
  PROVIDES EventOFPSwitchFeatures TO {'Zk2212Switch': set(['config'])}
  CONSUMES EventOFPSwitchFeatures
  CONSUMES EventOFPErrorMsg
  CONSUMES EventOFPPortDescStatsReply
  CONSUMES EventOFPHello
  CONSUMES EventOFPEchoRequest
connected socket:<eventlet.greenio.base.GreenSocket object at 0x7fe4a1676cd0> address:('127.0.0.1', 50484)
hello ev <ryu.controller.ofp_event.EventOFPHello object at 0x7fe4a11f72d0>
move onto config mode
EVENT ofp_event->Zk2212Switch EventOFPSwitchFeatures
switch features ev version: 0x4 msg_type 0x6 xid 0x2c51c0bd OFPSwitchFeatures(auxiliary_id=0,capabilities=71,datapath_id=235942576840259,n_buffers=256,n_tables=254)
[INFO]zmqclient.py:20: Connecting to ZMQ: ipc:///tmp/2212/00000000/ether_inspector
Connecting to ZMQ: ipc:///tmp/2212/00000000/ether_inspector
Setup done for datapath 235942576840259
move onto main mode
EVENT ofp_event->Zk2212Switch EventOFPPacketIn
PKT-IN: NOT inject, msg.reason=0
packet in 235942576840259 02:54:e7:0b:b9:20 33:33:00:00:00:16 127
EVENT ofp_event->Zk2212Switch EventOFPPacketIn
EVENT ofp_event->Zk2212Switch EventOFPPacketIn
PKT-IN: NOT inject, msg.reason=0
packet in 235942576840259 e2:e7:6a:22:ac:ec 33:33:00:00:00:16 126
PKT-IN: NOT inject, msg.reason=0
packet in 235942576840259 e2:e7:6a:22:ac:ec 33:33:00:00:00:02 126
EVENT ofp_event->Zk2212Switch EventOFPPacketIn
PKT-IN: NOT inject, msg.reason=0
packet in 235942576840259 02:54:e7:0b:b9:20 ff:ff:ff:ff:ff:ff 127
EVENT ofp_event->Zk2212Switch EventOFPPacketIn
PKT-IN: NOT inject, msg.reason=0
packet in 235942576840259 02:54:e7:0b:b9:20 33:33:00:00:00:16 127
EVENT ofp_event->Zk2212Switch EventOFPPacketIn
PKT-IN: NOT inject, msg.reason=0
packet in 235942576840259 02:54:e7:0b:b9:20 33:33:ff:0b:b9:20 127
EVENT ofp_event->Zk2212Switch EventOFPPacketIn
PKT-IN: NOT inject, msg.reason=0
packet in 235942576840259 e2:e7:6a:22:ac:ec 33:33:00:00:00:16 126
EVENT ofp_event->Zk2212Switch EventOFPPacketIn
PKT-IN: NOT inject, msg.reason=0
packet in 235942576840259 52:cd:e2:0a:58:cb ff:ff:ff:ff:ff:ff 125
EVENT ofp_event->Zk2212Switch EventOFPPacketIn
PKT-IN: NOT inject, msg.reason=0
packet in 235942576840259 d6:96:a9:7a:de:43 52:cd:e2:0a:58:cb 4294967294
EVENT ofp_event->Zk2212Switch EventOFPPacketIn
PKT-IN: NOT inject, msg.reason=0
packet in 235942576840259 52:cd:e2:0a:58:cb d6:96:a9:7a:de:43 125
EVENT ofp_event->Zk2212Switch EventOFPPacketIn
PKT-IN: NOT inject, msg.reason=0
packet in 235942576840259 52:cd:e2:0a:58:cb d6:96:a9:7a:de:43 125
EVENT ofp_event->Zk2212Switch EventOFPPacketIn
PKT-IN: NOT inject, msg.reason=0
packet in 235942576840259 52:cd:e2:0a:58:cb d6:96:a9:7a:de:43 125
EVENT ofp_event->Zk2212Switch EventOFPPacketIn
PKT-IN: NOT inject, msg.reason=0
packet in 235942576840259 52:cd:e2:0a:58:cb d6:96:a9:7a:de:43 125
EVENT ofp_event->Zk2212Switch EventOFPPacketIn
PKT-IN: NOT inject, msg.reason=0
packet in 235942576840259 e2:e7:6a:22:ac:ec ff:ff:ff:ff:ff:ff 126
EVENT ofp_event->Zk2212Switch EventOFPPacketIn
PKT-IN: NOT inject, msg.reason=0
packet in 235942576840259 d6:96:a9:7a:de:43 e2:e7:6a:22:ac:ec 4294967294
EVENT ofp_event->Zk2212Switch EventOFPPacketIn
EVENT ofp_event->Zk2212Switch EventOFPPacketIn
EVENT ofp_event->Zk2212Switch EventOFPPacketIn
PKT-IN: NOT inject, msg.reason=0
packet in 235942576840259 e2:e7:6a:22:ac:ec d6:96:a9:7a:de:43 126
PKT-IN: NOT inject, msg.reason=0
packet in 235942576840259 e2:e7:6a:22:ac:ec d6:96:a9:7a:de:43 126
PKT-IN: NOT inject, msg.reason=0
packet in 235942576840259 e2:e7:6a:22:ac:ec d6:96:a9:7a:de:43 126
EVENT ofp_event->Zk2212Switch EventOFPPacketIn
PKT-IN: NOT inject, msg.reason=0
packet in 235942576840259 02:54:e7:0b:b9:20 ff:ff:ff:ff:ff:ff 127
EVENT ofp_event->Zk2212Switch EventOFPPacketIn
PKT-IN: NOT inject, msg.reason=0
packet in 235942576840259 d6:96:a9:7a:de:43 02:54:e7:0b:b9:20 4294967294
EVENT ofp_event->Zk2212Switch EventOFPPacketIn
EVENT ofp_event->Zk2212Switch EventOFPPacketIn
EVENT ofp_event->Zk2212Switch EventOFPPacketIn
PKT-IN: NOT inject, msg.reason=0
packet in 235942576840259 02:54:e7:0b:b9:20 d6:96:a9:7a:de:43 127
PKT-IN: NOT inject, msg.reason=0
packet in 235942576840259 02:54:e7:0b:b9:20 d6:96:a9:7a:de:43 127
PKT-IN: NOT inject, msg.reason=0
packet in 235942576840259 02:54:e7:0b:b9:20 d6:96:a9:7a:de:43 127
EVENT ofp_event->Zk2212Switch EventOFPPacketIn
PKT-IN: NOT inject, msg.reason=0
packet in 235942576840259 52:cd:e2:0a:58:cb 33:33:00:00:00:02 125
EVENT ofp_event->Zk2212Switch EventOFPPacketIn
EVENT ofp_event->Zk2212Switch EventOFPPacketIn
PKT-IN: NOT inject, msg.reason=0
packet in 235942576840259 e2:e7:6a:22:ac:ec ff:ff:ff:ff:ff:ff 126
PKT-IN: NOT inject, msg.reason=0
packet in 235942576840259 02:54:e7:0b:b9:20 ff:ff:ff:ff:ff:ff 127
EVENT ofp_event->Zk2212Switch EventOFPPacketIn
EVENT ofp_event->Zk2212Switch EventOFPPacketIn
PKT-IN: NOT inject, msg.reason=0
packet in 235942576840259 52:cd:e2:0a:58:cb e2:e7:6a:22:ac:ec 125
PKT-IN: NOT inject, msg.reason=0
packet in 235942576840259 52:cd:e2:0a:58:cb 02:54:e7:0b:b9:20 125
EVENT ofp_event->Zk2212Switch EventOFPPacketIn
EVENT ofp_event->Zk2212Switch EventOFPPacketIn
PKT-IN: inject, msg.reason=1
[DEBUG]zmqclient.py:50: Pendings+(id=0): 0->1
Pendings+(id=0): 0->1
PKT-IN: inject, msg.reason=1
[DEBUG]zmqclient.py:50: Pendings+(id=1): 1->2
Pendings+(id=1): 1->2
[DEBUG]zmqclient.py:36: Pendings-(id=0,op=accept): 2->1
Pendings-(id=0,op=accept): 2->1
EVENT ofp_event->Zk2212Switch EventOFPPacketIn
PKT-IN: inject, msg.reason=1
[DEBUG]zmqclient.py:50: Pendings+(id=2): 1->2
Pendings+(id=2): 1->2
[DEBUG]zmqclient.py:36: Pendings-(id=1,op=accept): 2->1
Pendings-(id=1,op=accept): 2->1
EVENT ofp_event->Zk2212Switch EventOFPPacketIn
PKT-IN: inject, msg.reason=1
[DEBUG]zmqclient.py:50: Pendings+(id=3): 1->2
Pendings+(id=3): 1->2
[DEBUG]zmqclient.py:36: Pendings-(id=2,op=accept): 2->1
Pendings-(id=2,op=accept): 2->1
EVENT ofp_event->Zk2212Switch EventOFPPacketIn
PKT-IN: inject, msg.reason=1
[DEBUG]zmqclient.py:50: Pendings+(id=4): 1->2
Pendings+(id=4): 1->2
[DEBUG]zmqclient.py:36: Pendings-(id=3,op=accept): 2->1
Pendings-(id=3,op=accept): 2->1
EVENT ofp_event->Zk2212Switch EventOFPPacketIn
PKT-IN: inject, msg.reason=1
[DEBUG]zmqclient.py:50: Pendings+(id=5): 1->2
Pendings+(id=5): 1->2
[DEBUG]zmqclient.py:36: Pendings-(id=4,op=accept): 2->1
Pendings-(id=4,op=accept): 2->1
EVENT ofp_event->Zk2212Switch EventOFPPacketIn
PKT-IN: inject, msg.reason=1
[DEBUG]zmqclient.py:50: Pendings+(id=6): 1->2
Pendings+(id=6): 1->2
EVENT ofp_event->Zk2212Switch EventOFPPacketIn
PKT-IN: inject, msg.reason=1
[DEBUG]zmqclient.py:50: Pendings+(id=7): 2->3
Pendings+(id=7): 2->3
[DEBUG]zmqclient.py:36: Pendings-(id=6,op=accept): 3->2
Pendings-(id=6,op=accept): 3->2
EVENT ofp_event->Zk2212Switch EventOFPPacketIn
EVENT ofp_event->Zk2212Switch EventOFPPacketIn
EVENT ofp_event->Zk2212Switch EventOFPPacketIn
EVENT ofp_event->Zk2212Switch EventOFPPacketIn
EVENT ofp_event->Zk2212Switch EventOFPPacketIn
PKT-IN: inject, msg.reason=1
[DEBUG]zmqclient.py:50: Pendings+(id=8): 2->3
Pendings+(id=8): 2->3
PKT-IN: inject, msg.reason=1
[DEBUG]zmqclient.py:50: Pendings+(id=9): 3->4
Pendings+(id=9): 3->4
PKT-IN: inject, msg.reason=1
[DEBUG]zmqclient.py:50: Pendings+(id=10): 4->5
Pendings+(id=10): 4->5
PKT-IN: inject, msg.reason=1
[DEBUG]zmqclient.py:50: Pendings+(id=11): 5->6
Pendings+(id=11): 5->6
PKT-IN: inject, msg.reason=1
[DEBUG]zmqclient.py:50: Pendings+(id=12): 6->7
Pendings+(id=12): 6->7
EVENT ofp_event->Zk2212Switch EventOFPPacketIn
EVENT ofp_event->Zk2212Switch EventOFPPacketIn
EVENT ofp_event->Zk2212Switch EventOFPPacketIn
EVENT ofp_event->Zk2212Switch EventOFPPacketIn
EVENT ofp_event->Zk2212Switch EventOFPPacketIn
[DEBUG]zmqclient.py:36: Pendings-(id=8,op=accept): 7->6
Pendings-(id=8,op=accept): 7->6
PKT-IN: inject, msg.reason=1
[DEBUG]zmqclient.py:50: Pendings+(id=13): 6->7
Pendings+(id=13): 6->7
PKT-IN: inject, msg.reason=1
[DEBUG]zmqclient.py:50: Pendings+(id=14): 7->8
Pendings+(id=14): 7->8
PKT-IN: inject, msg.reason=1
[DEBUG]zmqclient.py:50: Pendings+(id=15): 8->9
Pendings+(id=15): 8->9
PKT-IN: inject, msg.reason=1
[DEBUG]zmqclient.py:50: Pendings+(id=16): 9->10
Pendings+(id=16): 9->10
PKT-IN: inject, msg.reason=1
[DEBUG]zmqclient.py:50: Pendings+(id=17): 10->11
Pendings+(id=17): 10->11
[DEBUG]zmqclient.py:36: Pendings-(id=9,op=accept): 11->10
Pendings-(id=9,op=accept): 11->10
[DEBUG]zmqclient.py:36: Pendings-(id=10,op=accept): 10->9
Pendings-(id=10,op=accept): 10->9
EVENT ofp_event->Zk2212Switch EventOFPPacketIn
PKT-IN: inject, msg.reason=1
[DEBUG]zmqclient.py:50: Pendings+(id=18): 9->10
Pendings+(id=18): 9->10
EVENT ofp_event->Zk2212Switch EventOFPPacketIn
EVENT ofp_event->Zk2212Switch EventOFPPacketIn
[DEBUG]zmqclient.py:36: Pendings-(id=11,op=accept): 10->9
Pendings-(id=11,op=accept): 10->9
PKT-IN: inject, msg.reason=1
[DEBUG]zmqclient.py:50: Pendings+(id=19): 9->10
Pendings+(id=19): 9->10
PKT-IN: inject, msg.reason=1
[DEBUG]zmqclient.py:50: Pendings+(id=20): 10->11
Pendings+(id=20): 10->11
EVENT ofp_event->Zk2212Switch EventOFPPacketIn
PKT-IN: inject, msg.reason=1
[DEBUG]zmqclient.py:50: Pendings+(id=21): 11->12
Pendings+(id=21): 11->12
[DEBUG]zmqclient.py:36: Pendings-(id=13,op=accept): 12->11
Pendings-(id=13,op=accept): 12->11
EVENT ofp_event->Zk2212Switch EventOFPPacketIn
PKT-IN: inject, msg.reason=1
[DEBUG]zmqclient.py:50: Pendings+(id=22): 11->12
Pendings+(id=22): 11->12
[DEBUG]zmqclient.py:36: Pendings-(id=14,op=accept): 12->11
Pendings-(id=14,op=accept): 12->11
EVENT ofp_event->Zk2212Switch EventOFPPacketIn
PKT-IN: inject, msg.reason=1
[DEBUG]zmqclient.py:50: Pendings+(id=23): 11->12
Pendings+(id=23): 11->12
[DEBUG]zmqclient.py:36: Pendings-(id=15,op=accept): 12->11
Pendings-(id=15,op=accept): 12->11
[DEBUG]zmqclient.py:36: Pendings-(id=16,op=accept): 11->10
Pendings-(id=16,op=accept): 11->10
EVENT ofp_event->Zk2212Switch EventOFPPacketIn
EVENT ofp_event->Zk2212Switch EventOFPPacketIn
PKT-IN: inject, msg.reason=1
[DEBUG]zmqclient.py:50: Pendings+(id=24): 10->11
Pendings+(id=24): 10->11
PKT-IN: inject, msg.reason=1
[DEBUG]zmqclient.py:50: Pendings+(id=25): 11->12
Pendings+(id=25): 11->12
[DEBUG]zmqclient.py:36: Pendings-(id=18,op=accept): 12->11
Pendings-(id=18,op=accept): 12->11
EVENT ofp_event->Zk2212Switch EventOFPPacketIn
PKT-IN: inject, msg.reason=1
[DEBUG]zmqclient.py:50: Pendings+(id=26): 11->12
Pendings+(id=26): 11->12
[DEBUG]zmqclient.py:36: Pendings-(id=19,op=drop): 12->11
Pendings-(id=19,op=drop): 12->11
[DEBUG]zmqclient.py:36: Pendings-(id=20,op=drop): 11->10
Pendings-(id=20,op=drop): 11->10
[DEBUG]zmqclient.py:36: Pendings-(id=21,op=drop): 10->9
Pendings-(id=21,op=drop): 10->9
[DEBUG]zmqclient.py:36: Pendings-(id=22,op=accept): 9->8
Pendings-(id=22,op=accept): 9->8
[DEBUG]zmqclient.py:36: Pendings-(id=23,op=drop): 8->7
Pendings-(id=23,op=drop): 8->7
[DEBUG]zmqclient.py:36: Pendings-(id=24,op=drop): 7->6
Pendings-(id=24,op=drop): 7->6
[DEBUG]zmqclient.py:36: Pendings-(id=25,op=drop): 6->5
Pendings-(id=25,op=drop): 6->5
[DEBUG]zmqclient.py:36: Pendings-(id=26,op=drop): 5->4
Pendings-(id=26,op=drop): 5->4
[DEBUG]zmqclient.py:36: Pendings-(id=17,op=accept): 4->3
Pendings-(id=17,op=accept): 4->3
EVENT ofp_event->Zk2212Switch EventOFPPacketIn
PKT-IN: inject, msg.reason=1
[DEBUG]zmqclient.py:50: Pendings+(id=27): 3->4
Pendings+(id=27): 3->4
[DEBUG]zmqclient.py:36: Pendings-(id=27,op=drop): 4->3
Pendings-(id=27,op=drop): 4->3
EVENT ofp_event->Zk2212Switch EventOFPPacketIn
EVENT ofp_event->Zk2212Switch EventOFPPacketIn
PKT-IN: NOT inject, msg.reason=0
packet in 235942576840259 02:54:e7:0b:b9:20 33:33:00:00:00:02 127
PKT-IN: NOT inject, msg.reason=0
packet in 235942576840259 02:54:e7:0b:b9:20 33:33:00:00:00:16 127
[DEBUG]zmqclient.py:36: Pendings-(id=5,op=accept): 3->2
Pendings-(id=5,op=accept): 3->2
EVENT ofp_event->Zk2212Switch EventOFPPacketIn
PKT-IN: inject, msg.reason=1
[DEBUG]zmqclient.py:50: Pendings+(id=28): 2->3
Pendings+(id=28): 2->3
[DEBUG]zmqclient.py:36: Pendings-(id=28,op=accept): 3->2
Pendings-(id=28,op=accept): 3->2
[DEBUG]zmqclient.py:36: Pendings-(id=7,op=accept): 2->1
Pendings-(id=7,op=accept): 2->1
EVENT ofp_event->Zk2212Switch EventOFPPacketIn
PKT-IN: inject, msg.reason=1
[DEBUG]zmqclient.py:50: Pendings+(id=29): 1->2
Pendings+(id=29): 1->2
[DEBUG]zmqclient.py:36: Pendings-(id=29,op=accept): 2->1
Pendings-(id=29,op=accept): 2->1
EVENT ofp_event->Zk2212Switch EventOFPPacketIn
EVENT ofp_event->Zk2212Switch EventOFPPacketIn
EVENT ofp_event->Zk2212Switch EventOFPPacketIn
EVENT ofp_event->Zk2212Switch EventOFPPacketIn
EVENT ofp_event->Zk2212Switch EventOFPPacketIn
PKT-IN: inject, msg.reason=1
[DEBUG]zmqclient.py:50: Pendings+(id=30): 1->2
Pendings+(id=30): 1->2
PKT-IN: inject, msg.reason=1
[DEBUG]zmqclient.py:50: Pendings+(id=31): 2->3
Pendings+(id=31): 2->3
PKT-IN: inject, msg.reason=1
[DEBUG]zmqclient.py:50: Pendings+(id=32): 3->4
Pendings+(id=32): 3->4
PKT-IN: inject, msg.reason=1
[DEBUG]zmqclient.py:50: Pendings+(id=33): 4->5
Pendings+(id=33): 4->5
PKT-IN: inject, msg.reason=1
[DEBUG]zmqclient.py:50: Pendings+(id=34): 5->6
Pendings+(id=34): 5->6
[DEBUG]zmqclient.py:36: Pendings-(id=30,op=accept): 6->5
Pendings-(id=30,op=accept): 6->5
EVENT ofp_event->Zk2212Switch EventOFPPacketIn
PKT-IN: inject, msg.reason=1
[DEBUG]zmqclient.py:50: Pendings+(id=35): 5->6
Pendings+(id=35): 5->6
[DEBUG]zmqclient.py:36: Pendings-(id=31,op=accept): 6->5
Pendings-(id=31,op=accept): 6->5
EVENT ofp_event->Zk2212Switch EventOFPPacketIn
PKT-IN: inject, msg.reason=1
[DEBUG]zmqclient.py:50: Pendings+(id=36): 5->6
Pendings+(id=36): 5->6
[DEBUG]zmqclient.py:36: Pendings-(id=32,op=accept): 6->5
Pendings-(id=32,op=accept): 6->5
[DEBUG]zmqclient.py:36: Pendings-(id=33,op=accept): 5->4
Pendings-(id=33,op=accept): 5->4
EVENT ofp_event->Zk2212Switch EventOFPPacketIn
PKT-IN: inject, msg.reason=1
[DEBUG]zmqclient.py:50: Pendings+(id=37): 4->5
Pendings+(id=37): 4->5
EVENT ofp_event->Zk2212Switch EventOFPPacketIn
PKT-IN: inject, msg.reason=1
[DEBUG]zmqclient.py:50: Pendings+(id=38): 5->6
Pendings+(id=38): 5->6
[DEBUG]zmqclient.py:36: Pendings-(id=35,op=accept): 6->5
Pendings-(id=35,op=accept): 6->5
[DEBUG]zmqclient.py:36: Pendings-(id=36,op=accept): 5->4
Pendings-(id=36,op=accept): 5->4
[DEBUG]zmqclient.py:36: Pendings-(id=37,op=accept): 4->3
Pendings-(id=37,op=accept): 4->3
[DEBUG]zmqclient.py:36: Pendings-(id=38,op=accept): 3->2
Pendings-(id=38,op=accept): 3->2
[DEBUG]zmqclient.py:36: Pendings-(id=34,op=accept): 2->1
Pendings-(id=34,op=accept): 2->1
EVENT ofp_event->Zk2212Switch EventOFPPacketIn
PKT-IN: inject, msg.reason=1
[DEBUG]zmqclient.py:50: Pendings+(id=39): 1->2
Pendings+(id=39): 1->2
[DEBUG]zmqclient.py:36: Pendings-(id=39,op=accept): 2->1
Pendings-(id=39,op=accept): 2->1
EVENT ofp_event->Zk2212Switch EventOFPPacketIn
EVENT ofp_event->Zk2212Switch EventOFPPacketIn
EVENT ofp_event->Zk2212Switch EventOFPPacketIn
EVENT ofp_event->Zk2212Switch EventOFPPacketIn
EVENT ofp_event->Zk2212Switch EventOFPPacketIn
PKT-IN: inject, msg.reason=1
[DEBUG]zmqclient.py:50: Pendings+(id=40): 1->2
Pendings+(id=40): 1->2
PKT-IN: inject, msg.reason=1
[DEBUG]zmqclient.py:50: Pendings+(id=41): 2->3
Pendings+(id=41): 2->3
PKT-IN: inject, msg.reason=1
[DEBUG]zmqclient.py:50: Pendings+(id=42): 3->4
Pendings+(id=42): 3->4
PKT-IN: inject, msg.reason=1
[DEBUG]zmqclient.py:50: Pendings+(id=43): 4->5
Pendings+(id=43): 4->5
PKT-IN: inject, msg.reason=1
[DEBUG]zmqclient.py:50: Pendings+(id=44): 5->6
Pendings+(id=44): 5->6
[DEBUG]zmqclient.py:36: Pendings-(id=40,op=accept): 6->5
Pendings-(id=40,op=accept): 6->5
[DEBUG]zmqclient.py:36: Pendings-(id=41,op=accept): 5->4
Pendings-(id=41,op=accept): 5->4
EVENT ofp_event->Zk2212Switch EventOFPPacketIn
PKT-IN: inject, msg.reason=1
[DEBUG]zmqclient.py:50: Pendings+(id=45): 4->5
Pendings+(id=45): 4->5
[DEBUG]zmqclient.py:36: Pendings-(id=42,op=accept): 5->4
Pendings-(id=42,op=accept): 5->4
[DEBUG]zmqclient.py:36: Pendings-(id=43,op=accept): 4->3
Pendings-(id=43,op=accept): 4->3
EVENT ofp_event->Zk2212Switch EventOFPPacketIn
PKT-IN: inject, msg.reason=1
[DEBUG]zmqclient.py:50: Pendings+(id=46): 3->4
Pendings+(id=46): 3->4
EVENT ofp_event->Zk2212Switch EventOFPPacketIn
EVENT ofp_event->Zk2212Switch EventOFPPacketIn
EVENT ofp_event->Zk2212Switch EventOFPPacketIn
EVENT ofp_event->Zk2212Switch EventOFPPacketIn
EVENT ofp_event->Zk2212Switch EventOFPPacketIn
PKT-IN: inject, msg.reason=1
[DEBUG]zmqclient.py:50: Pendings+(id=47): 4->5
Pendings+(id=47): 4->5
PKT-IN: inject, msg.reason=1
[DEBUG]zmqclient.py:50: Pendings+(id=48): 5->6
Pendings+(id=48): 5->6
PKT-IN: inject, msg.reason=1
[DEBUG]zmqclient.py:50: Pendings+(id=49): 6->7
Pendings+(id=49): 6->7
PKT-IN: inject, msg.reason=1
[DEBUG]zmqclient.py:50: Pendings+(id=50): 7->8
Pendings+(id=50): 7->8
PKT-IN: inject, msg.reason=1
[DEBUG]zmqclient.py:50: Pendings+(id=51): 8->9
Pendings+(id=51): 8->9
[DEBUG]zmqclient.py:36: Pendings-(id=45,op=accept): 9->8
Pendings-(id=45,op=accept): 9->8
[DEBUG]zmqclient.py:36: Pendings-(id=46,op=accept): 8->7
Pendings-(id=46,op=accept): 8->7
[DEBUG]zmqclient.py:36: Pendings-(id=47,op=accept): 7->6
Pendings-(id=47,op=accept): 7->6
EVENT ofp_event->Zk2212Switch EventOFPPacketIn
PKT-IN: inject, msg.reason=1
[DEBUG]zmqclient.py:50: Pendings+(id=52): 6->7
Pendings+(id=52): 6->7
[DEBUG]zmqclient.py:36: Pendings-(id=48,op=accept): 7->6
Pendings-(id=48,op=accept): 7->6
EVENT ofp_event->Zk2212Switch EventOFPPacketIn
PKT-IN: inject, msg.reason=1
[DEBUG]zmqclient.py:50: Pendings+(id=53): 6->7
Pendings+(id=53): 6->7
[DEBUG]zmqclient.py:36: Pendings-(id=49,op=accept): 7->6
Pendings-(id=49,op=accept): 7->6
[DEBUG]zmqclient.py:36: Pendings-(id=50,op=accept): 6->5
Pendings-(id=50,op=accept): 6->5
EVENT ofp_event->Zk2212Switch EventOFPPacketIn
PKT-IN: inject, msg.reason=1
[DEBUG]zmqclient.py:50: Pendings+(id=54): 5->6
Pendings+(id=54): 5->6
EVENT ofp_event->Zk2212Switch EventOFPPacketIn
PKT-IN: inject, msg.reason=1
[DEBUG]zmqclient.py:50: Pendings+(id=55): 6->7
Pendings+(id=55): 6->7
[DEBUG]zmqclient.py:36: Pendings-(id=52,op=drop): 7->6
Pendings-(id=52,op=drop): 7->6
[DEBUG]zmqclient.py:36: Pendings-(id=53,op=drop): 6->5
Pendings-(id=53,op=drop): 6->5
[DEBUG]zmqclient.py:36: Pendings-(id=54,op=drop): 5->4
Pendings-(id=54,op=drop): 5->4
[DEBUG]zmqclient.py:36: Pendings-(id=55,op=drop): 4->3
Pendings-(id=55,op=drop): 4->3
[DEBUG]zmqclient.py:36: Pendings-(id=12,op=accept): 3->2
Pendings-(id=12,op=accept): 3->2
EVENT ofp_event->Zk2212Switch EventOFPPacketIn
EVENT ofp_event->Zk2212Switch EventOFPPacketIn
EVENT ofp_event->Zk2212Switch EventOFPPacketIn
EVENT ofp_event->Zk2212Switch EventOFPPacketIn
EVENT ofp_event->Zk2212Switch EventOFPPacketIn
EVENT ofp_event->Zk2212Switch EventOFPPacketIn
PKT-IN: inject, msg.reason=1
[DEBUG]zmqclient.py:50: Pendings+(id=56): 2->3
Pendings+(id=56): 2->3
PKT-IN: inject, msg.reason=1
[DEBUG]zmqclient.py:50: Pendings+(id=57): 3->4
Pendings+(id=57): 3->4
PKT-IN: inject, msg.reason=1
[DEBUG]zmqclient.py:50: Pendings+(id=58): 4->5
Pendings+(id=58): 4->5
PKT-IN: inject, msg.reason=1
[DEBUG]zmqclient.py:50: Pendings+(id=59): 5->6
Pendings+(id=59): 5->6
PKT-IN: inject, msg.reason=1
[DEBUG]zmqclient.py:50: Pendings+(id=60): 6->7
Pendings+(id=60): 6->7
PKT-IN: inject, msg.reason=1
[DEBUG]zmqclient.py:50: Pendings+(id=61): 7->8
Pendings+(id=61): 7->8
[DEBUG]zmqclient.py:36: Pendings-(id=56,op=accept): 8->7
Pendings-(id=56,op=accept): 8->7
[DEBUG]zmqclient.py:36: Pendings-(id=57,op=accept): 7->6
Pendings-(id=57,op=accept): 7->6
EVENT ofp_event->Zk2212Switch EventOFPPacketIn
PKT-IN: inject, msg.reason=1
[DEBUG]zmqclient.py:50: Pendings+(id=62): 6->7
Pendings+(id=62): 6->7
[DEBUG]zmqclient.py:36: Pendings-(id=58,op=accept): 7->6
Pendings-(id=58,op=accept): 7->6
EVENT ofp_event->Zk2212Switch EventOFPPacketIn
PKT-IN: inject, msg.reason=1
[DEBUG]zmqclient.py:50: Pendings+(id=63): 6->7
Pendings+(id=63): 6->7
[DEBUG]zmqclient.py:36: Pendings-(id=59,op=accept): 7->6
Pendings-(id=59,op=accept): 7->6
[DEBUG]zmqclient.py:36: Pendings-(id=60,op=accept): 6->5
Pendings-(id=60,op=accept): 6->5
EVENT ofp_event->Zk2212Switch EventOFPPacketIn
PKT-IN: inject, msg.reason=1
[DEBUG]zmqclient.py:50: Pendings+(id=64): 5->6
Pendings+(id=64): 5->6
EVENT ofp_event->Zk2212Switch EventOFPPacketIn
PKT-IN: inject, msg.reason=1
[DEBUG]zmqclient.py:50: Pendings+(id=65): 6->7
Pendings+(id=65): 6->7
[DEBUG]zmqclient.py:36: Pendings-(id=62,op=accept): 7->6
Pendings-(id=62,op=accept): 7->6
[DEBUG]zmqclient.py:36: Pendings-(id=63,op=accept): 6->5
Pendings-(id=63,op=accept): 6->5
[DEBUG]zmqclient.py:36: Pendings-(id=64,op=accept): 5->4
Pendings-(id=64,op=accept): 5->4
[DEBUG]zmqclient.py:36: Pendings-(id=65,op=accept): 4->3
Pendings-(id=65,op=accept): 4->3
[DEBUG]zmqclient.py:36: Pendings-(id=61,op=accept): 3->2
Pendings-(id=61,op=accept): 3->2
EVENT ofp_event->Zk2212Switch EventOFPPacketIn
PKT-IN: inject, msg.reason=1
[DEBUG]zmqclient.py:50: Pendings+(id=66): 2->3
Pendings+(id=66): 2->3
[DEBUG]zmqclient.py:36: Pendings-(id=66,op=accept): 3->2
Pendings-(id=66,op=accept): 3->2
EVENT ofp_event->Zk2212Switch EventOFPPacketIn
PKT-IN: inject, msg.reason=1
[DEBUG]zmqclient.py:50: Pendings+(id=67): 2->3
Pendings+(id=67): 2->3
[DEBUG]zmqclient.py:36: Pendings-(id=67,op=accept): 3->2
Pendings-(id=67,op=accept): 3->2
EVENT ofp_event->Zk2212Switch EventOFPPacketIn
PKT-IN: inject, msg.reason=1
[DEBUG]zmqclient.py:50: Pendings+(id=68): 2->3
Pendings+(id=68): 2->3
[DEBUG]zmqclient.py:36: Pendings-(id=68,op=accept): 3->2
Pendings-(id=68,op=accept): 3->2
EVENT ofp_event->Zk2212Switch EventOFPPacketIn
PKT-IN: inject, msg.reason=1
[DEBUG]zmqclient.py:50: Pendings+(id=69): 2->3
Pendings+(id=69): 2->3
[DEBUG]zmqclient.py:36: Pendings-(id=69,op=accept): 3->2
Pendings-(id=69,op=accept): 3->2
EVENT ofp_event->Zk2212Switch EventOFPPacketIn
PKT-IN: inject, msg.reason=1
[DEBUG]zmqclient.py:50: Pendings+(id=70): 2->3
Pendings+(id=70): 2->3
[DEBUG]zmqclient.py:36: Pendings-(id=44,op=accept): 3->2
Pendings-(id=44,op=accept): 3->2
EVENT ofp_event->Zk2212Switch EventOFPPacketIn
EVENT ofp_event->Zk2212Switch EventOFPPacketIn
EVENT ofp_event->Zk2212Switch EventOFPPacketIn
EVENT ofp_event->Zk2212Switch EventOFPPacketIn
EVENT ofp_event->Zk2212Switch EventOFPPacketIn
PKT-IN: inject, msg.reason=1
[DEBUG]zmqclient.py:50: Pendings+(id=71): 2->3
Pendings+(id=71): 2->3
PKT-IN: inject, msg.reason=1
[DEBUG]zmqclient.py:50: Pendings+(id=72): 3->4
Pendings+(id=72): 3->4
PKT-IN: inject, msg.reason=1
[DEBUG]zmqclient.py:50: Pendings+(id=73): 4->5
Pendings+(id=73): 4->5
PKT-IN: inject, msg.reason=1
[DEBUG]zmqclient.py:50: Pendings+(id=74): 5->6
Pendings+(id=74): 5->6
PKT-IN: inject, msg.reason=1
[DEBUG]zmqclient.py:50: Pendings+(id=75): 6->7
Pendings+(id=75): 6->7
[DEBUG]zmqclient.py:36: Pendings-(id=71,op=accept): 7->6
Pendings-(id=71,op=accept): 7->6
[DEBUG]zmqclient.py:36: Pendings-(id=72,op=accept): 6->5
Pendings-(id=72,op=accept): 6->5
EVENT ofp_event->Zk2212Switch EventOFPPacketIn
PKT-IN: inject, msg.reason=1
[DEBUG]zmqclient.py:50: Pendings+(id=76): 5->6
Pendings+(id=76): 5->6
[DEBUG]zmqclient.py:36: Pendings-(id=73,op=accept): 6->5
Pendings-(id=73,op=accept): 6->5
[DEBUG]zmqclient.py:36: Pendings-(id=74,op=accept): 5->4
Pendings-(id=74,op=accept): 5->4
EVENT ofp_event->Zk2212Switch EventOFPPacketIn
PKT-IN: inject, msg.reason=1
[DEBUG]zmqclient.py:50: Pendings+(id=77): 4->5
Pendings+(id=77): 4->5
[DEBUG]zmqclient.py:36: Pendings-(id=76,op=accept): 5->4
Pendings-(id=76,op=accept): 5->4
[DEBUG]zmqclient.py:36: Pendings-(id=77,op=accept): 4->3
Pendings-(id=77,op=accept): 4->3
[DEBUG]zmqclient.py:36: Pendings-(id=70,op=accept): 3->2
Pendings-(id=70,op=accept): 3->2
EVENT ofp_event->Zk2212Switch EventOFPPacketIn
PKT-IN: inject, msg.reason=1
[DEBUG]zmqclient.py:50: Pendings+(id=78): 2->3
Pendings+(id=78): 2->3
[DEBUG]zmqclient.py:36: Pendings-(id=78,op=accept): 3->2
Pendings-(id=78,op=accept): 3->2
EVENT ofp_event->Zk2212Switch EventOFPPacketIn
PKT-IN: inject, msg.reason=1
[DEBUG]zmqclient.py:50: Pendings+(id=79): 2->3
Pendings+(id=79): 2->3
[DEBUG]zmqclient.py:36: Pendings-(id=79,op=accept): 3->2
Pendings-(id=79,op=accept): 3->2
EVENT ofp_event->Zk2212Switch EventOFPPacketIn
PKT-IN: inject, msg.reason=1
[DEBUG]zmqclient.py:50: Pendings+(id=80): 2->3
Pendings+(id=80): 2->3
[DEBUG]zmqclient.py:36: Pendings-(id=80,op=accept): 3->2
Pendings-(id=80,op=accept): 3->2
EVENT ofp_event->Zk2212Switch EventOFPPacketIn
PKT-IN: inject, msg.reason=1
[DEBUG]zmqclient.py:50: Pendings+(id=81): 2->3
Pendings+(id=81): 2->3
[DEBUG]zmqclient.py:36: Pendings-(id=81,op=accept): 3->2
Pendings-(id=81,op=accept): 3->2
EVENT ofp_event->Zk2212Switch EventOFPPacketIn
PKT-IN: inject, msg.reason=1
[DEBUG]zmqclient.py:50: Pendings+(id=82): 2->3
Pendings+(id=82): 2->3
[DEBUG]zmqclient.py:36: Pendings-(id=75,op=accept): 3->2
Pendings-(id=75,op=accept): 3->2
EVENT ofp_event->Zk2212Switch EventOFPPacketIn
PKT-IN: inject, msg.reason=1
[DEBUG]zmqclient.py:50: Pendings+(id=83): 2->3
Pendings+(id=83): 2->3
[DEBUG]zmqclient.py:36: Pendings-(id=83,op=accept): 3->2
Pendings-(id=83,op=accept): 3->2
[DEBUG]zmqclient.py:36: Pendings-(id=51,op=accept): 2->1
Pendings-(id=51,op=accept): 2->1
EVENT ofp_event->Zk2212Switch EventOFPPacketIn
EVENT ofp_event->Zk2212Switch EventOFPPacketIn
EVENT ofp_event->Zk2212Switch EventOFPPacketIn
EVENT ofp_event->Zk2212Switch EventOFPPacketIn
EVENT ofp_event->Zk2212Switch EventOFPPacketIn
PKT-IN: inject, msg.reason=1
[DEBUG]zmqclient.py:50: Pendings+(id=84): 1->2
Pendings+(id=84): 1->2
PKT-IN: inject, msg.reason=1
[DEBUG]zmqclient.py:50: Pendings+(id=85): 2->3
Pendings+(id=85): 2->3
PKT-IN: inject, msg.reason=1
[DEBUG]zmqclient.py:50: Pendings+(id=86): 3->4
Pendings+(id=86): 3->4
PKT-IN: inject, msg.reason=1
[DEBUG]zmqclient.py:50: Pendings+(id=87): 4->5
Pendings+(id=87): 4->5
PKT-IN: inject, msg.reason=1
[DEBUG]zmqclient.py:50: Pendings+(id=88): 5->6
Pendings+(id=88): 5->6
[DEBUG]zmqclient.py:36: Pendings-(id=84,op=accept): 6->5
Pendings-(id=84,op=accept): 6->5
EVENT ofp_event->Zk2212Switch EventOFPPacketIn
PKT-IN: inject, msg.reason=1
[DEBUG]zmqclient.py:50: Pendings+(id=89): 5->6
Pendings+(id=89): 5->6
[DEBUG]zmqclient.py:36: Pendings-(id=85,op=accept): 6->5
Pendings-(id=85,op=accept): 6->5
EVENT ofp_event->Zk2212Switch EventOFPPacketIn
PKT-IN: inject, msg.reason=1
[DEBUG]zmqclient.py:50: Pendings+(id=90): 5->6
Pendings+(id=90): 5->6
[DEBUG]zmqclient.py:36: Pendings-(id=86,op=accept): 6->5
Pendings-(id=86,op=accept): 6->5
[DEBUG]zmqclient.py:36: Pendings-(id=87,op=accept): 5->4
Pendings-(id=87,op=accept): 5->4
EVENT ofp_event->Zk2212Switch EventOFPPacketIn
PKT-IN: inject, msg.reason=1
[DEBUG]zmqclient.py:50: Pendings+(id=91): 4->5
Pendings+(id=91): 4->5
EVENT ofp_event->Zk2212Switch EventOFPPacketIn
PKT-IN: inject, msg.reason=1
[DEBUG]zmqclient.py:50: Pendings+(id=92): 5->6
Pendings+(id=92): 5->6
[DEBUG]zmqclient.py:36: Pendings-(id=89,op=accept): 6->5
Pendings-(id=89,op=accept): 6->5
[DEBUG]zmqclient.py:36: Pendings-(id=90,op=accept): 5->4
Pendings-(id=90,op=accept): 5->4
[DEBUG]zmqclient.py:36: Pendings-(id=91,op=accept): 4->3
Pendings-(id=91,op=accept): 4->3
[DEBUG]zmqclient.py:36: Pendings-(id=92,op=accept): 3->2
Pendings-(id=92,op=accept): 3->2
EVENT ofp_event->Zk2212Switch EventOFPPacketIn
PKT-IN: NOT inject, msg.reason=0
packet in 235942576840259 02:54:e7:0b:b9:20 33:33:00:00:00:16 127
[DEBUG]zmqclient.py:36: Pendings-(id=82,op=accept): 2->1
Pendings-(id=82,op=accept): 2->1
EVENT ofp_event->Zk2212Switch EventOFPPacketIn
PKT-IN: inject, msg.reason=1
[DEBUG]zmqclient.py:50: Pendings+(id=93): 1->2
Pendings+(id=93): 1->2
[DEBUG]zmqclient.py:36: Pendings-(id=93,op=accept): 2->1
Pendings-(id=93,op=accept): 2->1
[DEBUG]zmqclient.py:36: Pendings-(id=88,op=accept): 1->0
Pendings-(id=88,op=accept): 1->0
EVENT ofp_event->Zk2212Switch EventOFPPacketIn
PKT-IN: inject, msg.reason=1
[DEBUG]zmqclient.py:50: Pendings+(id=94): 0->1
Pendings+(id=94): 0->1
[DEBUG]zmqclient.py:36: Pendings-(id=94,op=accept): 1->0
Pendings-(id=94,op=accept): 1->0
EVENT ofp_event->Zk2212Switch EventOFPPacketIn
EVENT ofp_event->Zk2212Switch EventOFPPacketIn
PKT-IN: inject, msg.reason=1
[DEBUG]zmqclient.py:50: Pendings+(id=95): 0->1
Pendings+(id=95): 0->1
PKT-IN: inject, msg.reason=1
[DEBUG]zmqclient.py:50: Pendings+(id=96): 1->2
Pendings+(id=96): 1->2
[DEBUG]zmqclient.py:36: Pendings-(id=95,op=accept): 2->1
Pendings-(id=95,op=accept): 2->1
EVENT ofp_event->Zk2212Switch EventOFPPacketIn
PKT-IN: inject, msg.reason=1
[DEBUG]zmqclient.py:50: Pendings+(id=97): 1->2
Pendings+(id=97): 1->2
[DEBUG]zmqclient.py:36: Pendings-(id=97,op=accept): 2->1
Pendings-(id=97,op=accept): 2->1
[DEBUG]zmqclient.py:36: Pendings-(id=96,op=accept): 1->0
Pendings-(id=96,op=accept): 1->0
EVENT ofp_event->Zk2212Switch EventOFPPacketIn
PKT-IN: inject, msg.reason=1
[DEBUG]zmqclient.py:50: Pendings+(id=98): 0->1
Pendings+(id=98): 0->1
[DEBUG]zmqclient.py:36: Pendings-(id=98,op=accept): 1->0
Pendings-(id=98,op=accept): 1->0
EVENT ofp_event->Zk2212Switch EventOFPPacketIn
EVENT ofp_event->Zk2212Switch EventOFPPacketIn
PKT-IN: inject, msg.reason=1
[DEBUG]zmqclient.py:50: Pendings+(id=99): 0->1
Pendings+(id=99): 0->1
PKT-IN: inject, msg.reason=1
[DEBUG]zmqclient.py:50: Pendings+(id=100): 1->2
Pendings+(id=100): 1->2
[DEBUG]zmqclient.py:36: Pendings-(id=100,op=accept): 2->1
Pendings-(id=100,op=accept): 2->1
EVENT ofp_event->Zk2212Switch EventOFPPacketIn
PKT-IN: inject, msg.reason=1
[DEBUG]zmqclient.py:50: Pendings+(id=101): 1->2
Pendings+(id=101): 1->2
[DEBUG]zmqclient.py:36: Pendings-(id=101,op=accept): 2->1
Pendings-(id=101,op=accept): 2->1
EVENT ofp_event->Zk2212Switch EventOFPPacketIn
PKT-IN: inject, msg.reason=1
[DEBUG]zmqclient.py:50: Pendings+(id=102): 1->2
Pendings+(id=102): 1->2
[DEBUG]zmqclient.py:36: Pendings-(id=102,op=accept): 2->1
Pendings-(id=102,op=accept): 2->1
EVENT ofp_event->Zk2212Switch EventOFPPacketIn
PKT-IN: inject, msg.reason=1
[DEBUG]zmqclient.py:50: Pendings+(id=103): 1->2
Pendings+(id=103): 1->2
[DEBUG]zmqclient.py:36: Pendings-(id=103,op=accept): 2->1
Pendings-(id=103,op=accept): 2->1
[DEBUG]zmqclient.py:36: Pendings-(id=99,op=accept): 1->0
Pendings-(id=99,op=accept): 1->0
EVENT ofp_event->Zk2212Switch EventOFPPacketIn
PKT-IN: inject, msg.reason=1
[DEBUG]zmqclient.py:50: Pendings+(id=104): 0->1
Pendings+(id=104): 0->1
[DEBUG]zmqclient.py:36: Pendings-(id=104,op=accept): 1->0
Pendings-(id=104,op=accept): 1->0
EVENT ofp_event->Zk2212Switch EventOFPPacketIn
PKT-IN: inject, msg.reason=1
[DEBUG]zmqclient.py:50: Pendings+(id=105): 0->1
Pendings+(id=105): 0->1
EVENT ofp_event->Zk2212Switch EventOFPPacketIn
EVENT ofp_event->Zk2212Switch EventOFPPacketIn
PKT-IN: inject, msg.reason=1
[DEBUG]zmqclient.py:50: Pendings+(id=106): 1->2
Pendings+(id=106): 1->2
PKT-IN: inject, msg.reason=1
[DEBUG]zmqclient.py:50: Pendings+(id=107): 2->3
Pendings+(id=107): 2->3
EVENT ofp_event->Zk2212Switch EventOFPPacketIn
PKT-IN: inject, msg.reason=1
[DEBUG]zmqclient.py:50: Pendings+(id=108): 3->4
Pendings+(id=108): 3->4
[DEBUG]zmqclient.py:36: Pendings-(id=106,op=accept): 4->3
Pendings-(id=106,op=accept): 4->3
EVENT ofp_event->Zk2212Switch EventOFPPacketIn
PKT-IN: inject, msg.reason=1
[DEBUG]zmqclient.py:50: Pendings+(id=109): 3->4
Pendings+(id=109): 3->4
[DEBUG]zmqclient.py:36: Pendings-(id=109,op=accept): 4->3
Pendings-(id=109,op=accept): 4->3
EVENT ofp_event->Zk2212Switch EventOFPPacketIn
PKT-IN: inject, msg.reason=1
[DEBUG]zmqclient.py:50: Pendings+(id=110): 3->4
Pendings+(id=110): 3->4
[DEBUG]zmqclient.py:36: Pendings-(id=110,op=accept): 4->3
Pendings-(id=110,op=accept): 4->3
EVENT ofp_event->Zk2212Switch EventOFPPacketIn
PKT-IN: inject, msg.reason=1
[DEBUG]zmqclient.py:50: Pendings+(id=111): 3->4
Pendings+(id=111): 3->4
[DEBUG]zmqclient.py:36: Pendings-(id=111,op=accept): 4->3
Pendings-(id=111,op=accept): 4->3
[DEBUG]zmqclient.py:36: Pendings-(id=107,op=accept): 3->2
Pendings-(id=107,op=accept): 3->2
EVENT ofp_event->Zk2212Switch EventOFPPacketIn
PKT-IN: inject, msg.reason=1
[DEBUG]zmqclient.py:50: Pendings+(id=112): 2->3
Pendings+(id=112): 2->3
[DEBUG]zmqclient.py:36: Pendings-(id=112,op=drop): 3->2
Pendings-(id=112,op=drop): 3->2
[DEBUG]zmqclient.py:36: Pendings-(id=105,op=accept): 2->1
Pendings-(id=105,op=accept): 2->1
EVENT ofp_event->Zk2212Switch EventOFPPacketIn
PKT-IN: inject, msg.reason=1
[DEBUG]zmqclient.py:50: Pendings+(id=113): 1->2
Pendings+(id=113): 1->2
[DEBUG]zmqclient.py:36: Pendings-(id=113,op=drop): 2->1
Pendings-(id=113,op=drop): 2->1
[DEBUG]zmqclient.py:36: Pendings-(id=108,op=accept): 1->0
Pendings-(id=108,op=accept): 1->0
EVENT ofp_event->Zk2212Switch EventOFPPacketIn
PKT-IN: inject, msg.reason=1
[DEBUG]zmqclient.py:50: Pendings+(id=114): 0->1
Pendings+(id=114): 0->1
[DEBUG]zmqclient.py:36: Pendings-(id=114,op=accept): 1->0
Pendings-(id=114,op=accept): 1->0
EVENT ofp_event->Zk2212Switch EventOFPPacketIn
PKT-IN: inject, msg.reason=1
[DEBUG]zmqclient.py:50: Pendings+(id=115): 0->1
Pendings+(id=115): 0->1
[DEBUG]zmqclient.py:36: Pendings-(id=115,op=accept): 1->0
Pendings-(id=115,op=accept): 1->0
EVENT ofp_event->Zk2212Switch EventOFPPacketIn
PKT-IN: inject, msg.reason=1
[DEBUG]zmqclient.py:50: Pendings+(id=116): 0->1
Pendings+(id=116): 0->1
[DEBUG]zmqclient.py:36: Pendings-(id=116,op=accept): 1->0
Pendings-(id=116,op=accept): 1->0
EVENT ofp_event->Zk2212Switch EventOFPPacketIn
PKT-IN: inject, msg.reason=1
[DEBUG]zmqclient.py:50: Pendings+(id=117): 0->1
Pendings+(id=117): 0->1
[DEBUG]zmqclient.py:36: Pendings-(id=117,op=accept): 1->0
Pendings-(id=117,op=accept): 1->0
EVENT ofp_event->Zk2212Switch EventOFPPacketIn
PKT-IN: inject, msg.reason=1
[DEBUG]zmqclient.py:50: Pendings+(id=118): 0->1
Pendings+(id=118): 0->1
[DEBUG]zmqclient.py:36: Pendings-(id=118,op=accept): 1->0
Pendings-(id=118,op=accept): 1->0
EVENT ofp_event->Zk2212Switch EventOFPPacketIn
EVENT ofp_event->Zk2212Switch EventOFPPacketIn
PKT-IN: inject, msg.reason=1
[DEBUG]zmqclient.py:50: Pendings+(id=119): 0->1
Pendings+(id=119): 0->1
PKT-IN: inject, msg.reason=1
[DEBUG]zmqclient.py:50: Pendings+(id=120): 1->2
Pendings+(id=120): 1->2
EVENT ofp_event->Zk2212Switch EventOFPPacketIn
PKT-IN: inject, msg.reason=1
[DEBUG]zmqclient.py:50: Pendings+(id=121): 2->3
Pendings+(id=121): 2->3
[DEBUG]zmqclient.py:36: Pendings-(id=119,op=accept): 3->2
Pendings-(id=119,op=accept): 3->2
[DEBUG]zmqclient.py:36: Pendings-(id=120,op=accept): 2->1
Pendings-(id=120,op=accept): 2->1
EVENT ofp_event->Zk2212Switch EventOFPPacketIn
PKT-IN: inject, msg.reason=1
[DEBUG]zmqclient.py:50: Pendings+(id=122): 1->2
Pendings+(id=122): 1->2
EVENT ofp_event->Zk2212Switch EventOFPPacketIn
[DEBUG]zmqclient.py:36: Pendings-(id=121,op=accept): 2->1
Pendings-(id=121,op=accept): 2->1
PKT-IN: inject, msg.reason=1
[DEBUG]zmqclient.py:50: Pendings+(id=123): 1->2
Pendings+(id=123): 1->2
EVENT ofp_event->Zk2212Switch EventOFPPacketIn
PKT-IN: inject, msg.reason=1
[DEBUG]zmqclient.py:50: Pendings+(id=124): 2->3
Pendings+(id=124): 2->3
[DEBUG]zmqclient.py:36: Pendings-(id=122,op=accept): 3->2
Pendings-(id=122,op=accept): 3->2
[DEBUG]zmqclient.py:36: Pendings-(id=123,op=accept): 2->1
Pendings-(id=123,op=accept): 2->1
EVENT ofp_event->Zk2212Switch EventOFPPacketIn
PKT-IN: inject, msg.reason=1
[DEBUG]zmqclient.py:50: Pendings+(id=125): 1->2
Pendings+(id=125): 1->2
[DEBUG]zmqclient.py:36: Pendings-(id=124,op=accept): 2->1
Pendings-(id=124,op=accept): 2->1
EVENT ofp_event->Zk2212Switch EventOFPPacketIn
PKT-IN: inject, msg.reason=1
[DEBUG]zmqclient.py:50: Pendings+(id=126): 1->2
Pendings+(id=126): 1->2
EVENT ofp_event->Zk2212Switch EventOFPPacketIn
[DEBUG]zmqclient.py:36: Pendings-(id=125,op=accept): 2->1
Pendings-(id=125,op=accept): 2->1
PKT-IN: inject, msg.reason=1
[DEBUG]zmqclient.py:50: Pendings+(id=127): 1->2
Pendings+(id=127): 1->2
EVENT ofp_event->Zk2212Switch EventOFPPacketIn
EVENT ofp_event->Zk2212Switch EventOFPPacketIn
EVENT ofp_event->Zk2212Switch EventOFPPacketIn
EVENT ofp_event->Zk2212Switch EventOFPPacketIn
EVENT ofp_event->Zk2212Switch EventOFPPacketIn
[DEBUG]zmqclient.py:36: Pendings-(id=126,op=accept): 2->1
Pendings-(id=126,op=accept): 2->1
PKT-IN: inject, msg.reason=1
[DEBUG]zmqclient.py:50: Pendings+(id=128): 1->2
Pendings+(id=128): 1->2
PKT-IN: inject, msg.reason=1
[DEBUG]zmqclient.py:50: Pendings+(id=129): 2->3
Pendings+(id=129): 2->3
PKT-IN: inject, msg.reason=1
[DEBUG]zmqclient.py:50: Pendings+(id=130): 3->4
Pendings+(id=130): 3->4
PKT-IN: inject, msg.reason=1
[DEBUG]zmqclient.py:50: Pendings+(id=131): 4->5
Pendings+(id=131): 4->5
PKT-IN: inject, msg.reason=1
[DEBUG]zmqclient.py:50: Pendings+(id=132): 5->6
Pendings+(id=132): 5->6
[DEBUG]zmqclient.py:36: Pendings-(id=128,op=accept): 6->5
Pendings-(id=128,op=accept): 6->5
EVENT ofp_event->Zk2212Switch EventOFPPacketIn
PKT-IN: inject, msg.reason=1
[DEBUG]zmqclient.py:50: Pendings+(id=133): 5->6
Pendings+(id=133): 5->6
[DEBUG]zmqclient.py:36: Pendings-(id=129,op=accept): 6->5
Pendings-(id=129,op=accept): 6->5
EVENT ofp_event->Zk2212Switch EventOFPPacketIn
PKT-IN: inject, msg.reason=1
[DEBUG]zmqclient.py:50: Pendings+(id=134): 5->6
Pendings+(id=134): 5->6
[DEBUG]zmqclient.py:36: Pendings-(id=130,op=accept): 6->5
Pendings-(id=130,op=accept): 6->5
[DEBUG]zmqclient.py:36: Pendings-(id=131,op=accept): 5->4
Pendings-(id=131,op=accept): 5->4
EVENT ofp_event->Zk2212Switch EventOFPPacketIn
PKT-IN: inject, msg.reason=1
[DEBUG]zmqclient.py:50: Pendings+(id=135): 4->5
Pendings+(id=135): 4->5
EVENT ofp_event->Zk2212Switch EventOFPPacketIn
PKT-IN: inject, msg.reason=1
[DEBUG]zmqclient.py:50: Pendings+(id=136): 5->6
Pendings+(id=136): 5->6
EVENT ofp_event->Zk2212Switch EventOFPPacketIn
PKT-IN: inject, msg.reason=1
[DEBUG]zmqclient.py:50: Pendings+(id=137): 6->7
Pendings+(id=137): 6->7
[DEBUG]zmqclient.py:36: Pendings-(id=133,op=accept): 7->6
Pendings-(id=133,op=accept): 7->6
[DEBUG]zmqclient.py:36: Pendings-(id=134,op=drop): 6->5
Pendings-(id=134,op=drop): 6->5
[DEBUG]zmqclient.py:36: Pendings-(id=135,op=drop): 5->4
Pendings-(id=135,op=drop): 5->4
[DEBUG]zmqclient.py:36: Pendings-(id=136,op=drop): 4->3
Pendings-(id=136,op=drop): 4->3
[DEBUG]zmqclient.py:36: Pendings-(id=132,op=accept): 3->2
Pendings-(id=132,op=accept): 3->2
EVENT ofp_event->Zk2212Switch EventOFPPacketIn
PKT-IN: inject, msg.reason=1
[DEBUG]zmqclient.py:50: Pendings+(id=138): 2->3
Pendings+(id=138): 2->3
[DEBUG]zmqclient.py:36: Pendings-(id=138,op=drop): 3->2
Pendings-(id=138,op=drop): 3->2
[DEBUG]zmqclient.py:36: Pendings-(id=127,op=accept): 2->1
Pendings-(id=127,op=accept): 2->1
EVENT ofp_event->Zk2212Switch EventOFPPacketIn
PKT-IN: inject, msg.reason=1
[DEBUG]zmqclient.py:50: Pendings+(id=139): 1->2
Pendings+(id=139): 1->2
EVENT ofp_event->Zk2212Switch EventOFPPacketIn
EVENT ofp_event->Zk2212Switch EventOFPPacketIn
EVENT ofp_event->Zk2212Switch EventOFPPacketIn
EVENT ofp_event->Zk2212Switch EventOFPPacketIn
EVENT ofp_event->Zk2212Switch EventOFPPacketIn
EVENT ofp_event->Zk2212Switch EventOFPPacketIn
EVENT ofp_event->Zk2212Switch EventOFPPacketIn
EVENT ofp_event->Zk2212Switch EventOFPPacketIn
EVENT ofp_event->Zk2212Switch EventOFPPacketIn
EVENT ofp_event->Zk2212Switch EventOFPPacketIn
PKT-IN: inject, msg.reason=1
[DEBUG]zmqclient.py:50: Pendings+(id=140): 2->3
Pendings+(id=140): 2->3
PKT-IN: inject, msg.reason=1
[DEBUG]zmqclient.py:50: Pendings+(id=141): 3->4
Pendings+(id=141): 3->4
PKT-IN: inject, msg.reason=1
[DEBUG]zmqclient.py:50: Pendings+(id=142): 4->5
Pendings+(id=142): 4->5
PKT-IN: inject, msg.reason=1
[DEBUG]zmqclient.py:50: Pendings+(id=143): 5->6
Pendings+(id=143): 5->6
PKT-IN: inject, msg.reason=1
[DEBUG]zmqclient.py:50: Pendings+(id=144): 6->7
Pendings+(id=144): 6->7
PKT-IN: inject, msg.reason=1
[DEBUG]zmqclient.py:50: Pendings+(id=145): 7->8
Pendings+(id=145): 7->8
PKT-IN: inject, msg.reason=1
[DEBUG]zmqclient.py:50: Pendings+(id=146): 8->9
Pendings+(id=146): 8->9
PKT-IN: inject, msg.reason=1
[DEBUG]zmqclient.py:50: Pendings+(id=147): 9->10
Pendings+(id=147): 9->10
PKT-IN: inject, msg.reason=1
[DEBUG]zmqclient.py:50: Pendings+(id=148): 10->11
Pendings+(id=148): 10->11
PKT-IN: inject, msg.reason=1
[DEBUG]zmqclient.py:50: Pendings+(id=149): 11->12
Pendings+(id=149): 11->12
[DEBUG]zmqclient.py:36: Pendings-(id=139,op=accept): 12->11
Pendings-(id=139,op=accept): 12->11
[DEBUG]zmqclient.py:36: Pendings-(id=140,op=accept): 11->10
Pendings-(id=140,op=accept): 11->10
[DEBUG]zmqclient.py:36: Pendings-(id=141,op=accept): 10->9
Pendings-(id=141,op=accept): 10->9
EVENT ofp_event->Zk2212Switch EventOFPPacketIn
EVENT ofp_event->Zk2212Switch EventOFPPacketIn
PKT-IN: inject, msg.reason=1
[DEBUG]zmqclient.py:50: Pendings+(id=150): 9->10
Pendings+(id=150): 9->10
PKT-IN: inject, msg.reason=1
[DEBUG]zmqclient.py:50: Pendings+(id=151): 10->11
Pendings+(id=151): 10->11
[DEBUG]zmqclient.py:36: Pendings-(id=142,op=accept): 11->10
Pendings-(id=142,op=accept): 11->10
[DEBUG]zmqclient.py:36: Pendings-(id=143,op=accept): 10->9
Pendings-(id=143,op=accept): 10->9
EVENT ofp_event->Zk2212Switch EventOFPPacketIn
EVENT ofp_event->Zk2212Switch EventOFPPacketIn
PKT-IN: inject, msg.reason=1
[DEBUG]zmqclient.py:50: Pendings+(id=152): 9->10
Pendings+(id=152): 9->10
PKT-IN: inject, msg.reason=1
[DEBUG]zmqclient.py:50: Pendings+(id=153): 10->11
Pendings+(id=153): 10->11
[DEBUG]zmqclient.py:36: Pendings-(id=145,op=accept): 11->10
Pendings-(id=145,op=accept): 11->10
EVENT ofp_event->Zk2212Switch EventOFPPacketIn
PKT-IN: inject, msg.reason=1
[DEBUG]zmqclient.py:50: Pendings+(id=154): 10->11
Pendings+(id=154): 10->11
[DEBUG]zmqclient.py:36: Pendings-(id=146,op=accept): 11->10
Pendings-(id=146,op=accept): 11->10
[DEBUG]zmqclient.py:36: Pendings-(id=147,op=accept): 10->9
Pendings-(id=147,op=accept): 10->9
EVENT ofp_event->Zk2212Switch EventOFPPacketIn
PKT-IN: inject, msg.reason=1
[DEBUG]zmqclient.py:50: Pendings+(id=155): 9->10
Pendings+(id=155): 9->10
EVENT ofp_event->Zk2212Switch EventOFPPacketIn
[DEBUG]zmqclient.py:36: Pendings-(id=148,op=accept): 10->9
Pendings-(id=148,op=accept): 10->9
PKT-IN: inject, msg.reason=1
[DEBUG]zmqclient.py:50: Pendings+(id=156): 9->10
Pendings+(id=156): 9->10
EVENT ofp_event->Zk2212Switch EventOFPPacketIn
PKT-IN: inject, msg.reason=1
[DEBUG]zmqclient.py:50: Pendings+(id=157): 10->11
Pendings+(id=157): 10->11
EVENT ofp_event->Zk2212Switch EventOFPPacketIn
PKT-IN: inject, msg.reason=1
[DEBUG]zmqclient.py:50: Pendings+(id=158): 11->12
Pendings+(id=158): 11->12
[DEBUG]zmqclient.py:36: Pendings-(id=150,op=accept): 12->11
Pendings-(id=150,op=accept): 12->11
[DEBUG]zmqclient.py:36: Pendings-(id=151,op=accept): 11->10
Pendings-(id=151,op=accept): 11->10
[DEBUG]zmqclient.py:36: Pendings-(id=152,op=accept): 10->9
Pendings-(id=152,op=accept): 10->9
[DEBUG]zmqclient.py:36: Pendings-(id=153,op=accept): 9->8
Pendings-(id=153,op=accept): 9->8
[DEBUG]zmqclient.py:36: Pendings-(id=154,op=drop): 8->7
Pendings-(id=154,op=drop): 8->7
[DEBUG]zmqclient.py:36: Pendings-(id=155,op=drop): 7->6
Pendings-(id=155,op=drop): 7->6
[DEBUG]zmqclient.py:36: Pendings-(id=156,op=drop): 6->5
Pendings-(id=156,op=drop): 6->5
[DEBUG]zmqclient.py:36: Pendings-(id=157,op=drop): 5->4
Pendings-(id=157,op=drop): 5->4
[DEBUG]zmqclient.py:36: Pendings-(id=158,op=drop): 4->3
Pendings-(id=158,op=drop): 4->3
[DEBUG]zmqclient.py:36: Pendings-(id=149,op=accept): 3->2
Pendings-(id=149,op=accept): 3->2
EVENT ofp_event->Zk2212Switch EventOFPPacketIn
PKT-IN: inject, msg.reason=1
[DEBUG]zmqclient.py:50: Pendings+(id=159): 2->3
Pendings+(id=159): 2->3
[DEBUG]zmqclient.py:36: Pendings-(id=159,op=drop): 3->2
Pendings-(id=159,op=drop): 3->2
[DEBUG]zmqclient.py:36: Pendings-(id=144,op=accept): 2->1
Pendings-(id=144,op=accept): 2->1
EVENT ofp_event->Zk2212Switch EventOFPPacketIn
EVENT ofp_event->Zk2212Switch EventOFPPacketIn
EVENT ofp_event->Zk2212Switch EventOFPPacketIn
EVENT ofp_event->Zk2212Switch EventOFPPacketIn
EVENT ofp_event->Zk2212Switch EventOFPPacketIn
EVENT ofp_event->Zk2212Switch EventOFPPacketIn
PKT-IN: inject, msg.reason=1
[DEBUG]zmqclient.py:50: Pendings+(id=160): 1->2
Pendings+(id=160): 1->2
PKT-IN: inject, msg.reason=1
[DEBUG]zmqclient.py:50: Pendings+(id=161): 2->3
Pendings+(id=161): 2->3
PKT-IN: inject, msg.reason=1
[DEBUG]zmqclient.py:50: Pendings+(id=162): 3->4
Pendings+(id=162): 3->4
PKT-IN: inject, msg.reason=1
[DEBUG]zmqclient.py:50: Pendings+(id=163): 4->5
Pendings+(id=163): 4->5
PKT-IN: inject, msg.reason=1
[DEBUG]zmqclient.py:50: Pendings+(id=164): 5->6
Pendings+(id=164): 5->6
PKT-IN: inject, msg.reason=1
[DEBUG]zmqclient.py:50: Pendings+(id=165): 6->7
Pendings+(id=165): 6->7
EVENT ofp_event->Zk2212Switch EventOFPPacketIn
PKT-IN: inject, msg.reason=1
[DEBUG]zmqclient.py:50: Pendings+(id=166): 7->8
Pendings+(id=166): 7->8
[DEBUG]zmqclient.py:36: Pendings-(id=160,op=accept): 8->7
Pendings-(id=160,op=accept): 8->7
[DEBUG]zmqclient.py:36: Pendings-(id=161,op=accept): 7->6
Pendings-(id=161,op=accept): 7->6
[DEBUG]zmqclient.py:36: Pendings-(id=162,op=accept): 6->5
Pendings-(id=162,op=accept): 6->5
EVENT ofp_event->Zk2212Switch EventOFPPacketIn
PKT-IN: inject, msg.reason=1
[DEBUG]zmqclient.py:50: Pendings+(id=167): 5->6
Pendings+(id=167): 5->6
[DEBUG]zmqclient.py:36: Pendings-(id=163,op=accept): 6->5
Pendings-(id=163,op=accept): 6->5
[DEBUG]zmqclient.py:36: Pendings-(id=164,op=accept): 5->4
Pendings-(id=164,op=accept): 5->4
EVENT ofp_event->Zk2212Switch EventOFPPacketIn
PKT-IN: inject, msg.reason=1
[DEBUG]zmqclient.py:50: Pendings+(id=168): 4->5
Pendings+(id=168): 4->5
[DEBUG]zmqclient.py:36: Pendings-(id=166,op=accept): 5->4
Pendings-(id=166,op=accept): 5->4
EVENT ofp_event->Zk2212Switch EventOFPPacketIn
PKT-IN: inject, msg.reason=1
[DEBUG]zmqclient.py:50: Pendings+(id=169): 4->5
Pendings+(id=169): 4->5
[DEBUG]zmqclient.py:36: Pendings-(id=167,op=accept): 5->4
Pendings-(id=167,op=accept): 5->4
[DEBUG]zmqclient.py:36: Pendings-(id=168,op=accept): 4->3
Pendings-(id=168,op=accept): 4->3
[DEBUG]zmqclient.py:36: Pendings-(id=169,op=accept): 3->2
Pendings-(id=169,op=accept): 3->2
EVENT ofp_event->Zk2212Switch EventOFPPacketIn
EVENT ofp_event->Zk2212Switch EventOFPPacketIn
PKT-IN: inject, msg.reason=1
[DEBUG]zmqclient.py:50: Pendings+(id=170): 2->3
Pendings+(id=170): 2->3
PKT-IN: inject, msg.reason=1
[DEBUG]zmqclient.py:50: Pendings+(id=171): 3->4
Pendings+(id=171): 3->4
[DEBUG]zmqclient.py:36: Pendings-(id=170,op=accept): 4->3
Pendings-(id=170,op=accept): 4->3
EVENT ofp_event->Zk2212Switch EventOFPPacketIn
PKT-IN: inject, msg.reason=1
[DEBUG]zmqclient.py:50: Pendings+(id=172): 3->4
Pendings+(id=172): 3->4
[DEBUG]zmqclient.py:36: Pendings-(id=172,op=drop): 4->3
Pendings-(id=172,op=drop): 4->3
[DEBUG]zmqclient.py:36: Pendings-(id=171,op=accept): 3->2
Pendings-(id=171,op=accept): 3->2
EVENT ofp_event->Zk2212Switch EventOFPPacketIn
EVENT ofp_event->Zk2212Switch EventOFPPacketIn
PKT-IN: inject, msg.reason=1
[DEBUG]zmqclient.py:50: Pendings+(id=173): 2->3
Pendings+(id=173): 2->3
PKT-IN: inject, msg.reason=1
[DEBUG]zmqclient.py:50: Pendings+(id=174): 3->4
Pendings+(id=174): 3->4
[DEBUG]zmqclient.py:36: Pendings-(id=173,op=accept): 4->3
Pendings-(id=173,op=accept): 4->3
[DEBUG]zmqclient.py:36: Pendings-(id=137,op=accept): 3->2
Pendings-(id=137,op=accept): 3->2
EVENT ofp_event->Zk2212Switch EventOFPPacketIn
PKT-IN: inject, msg.reason=1
[DEBUG]zmqclient.py:50: Pendings+(id=175): 2->3
Pendings+(id=175): 2->3
[DEBUG]zmqclient.py:36: Pendings-(id=174,op=accept): 3->2
Pendings-(id=174,op=accept): 3->2
EVENT ofp_event->Zk2212Switch EventOFPPacketIn
PKT-IN: inject, msg.reason=1
[DEBUG]zmqclient.py:50: Pendings+(id=176): 2->3
Pendings+(id=176): 2->3
EVENT ofp_event->Zk2212Switch EventOFPPacketIn
PKT-IN: inject, msg.reason=1
[DEBUG]zmqclient.py:50: Pendings+(id=177): 3->4
Pendings+(id=177): 3->4
[DEBUG]zmqclient.py:36: Pendings-(id=176,op=accept): 4->3
Pendings-(id=176,op=accept): 4->3
[DEBUG]zmqclient.py:36: Pendings-(id=177,op=accept): 3->2
Pendings-(id=177,op=accept): 3->2
EVENT ofp_event->Zk2212Switch EventOFPPacketIn
EVENT ofp_event->Zk2212Switch EventOFPPacketIn
PKT-IN: inject, msg.reason=1
[DEBUG]zmqclient.py:50: Pendings+(id=178): 2->3
Pendings+(id=178): 2->3
PKT-IN: inject, msg.reason=1
[DEBUG]zmqclient.py:50: Pendings+(id=179): 3->4
Pendings+(id=179): 3->4
EVENT ofp_event->Zk2212Switch EventOFPPacketIn
PKT-IN: inject, msg.reason=1
[DEBUG]zmqclient.py:50: Pendings+(id=180): 4->5
Pendings+(id=180): 4->5
[DEBUG]zmqclient.py:36: Pendings-(id=179,op=accept): 5->4
Pendings-(id=179,op=accept): 5->4
EVENT ofp_event->Zk2212Switch EventOFPPacketIn
PKT-IN: inject, msg.reason=1
[DEBUG]zmqclient.py:50: Pendings+(id=181): 4->5
Pendings+(id=181): 4->5
[DEBUG]zmqclient.py:36: Pendings-(id=181,op=accept): 5->4
Pendings-(id=181,op=accept): 5->4
EVENT ofp_event->Zk2212Switch EventOFPPacketIn
PKT-IN: inject, msg.reason=1
[DEBUG]zmqclient.py:50: Pendings+(id=182): 4->5
Pendings+(id=182): 4->5
[DEBUG]zmqclient.py:36: Pendings-(id=182,op=accept): 5->4
Pendings-(id=182,op=accept): 5->4
EVENT ofp_event->Zk2212Switch EventOFPPacketIn
PKT-IN: inject, msg.reason=1
[DEBUG]zmqclient.py:50: Pendings+(id=183): 4->5
Pendings+(id=183): 4->5
[DEBUG]zmqclient.py:36: Pendings-(id=183,op=accept): 5->4
Pendings-(id=183,op=accept): 5->4
EVENT ofp_event->Zk2212Switch EventOFPPacketIn
PKT-IN: inject, msg.reason=1
[DEBUG]zmqclient.py:50: Pendings+(id=184): 4->5
Pendings+(id=184): 4->5
[DEBUG]zmqclient.py:36: Pendings-(id=184,op=drop): 5->4
Pendings-(id=184,op=drop): 5->4
[DEBUG]zmqclient.py:36: Pendings-(id=180,op=accept): 4->3
Pendings-(id=180,op=accept): 4->3
EVENT ofp_event->Zk2212Switch EventOFPPacketIn
PKT-IN: inject, msg.reason=1
[DEBUG]zmqclient.py:50: Pendings+(id=185): 3->4
Pendings+(id=185): 3->4
[DEBUG]zmqclient.py:36: Pendings-(id=185,op=drop): 4->3
Pendings-(id=185,op=drop): 4->3
EVENT ofp_event->Zk2212Switch EventOFPPacketIn
PKT-IN: inject, msg.reason=1
[DEBUG]zmqclient.py:50: Pendings+(id=186): 3->4
Pendings+(id=186): 3->4
[DEBUG]zmqclient.py:36: Pendings-(id=186,op=drop): 4->3
Pendings-(id=186,op=drop): 4->3
[DEBUG]zmqclient.py:36: Pendings-(id=165,op=accept): 3->2
Pendings-(id=165,op=accept): 3->2
EVENT ofp_event->Zk2212Switch EventOFPPacketIn
EVENT ofp_event->Zk2212Switch EventOFPPacketIn
EVENT ofp_event->Zk2212Switch EventOFPPacketIn
EVENT ofp_event->Zk2212Switch EventOFPPacketIn
EVENT ofp_event->Zk2212Switch EventOFPPacketIn
PKT-IN: inject, msg.reason=1
[DEBUG]zmqclient.py:50: Pendings+(id=187): 2->3
Pendings+(id=187): 2->3
PKT-IN: inject, msg.reason=1
[DEBUG]zmqclient.py:50: Pendings+(id=188): 3->4
Pendings+(id=188): 3->4
PKT-IN: inject, msg.reason=1
[DEBUG]zmqclient.py:50: Pendings+(id=189): 4->5
Pendings+(id=189): 4->5
PKT-IN: inject, msg.reason=1
[DEBUG]zmqclient.py:50: Pendings+(id=190): 5->6
Pendings+(id=190): 5->6
PKT-IN: inject, msg.reason=1
[DEBUG]zmqclient.py:50: Pendings+(id=191): 6->7
Pendings+(id=191): 6->7
[DEBUG]zmqclient.py:36: Pendings-(id=187,op=accept): 7->6
Pendings-(id=187,op=accept): 7->6
[DEBUG]zmqclient.py:36: Pendings-(id=188,op=accept): 6->5
Pendings-(id=188,op=accept): 6->5
EVENT ofp_event->Zk2212Switch EventOFPPacketIn
PKT-IN: inject, msg.reason=1
[DEBUG]zmqclient.py:50: Pendings+(id=192): 5->6
Pendings+(id=192): 5->6
[DEBUG]zmqclient.py:36: Pendings-(id=189,op=accept): 6->5
Pendings-(id=189,op=accept): 6->5
[DEBUG]zmqclient.py:36: Pendings-(id=190,op=accept): 5->4
Pendings-(id=190,op=accept): 5->4
EVENT ofp_event->Zk2212Switch EventOFPPacketIn
PKT-IN: inject, msg.reason=1
[DEBUG]zmqclient.py:50: Pendings+(id=193): 4->5
Pendings+(id=193): 4->5
[DEBUG]zmqclient.py:36: Pendings-(id=192,op=accept): 5->4
Pendings-(id=192,op=accept): 5->4
[DEBUG]zmqclient.py:36: Pendings-(id=193,op=accept): 4->3
Pendings-(id=193,op=accept): 4->3
EVENT ofp_event->Zk2212Switch EventOFPPacketIn
PKT-IN: inject, msg.reason=1
[DEBUG]zmqclient.py:50: Pendings+(id=194): 3->4
Pendings+(id=194): 3->4
[DEBUG]zmqclient.py:36: Pendings-(id=194,op=drop): 4->3
Pendings-(id=194,op=drop): 4->3
[DEBUG]zmqclient.py:36: Pendings-(id=191,op=accept): 3->2
Pendings-(id=191,op=accept): 3->2
EVENT ofp_event->Zk2212Switch EventOFPPacketIn
PKT-IN: inject, msg.reason=1
[DEBUG]zmqclient.py:50: Pendings+(id=195): 2->3
Pendings+(id=195): 2->3
[DEBUG]zmqclient.py:36: Pendings-(id=195,op=accept): 3->2
Pendings-(id=195,op=accept): 3->2
[DEBUG]zmqclient.py:36: Pendings-(id=175,op=accept): 2->1
Pendings-(id=175,op=accept): 2->1
EVENT ofp_event->Zk2212Switch EventOFPPacketIn
PKT-IN: inject, msg.reason=1
[DEBUG]zmqclient.py:50: Pendings+(id=196): 1->2
Pendings+(id=196): 1->2
[DEBUG]zmqclient.py:36: Pendings-(id=196,op=accept): 2->1
Pendings-(id=196,op=accept): 2->1
EVENT ofp_event->Zk2212Switch EventOFPPacketIn
EVENT ofp_event->Zk2212Switch EventOFPPacketIn
PKT-IN: inject, msg.reason=1
[DEBUG]zmqclient.py:50: Pendings+(id=197): 1->2
Pendings+(id=197): 1->2
PKT-IN: inject, msg.reason=1
[DEBUG]zmqclient.py:50: Pendings+(id=198): 2->3
Pendings+(id=198): 2->3
[DEBUG]zmqclient.py:36: Pendings-(id=197,op=accept): 3->2
Pendings-(id=197,op=accept): 3->2
EVENT ofp_event->Zk2212Switch EventOFPPacketIn
EVENT ofp_event->Zk2212Switch EventOFPPacketIn
PKT-IN: inject, msg.reason=1
[DEBUG]zmqclient.py:50: Pendings+(id=199): 2->3
Pendings+(id=199): 2->3
PKT-IN: inject, msg.reason=1
[DEBUG]zmqclient.py:50: Pendings+(id=200): 3->4
Pendings+(id=200): 3->4
[DEBUG]zmqclient.py:36: Pendings-(id=198,op=accept): 4->3
Pendings-(id=198,op=accept): 4->3
[DEBUG]zmqclient.py:36: Pendings-(id=199,op=drop): 3->2
Pendings-(id=199,op=drop): 3->2
EVENT ofp_event->Zk2212Switch EventOFPPacketIn
PKT-IN: inject, msg.reason=1
[DEBUG]zmqclient.py:50: Pendings+(id=201): 2->3
Pendings+(id=201): 2->3
[DEBUG]zmqclient.py:36: Pendings-(id=200,op=accept): 3->2
Pendings-(id=200,op=accept): 3->2
EVENT ofp_event->Zk2212Switch EventOFPPacketIn
PKT-IN: inject, msg.reason=1
[DEBUG]zmqclient.py:50: Pendings+(id=202): 2->3
Pendings+(id=202): 2->3
[DEBUG]zmqclient.py:36: Pendings-(id=201,op=accept): 3->2
Pendings-(id=201,op=accept): 3->2
[DEBUG]zmqclient.py:36: Pendings-(id=202,op=accept): 2->1
Pendings-(id=202,op=accept): 2->1
[DEBUG]zmqclient.py:36: Pendings-(id=178,op=accept): 1->0
Pendings-(id=178,op=accept): 1->0
EVENT ofp_event->Zk2212Switch EventOFPPacketIn
PKT-IN: inject, msg.reason=1
[DEBUG]zmqclient.py:50: Pendings+(id=203): 0->1
Pendings+(id=203): 0->1
[DEBUG]zmqclient.py:36: Pendings-(id=203,op=drop): 1->0
Pendings-(id=203,op=drop): 1->0
EVENT ofp_event->Zk2212Switch EventOFPPacketIn
PKT-IN: inject, msg.reason=1
[DEBUG]zmqclient.py:50: Pendings+(id=204): 0->1
Pendings+(id=204): 0->1
[DEBUG]zmqclient.py:36: Pendings-(id=204,op=accept): 1->0
Pendings-(id=204,op=accept): 1->0
EVENT ofp_event->Zk2212Switch EventOFPPacketIn
PKT-IN: inject, msg.reason=1
[DEBUG]zmqclient.py:50: Pendings+(id=205): 0->1
Pendings+(id=205): 0->1
[DEBUG]zmqclient.py:36: Pendings-(id=205,op=accept): 1->0
Pendings-(id=205,op=accept): 1->0
EVENT ofp_event->Zk2212Switch EventOFPPacketIn
PKT-IN: inject, msg.reason=1
[DEBUG]zmqclient.py:50: Pendings+(id=206): 0->1
Pendings+(id=206): 0->1
EVENT ofp_event->Zk2212Switch EventOFPPacketIn
PKT-IN: inject, msg.reason=1
[DEBUG]zmqclient.py:50: Pendings+(id=207): 1->2
Pendings+(id=207): 1->2
[DEBUG]zmqclient.py:36: Pendings-(id=206,op=accept): 2->1
Pendings-(id=206,op=accept): 2->1
EVENT ofp_event->Zk2212Switch EventOFPPacketIn
PKT-IN: inject, msg.reason=1
[DEBUG]zmqclient.py:50: Pendings+(id=208): 1->2
Pendings+(id=208): 1->2
[DEBUG]zmqclient.py:36: Pendings-(id=207,op=accept): 2->1
Pendings-(id=207,op=accept): 2->1
[DEBUG]zmqclient.py:36: Pendings-(id=208,op=accept): 1->0
Pendings-(id=208,op=accept): 1->0
EVENT ofp_event->Zk2212Switch EventOFPPacketIn
PKT-IN: inject, msg.reason=1
[DEBUG]zmqclient.py:50: Pendings+(id=209): 0->1
Pendings+(id=209): 0->1
[DEBUG]zmqclient.py:36: Pendings-(id=209,op=accept): 1->0
Pendings-(id=209,op=accept): 1->0
EVENT ofp_event->Zk2212Switch EventOFPPacketIn
PKT-IN: inject, msg.reason=1
[DEBUG]zmqclient.py:50: Pendings+(id=210): 0->1
Pendings+(id=210): 0->1
EVENT ofp_event->Zk2212Switch EventOFPPacketIn
PKT-IN: inject, msg.reason=1
[DEBUG]zmqclient.py:50: Pendings+(id=211): 1->2
Pendings+(id=211): 1->2
EVENT ofp_event->Zk2212Switch EventOFPPacketIn
EVENT ofp_event->Zk2212Switch EventOFPPacketIn
EVENT ofp_event->Zk2212Switch EventOFPPacketIn
EVENT ofp_event->Zk2212Switch EventOFPPacketIn
EVENT ofp_event->Zk2212Switch EventOFPPacketIn
[DEBUG]zmqclient.py:36: Pendings-(id=210,op=accept): 2->1
Pendings-(id=210,op=accept): 2->1
PKT-IN: inject, msg.reason=1
[DEBUG]zmqclient.py:50: Pendings+(id=212): 1->2
Pendings+(id=212): 1->2
PKT-IN: inject, msg.reason=1
[DEBUG]zmqclient.py:50: Pendings+(id=213): 2->3
Pendings+(id=213): 2->3
PKT-IN: inject, msg.reason=1
[DEBUG]zmqclient.py:50: Pendings+(id=214): 3->4
Pendings+(id=214): 3->4
PKT-IN: inject, msg.reason=1
[DEBUG]zmqclient.py:50: Pendings+(id=215): 4->5
Pendings+(id=215): 4->5
PKT-IN: inject, msg.reason=1
[DEBUG]zmqclient.py:50: Pendings+(id=216): 5->6
Pendings+(id=216): 5->6
[DEBUG]zmqclient.py:36: Pendings-(id=212,op=accept): 6->5
Pendings-(id=212,op=accept): 6->5
EVENT ofp_event->Zk2212Switch EventOFPPacketIn
PKT-IN: inject, msg.reason=1
[DEBUG]zmqclient.py:50: Pendings+(id=217): 5->6
Pendings+(id=217): 5->6
[DEBUG]zmqclient.py:36: Pendings-(id=213,op=accept): 6->5
Pendings-(id=213,op=accept): 6->5
EVENT ofp_event->Zk2212Switch EventOFPPacketIn
PKT-IN: inject, msg.reason=1
[DEBUG]zmqclient.py:50: Pendings+(id=218): 5->6
Pendings+(id=218): 5->6
EVENT ofp_event->Zk2212Switch EventOFPPacketIn
[DEBUG]zmqclient.py:36: Pendings-(id=214,op=accept): 6->5
Pendings-(id=214,op=accept): 6->5
PKT-IN: inject, msg.reason=1
[DEBUG]zmqclient.py:50: Pendings+(id=219): 5->6
Pendings+(id=219): 5->6
[DEBUG]zmqclient.py:36: Pendings-(id=215,op=accept): 6->5
Pendings-(id=215,op=accept): 6->5
EVENT ofp_event->Zk2212Switch EventOFPPacketIn
PKT-IN: inject, msg.reason=1
[DEBUG]zmqclient.py:50: Pendings+(id=220): 5->6
Pendings+(id=220): 5->6
EVENT ofp_event->Zk2212Switch EventOFPPacketIn
PKT-IN: inject, msg.reason=1
[DEBUG]zmqclient.py:50: Pendings+(id=221): 6->7
Pendings+(id=221): 6->7
[DEBUG]zmqclient.py:36: Pendings-(id=217,op=accept): 7->6
Pendings-(id=217,op=accept): 7->6
[DEBUG]zmqclient.py:36: Pendings-(id=219,op=drop): 6->5
Pendings-(id=219,op=drop): 6->5
[DEBUG]zmqclient.py:36: Pendings-(id=220,op=drop): 5->4
Pendings-(id=220,op=drop): 5->4
[DEBUG]zmqclient.py:36: Pendings-(id=221,op=drop): 4->3
Pendings-(id=221,op=drop): 4->3
[DEBUG]zmqclient.py:36: Pendings-(id=211,op=accept): 3->2
Pendings-(id=211,op=accept): 3->2
EVENT ofp_event->Zk2212Switch EventOFPPacketIn
PKT-IN: inject, msg.reason=1
[DEBUG]zmqclient.py:50: Pendings+(id=222): 2->3
Pendings+(id=222): 2->3
EVENT ofp_event->Zk2212Switch EventOFPPacketIn
EVENT ofp_event->Zk2212Switch EventOFPPacketIn
EVENT ofp_event->Zk2212Switch EventOFPPacketIn
EVENT ofp_event->Zk2212Switch EventOFPPacketIn
EVENT ofp_event->Zk2212Switch EventOFPPacketIn
PKT-IN: inject, msg.reason=1
[DEBUG]zmqclient.py:50: Pendings+(id=223): 3->4
Pendings+(id=223): 3->4
PKT-IN: inject, msg.reason=1
[DEBUG]zmqclient.py:50: Pendings+(id=224): 4->5
Pendings+(id=224): 4->5
PKT-IN: inject, msg.reason=1
[DEBUG]zmqclient.py:50: Pendings+(id=225): 5->6
Pendings+(id=225): 5->6
PKT-IN: inject, msg.reason=1
[DEBUG]zmqclient.py:50: Pendings+(id=226): 6->7
Pendings+(id=226): 6->7
PKT-IN: inject, msg.reason=1
[DEBUG]zmqclient.py:50: Pendings+(id=227): 7->8
Pendings+(id=227): 7->8
[DEBUG]zmqclient.py:36: Pendings-(id=222,op=accept): 8->7
Pendings-(id=222,op=accept): 8->7
[DEBUG]zmqclient.py:36: Pendings-(id=223,op=accept): 7->6
Pendings-(id=223,op=accept): 7->6
EVENT ofp_event->Zk2212Switch EventOFPPacketIn
PKT-IN: inject, msg.reason=1
[DEBUG]zmqclient.py:50: Pendings+(id=228): 6->7
Pendings+(id=228): 6->7
[DEBUG]zmqclient.py:36: Pendings-(id=224,op=accept): 7->6
Pendings-(id=224,op=accept): 7->6
EVENT ofp_event->Zk2212Switch EventOFPPacketIn
PKT-IN: inject, msg.reason=1
[DEBUG]zmqclient.py:50: Pendings+(id=229): 6->7
Pendings+(id=229): 6->7
[DEBUG]zmqclient.py:36: Pendings-(id=225,op=accept): 7->6
Pendings-(id=225,op=accept): 7->6
[DEBUG]zmqclient.py:36: Pendings-(id=226,op=accept): 6->5
Pendings-(id=226,op=accept): 6->5
EVENT ofp_event->Zk2212Switch EventOFPPacketIn
PKT-IN: inject, msg.reason=1
[DEBUG]zmqclient.py:50: Pendings+(id=230): 5->6
Pendings+(id=230): 5->6
EVENT ofp_event->Zk2212Switch EventOFPPacketIn
PKT-IN: inject, msg.reason=1
[DEBUG]zmqclient.py:50: Pendings+(id=231): 6->7
Pendings+(id=231): 6->7
[DEBUG]zmqclient.py:36: Pendings-(id=228,op=accept): 7->6
Pendings-(id=228,op=accept): 7->6
[DEBUG]zmqclient.py:36: Pendings-(id=229,op=accept): 6->5
Pendings-(id=229,op=accept): 6->5
[DEBUG]zmqclient.py:36: Pendings-(id=230,op=accept): 5->4
Pendings-(id=230,op=accept): 5->4
[DEBUG]zmqclient.py:36: Pendings-(id=231,op=accept): 4->3
Pendings-(id=231,op=accept): 4->3
EVENT ofp_event->Zk2212Switch EventOFPPacketIn
PKT-IN: NOT inject, msg.reason=0
packet in 235942576840259 e2:e7:6a:22:ac:ec 33:33:00:00:00:02 126
[DEBUG]zmqclient.py:36: Pendings-(id=227,op=accept): 3->2
Pendings-(id=227,op=accept): 3->2
EVENT ofp_event->Zk2212Switch EventOFPPacketIn
PKT-IN: inject, msg.reason=1
[DEBUG]zmqclient.py:50: Pendings+(id=232): 2->3
Pendings+(id=232): 2->3
[DEBUG]zmqclient.py:36: Pendings-(id=232,op=accept): 3->2
Pendings-(id=232,op=accept): 3->2
EVENT ofp_event->Zk2212Switch EventOFPPacketIn
PKT-IN: inject, msg.reason=1
[DEBUG]zmqclient.py:50: Pendings+(id=233): 2->3
Pendings+(id=233): 2->3
[DEBUG]zmqclient.py:36: Pendings-(id=233,op=accept): 3->2
Pendings-(id=233,op=accept): 3->2
EVENT ofp_event->Zk2212Switch EventOFPPacketIn
PKT-IN: inject, msg.reason=1
[DEBUG]zmqclient.py:50: Pendings+(id=234): 2->3
Pendings+(id=234): 2->3
[DEBUG]zmqclient.py:36: Pendings-(id=234,op=accept): 3->2
Pendings-(id=234,op=accept): 3->2
EVENT ofp_event->Zk2212Switch EventOFPPacketIn
EVENT ofp_event->Zk2212Switch EventOFPPacketIn
PKT-IN: inject, msg.reason=1
[DEBUG]zmqclient.py:50: Pendings+(id=235): 2->3
Pendings+(id=235): 2->3
PKT-IN: inject, msg.reason=1
[DEBUG]zmqclient.py:50: Pendings+(id=236): 3->4
Pendings+(id=236): 3->4
[DEBUG]zmqclient.py:36: Pendings-(id=235,op=accept): 4->3
Pendings-(id=235,op=accept): 4->3
[DEBUG]zmqclient.py:36: Pendings-(id=236,op=accept): 3->2
Pendings-(id=236,op=accept): 3->2
EVENT ofp_event->Zk2212Switch EventOFPPacketIn
EVENT ofp_event->Zk2212Switch EventOFPPacketIn
PKT-IN: inject, msg.reason=1
[DEBUG]zmqclient.py:50: Pendings+(id=237): 2->3
Pendings+(id=237): 2->3
PKT-IN: inject, msg.reason=1
[DEBUG]zmqclient.py:50: Pendings+(id=238): 3->4
Pendings+(id=238): 3->4
[DEBUG]zmqclient.py:36: Pendings-(id=237,op=accept): 4->3
Pendings-(id=237,op=accept): 4->3
[DEBUG]zmqclient.py:36: Pendings-(id=216,op=accept): 3->2
Pendings-(id=216,op=accept): 3->2
EVENT ofp_event->Zk2212Switch EventOFPPacketIn
EVENT ofp_event->Zk2212Switch EventOFPPacketIn
EVENT ofp_event->Zk2212Switch EventOFPPacketIn
EVENT ofp_event->Zk2212Switch EventOFPPacketIn
EVENT ofp_event->Zk2212Switch EventOFPPacketIn
PKT-IN: inject, msg.reason=1
[DEBUG]zmqclient.py:50: Pendings+(id=239): 2->3
Pendings+(id=239): 2->3
PKT-IN: inject, msg.reason=1
[DEBUG]zmqclient.py:50: Pendings+(id=240): 3->4
Pendings+(id=240): 3->4
PKT-IN: inject, msg.reason=1
[DEBUG]zmqclient.py:50: Pendings+(id=241): 4->5
Pendings+(id=241): 4->5
PKT-IN: inject, msg.reason=1
[DEBUG]zmqclient.py:50: Pendings+(id=242): 5->6
Pendings+(id=242): 5->6
PKT-IN: inject, msg.reason=1
[DEBUG]zmqclient.py:50: Pendings+(id=243): 6->7
Pendings+(id=243): 6->7
[DEBUG]zmqclient.py:36: Pendings-(id=239,op=accept): 7->6
Pendings-(id=239,op=accept): 7->6
EVENT ofp_event->Zk2212Switch EventOFPPacketIn
PKT-IN: inject, msg.reason=1
[DEBUG]zmqclient.py:50: Pendings+(id=244): 6->7
Pendings+(id=244): 6->7
[DEBUG]zmqclient.py:36: Pendings-(id=240,op=accept): 7->6
Pendings-(id=240,op=accept): 7->6
EVENT ofp_event->Zk2212Switch EventOFPPacketIn
PKT-IN: inject, msg.reason=1
[DEBUG]zmqclient.py:50: Pendings+(id=245): 6->7
Pendings+(id=245): 6->7
[DEBUG]zmqclient.py:36: Pendings-(id=241,op=accept): 7->6
Pendings-(id=241,op=accept): 7->6
[DEBUG]zmqclient.py:36: Pendings-(id=242,op=accept): 6->5
Pendings-(id=242,op=accept): 6->5
EVENT ofp_event->Zk2212Switch EventOFPPacketIn
PKT-IN: inject, msg.reason=1
[DEBUG]zmqclient.py:50: Pendings+(id=246): 5->6
Pendings+(id=246): 5->6
EVENT ofp_event->Zk2212Switch EventOFPPacketIn
PKT-IN: inject, msg.reason=1
[DEBUG]zmqclient.py:50: Pendings+(id=247): 6->7
Pendings+(id=247): 6->7
[DEBUG]zmqclient.py:36: Pendings-(id=244,op=accept): 7->6
Pendings-(id=244,op=accept): 7->6
[DEBUG]zmqclient.py:36: Pendings-(id=245,op=accept): 6->5
Pendings-(id=245,op=accept): 6->5
[DEBUG]zmqclient.py:36: Pendings-(id=246,op=accept): 5->4
Pendings-(id=246,op=accept): 5->4
[DEBUG]zmqclient.py:36: Pendings-(id=247,op=accept): 4->3
Pendings-(id=247,op=accept): 4->3
[DEBUG]zmqclient.py:36: Pendings-(id=218,op=accept): 3->2
Pendings-(id=218,op=accept): 3->2
EVENT ofp_event->Zk2212Switch EventOFPPacketIn
PKT-IN: inject, msg.reason=1
[DEBUG]zmqclient.py:50: Pendings+(id=248): 2->3
Pendings+(id=248): 2->3
EVENT ofp_event->Zk2212Switch EventOFPPacketIn
PKT-IN: inject, msg.reason=1
[DEBUG]zmqclient.py:50: Pendings+(id=249): 3->4
Pendings+(id=249): 3->4
[DEBUG]zmqclient.py:36: Pendings-(id=249,op=drop): 4->3
Pendings-(id=249,op=drop): 4->3
[DEBUG]zmqclient.py:36: Pendings-(id=243,op=accept): 3->2
Pendings-(id=243,op=accept): 3->2
EVENT ofp_event->Zk2212Switch EventOFPPacketIn
PKT-IN: inject, msg.reason=1
[DEBUG]zmqclient.py:50: Pendings+(id=250): 2->3
Pendings+(id=250): 2->3
[DEBUG]zmqclient.py:36: Pendings-(id=250,op=accept): 3->2
Pendings-(id=250,op=accept): 3->2
[DEBUG]zmqclient.py:36: Pendings-(id=248,op=accept): 2->1
Pendings-(id=248,op=accept): 2->1
EVENT ofp_event->Zk2212Switch EventOFPPacketIn
EVENT ofp_event->Zk2212Switch EventOFPPacketIn
PKT-IN: inject, msg.reason=1
[DEBUG]zmqclient.py:50: Pendings+(id=251): 1->2
Pendings+(id=251): 1->2
PKT-IN: inject, msg.reason=1
[DEBUG]zmqclient.py:50: Pendings+(id=252): 2->3
Pendings+(id=252): 2->3
EVENT ofp_event->Zk2212Switch EventOFPPacketIn
PKT-IN: inject, msg.reason=1
[DEBUG]zmqclient.py:50: Pendings+(id=253): 3->4
Pendings+(id=253): 3->4
[DEBUG]zmqclient.py:36: Pendings-(id=251,op=drop): 4->3
Pendings-(id=251,op=drop): 4->3
[DEBUG]zmqclient.py:36: Pendings-(id=252,op=accept): 3->2
Pendings-(id=252,op=accept): 3->2
[DEBUG]zmqclient.py:36: Pendings-(id=238,op=accept): 2->1
Pendings-(id=238,op=accept): 2->1
EVENT ofp_event->Zk2212Switch EventOFPPacketIn
EVENT ofp_event->Zk2212Switch EventOFPPacketIn
PKT-IN: inject, msg.reason=1
[DEBUG]zmqclient.py:50: Pendings+(id=254): 1->2
Pendings+(id=254): 1->2
PKT-IN: inject, msg.reason=1
[DEBUG]zmqclient.py:50: Pendings+(id=255): 2->3
Pendings+(id=255): 2->3
[DEBUG]zmqclient.py:36: Pendings-(id=254,op=accept): 3->2
Pendings-(id=254,op=accept): 3->2
[DEBUG]zmqclient.py:36: Pendings-(id=253,op=accept): 2->1
Pendings-(id=253,op=accept): 2->1
EVENT ofp_event->Zk2212Switch EventOFPPacketIn
PKT-IN: inject, msg.reason=1
[DEBUG]zmqclient.py:50: Pendings+(id=256): 1->2
Pendings+(id=256): 1->2
[DEBUG]zmqclient.py:36: Pendings-(id=256,op=accept): 2->1
Pendings-(id=256,op=accept): 2->1
[DEBUG]zmqclient.py:36: Pendings-(id=255,op=accept): 1->0
Pendings-(id=255,op=accept): 1->0
EVENT ofp_event->Zk2212Switch EventOFPPacketIn
PKT-IN: inject, msg.reason=1
[DEBUG]zmqclient.py:50: Pendings+(id=257): 0->1
Pendings+(id=257): 0->1
[DEBUG]zmqclient.py:36: Pendings-(id=257,op=accept): 1->0
Pendings-(id=257,op=accept): 1->0
EVENT ofp_event->Zk2212Switch EventOFPPacketIn
PKT-IN: inject, msg.reason=1
[DEBUG]zmqclient.py:50: Pendings+(id=258): 0->1
Pendings+(id=258): 0->1
[DEBUG]zmqclient.py:36: Pendings-(id=258,op=accept): 1->0
Pendings-(id=258,op=accept): 1->0
EVENT ofp_event->Zk2212Switch EventOFPPacketIn
PKT-IN: inject, msg.reason=1
[DEBUG]zmqclient.py:50: Pendings+(id=259): 0->1
Pendings+(id=259): 0->1
[DEBUG]zmqclient.py:36: Pendings-(id=259,op=accept): 1->0
Pendings-(id=259,op=accept): 1->0
EVENT ofp_event->Zk2212Switch EventOFPPacketIn
PKT-IN: inject, msg.reason=1
[DEBUG]zmqclient.py:50: Pendings+(id=260): 0->1
Pendings+(id=260): 0->1
[DEBUG]zmqclient.py:36: Pendings-(id=260,op=accept): 1->0
Pendings-(id=260,op=accept): 1->0
EVENT ofp_event->Zk2212Switch EventOFPPacketIn
PKT-IN: inject, msg.reason=1
[DEBUG]zmqclient.py:50: Pendings+(id=261): 0->1
Pendings+(id=261): 0->1
[DEBUG]zmqclient.py:36: Pendings-(id=261,op=accept): 1->0
Pendings-(id=261,op=accept): 1->0
EVENT ofp_event->Zk2212Switch EventOFPPacketIn
EVENT ofp_event->Zk2212Switch EventOFPPacketIn
PKT-IN: inject, msg.reason=1
[DEBUG]zmqclient.py:50: Pendings+(id=262): 0->1
Pendings+(id=262): 0->1
PKT-IN: inject, msg.reason=1
[DEBUG]zmqclient.py:50: Pendings+(id=263): 1->2
Pendings+(id=263): 1->2
[DEBUG]zmqclient.py:36: Pendings-(id=262,op=accept): 2->1
Pendings-(id=262,op=accept): 2->1
[DEBUG]zmqclient.py:36: Pendings-(id=263,op=accept): 1->0
Pendings-(id=263,op=accept): 1->0
EVENT ofp_event->Zk2212Switch EventOFPPacketIn
PKT-IN: inject, msg.reason=1
[DEBUG]zmqclient.py:50: Pendings+(id=264): 0->1
Pendings+(id=264): 0->1
EVENT ofp_event->Zk2212Switch EventOFPPacketIn
PKT-IN: inject, msg.reason=1
[DEBUG]zmqclient.py:50: Pendings+(id=265): 1->2
Pendings+(id=265): 1->2
[DEBUG]zmqclient.py:36: Pendings-(id=264,op=accept): 2->1
Pendings-(id=264,op=accept): 2->1
EVENT ofp_event->Zk2212Switch EventOFPPacketIn
PKT-IN: inject, msg.reason=1
[DEBUG]zmqclient.py:50: Pendings+(id=266): 1->2
Pendings+(id=266): 1->2
[DEBUG]zmqclient.py:36: Pendings-(id=265,op=accept): 2->1
Pendings-(id=265,op=accept): 2->1
EVENT ofp_event->Zk2212Switch EventOFPPacketIn
PKT-IN: inject, msg.reason=1
[DEBUG]zmqclient.py:50: Pendings+(id=267): 1->2
Pendings+(id=267): 1->2
[DEBUG]zmqclient.py:36: Pendings-(id=266,op=accept): 2->1
Pendings-(id=266,op=accept): 2->1
[DEBUG]zmqclient.py:36: Pendings-(id=267,op=accept): 1->0
Pendings-(id=267,op=accept): 1->0
EVENT ofp_event->Zk2212Switch EventOFPPacketIn
PKT-IN: NOT inject, msg.reason=0
packet in 235942576840259 52:cd:e2:0a:58:cb 33:33:00:00:00:02 125
EVENT ofp_event->Zk2212Switch EventOFPPacketIn
PKT-IN: NOT inject, msg.reason=0
packet in 235942576840259 02:54:e7:0b:b9:20 33:33:00:00:00:02 127
EVENT ofp_event->Zk2212Switch EventOFPPacketIn
EVENT ofp_event->Zk2212Switch EventOFPPacketIn
PKT-IN: inject, msg.reason=1
[DEBUG]zmqclient.py:50: Pendings+(id=268): 0->1
Pendings+(id=268): 0->1
PKT-IN: inject, msg.reason=1
[DEBUG]zmqclient.py:50: Pendings+(id=269): 1->2
Pendings+(id=269): 1->2
[DEBUG]zmqclient.py:36: Pendings-(id=268,op=accept): 2->1
Pendings-(id=268,op=accept): 2->1
EVENT ofp_event->Zk2212Switch EventOFPPacketIn
PKT-IN: inject, msg.reason=1
[DEBUG]zmqclient.py:50: Pendings+(id=270): 1->2
Pendings+(id=270): 1->2
[DEBUG]zmqclient.py:36: Pendings-(id=269,op=accept): 2->1
Pendings-(id=269,op=accept): 2->1
EVENT ofp_event->Zk2212Switch EventOFPPacketIn
PKT-IN: inject, msg.reason=1
[DEBUG]zmqclient.py:50: Pendings+(id=271): 1->2
Pendings+(id=271): 1->2
[DEBUG]zmqclient.py:36: Pendings-(id=270,op=accept): 2->1
Pendings-(id=270,op=accept): 2->1
EVENT ofp_event->Zk2212Switch EventOFPPacketIn
PKT-IN: inject, msg.reason=1
[DEBUG]zmqclient.py:50: Pendings+(id=272): 1->2
Pendings+(id=272): 1->2
[DEBUG]zmqclient.py:36: Pendings-(id=271,op=accept): 2->1
Pendings-(id=271,op=accept): 2->1
EVENT ofp_event->Zk2212Switch EventOFPPacketIn
PKT-IN: inject, msg.reason=1
[DEBUG]zmqclient.py:50: Pendings+(id=273): 1->2
Pendings+(id=273): 1->2
[DEBUG]zmqclient.py:36: Pendings-(id=272,op=accept): 2->1
Pendings-(id=272,op=accept): 2->1
[DEBUG]zmqclient.py:36: Pendings-(id=273,op=accept): 1->0
Pendings-(id=273,op=accept): 1->0
EVENT ofp_event->Zk2212Switch EventOFPPacketIn
EVENT ofp_event->Zk2212Switch EventOFPPacketIn
PKT-IN: inject, msg.reason=1
[DEBUG]zmqclient.py:50: Pendings+(id=274): 0->1
Pendings+(id=274): 0->1
PKT-IN: inject, msg.reason=1
[DEBUG]zmqclient.py:50: Pendings+(id=275): 1->2
Pendings+(id=275): 1->2
[DEBUG]zmqclient.py:36: Pendings-(id=274,op=accept): 2->1
Pendings-(id=274,op=accept): 2->1
EVENT ofp_event->Zk2212Switch EventOFPPacketIn
PKT-IN: inject, msg.reason=1
[DEBUG]zmqclient.py:50: Pendings+(id=276): 1->2
Pendings+(id=276): 1->2
[DEBUG]zmqclient.py:36: Pendings-(id=275,op=accept): 2->1
Pendings-(id=275,op=accept): 2->1
EVENT ofp_event->Zk2212Switch EventOFPPacketIn
PKT-IN: inject, msg.reason=1
[DEBUG]zmqclient.py:50: Pendings+(id=277): 1->2
Pendings+(id=277): 1->2
[DEBUG]zmqclient.py:36: Pendings-(id=276,op=accept): 2->1
Pendings-(id=276,op=accept): 2->1
EVENT ofp_event->Zk2212Switch EventOFPPacketIn
PKT-IN: inject, msg.reason=1
[DEBUG]zmqclient.py:50: Pendings+(id=278): 1->2
Pendings+(id=278): 1->2
[DEBUG]zmqclient.py:36: Pendings-(id=277,op=accept): 2->1
Pendings-(id=277,op=accept): 2->1
EVENT ofp_event->Zk2212Switch EventOFPPacketIn
PKT-IN: inject, msg.reason=1
[DEBUG]zmqclient.py:50: Pendings+(id=279): 1->2
Pendings+(id=279): 1->2
[DEBUG]zmqclient.py:36: Pendings-(id=278,op=accept): 2->1
Pendings-(id=278,op=accept): 2->1
[DEBUG]zmqclient.py:36: Pendings-(id=279,op=accept): 1->0
Pendings-(id=279,op=accept): 1->0
EVENT ofp_event->Zk2212Switch EventOFPPacketIn
EVENT ofp_event->Zk2212Switch EventOFPPacketIn
PKT-IN: inject, msg.reason=1
[DEBUG]zmqclient.py:50: Pendings+(id=280): 0->1
Pendings+(id=280): 0->1
PKT-IN: inject, msg.reason=1
[DEBUG]zmqclient.py:50: Pendings+(id=281): 1->2
Pendings+(id=281): 1->2
[DEBUG]zmqclient.py:36: Pendings-(id=280,op=accept): 2->1
Pendings-(id=280,op=accept): 2->1
EVENT ofp_event->Zk2212Switch EventOFPPacketIn
PKT-IN: inject, msg.reason=1
[DEBUG]zmqclient.py:50: Pendings+(id=282): 1->2
Pendings+(id=282): 1->2
[DEBUG]zmqclient.py:36: Pendings-(id=281,op=accept): 2->1
Pendings-(id=281,op=accept): 2->1
EVENT ofp_event->Zk2212Switch EventOFPPacketIn
PKT-IN: inject, msg.reason=1
[DEBUG]zmqclient.py:50: Pendings+(id=283): 1->2
Pendings+(id=283): 1->2
[DEBUG]zmqclient.py:36: Pendings-(id=282,op=accept): 2->1
Pendings-(id=282,op=accept): 2->1
EVENT ofp_event->Zk2212Switch EventOFPPacketIn
PKT-IN: inject, msg.reason=1
[DEBUG]zmqclient.py:50: Pendings+(id=284): 1->2
Pendings+(id=284): 1->2
[DEBUG]zmqclient.py:36: Pendings-(id=283,op=accept): 2->1
Pendings-(id=283,op=accept): 2->1
EVENT ofp_event->Zk2212Switch EventOFPPacketIn
PKT-IN: inject, msg.reason=1
[DEBUG]zmqclient.py:50: Pendings+(id=285): 1->2
Pendings+(id=285): 1->2
[DEBUG]zmqclient.py:36: Pendings-(id=284,op=accept): 2->1
Pendings-(id=284,op=accept): 2->1
[DEBUG]zmqclient.py:36: Pendings-(id=285,op=accept): 1->0
Pendings-(id=285,op=accept): 1->0
EVENT ofp_event->Zk2212Switch EventOFPPacketIn
PKT-IN: NOT inject, msg.reason=0
packet in 235942576840259 e2:e7:6a:22:ac:ec 33:33:00:00:00:02 126
EVENT ofp_event->Zk2212Switch EventOFPPacketIn
EVENT ofp_event->Zk2212Switch EventOFPPacketIn
PKT-IN: inject, msg.reason=1
[DEBUG]zmqclient.py:50: Pendings+(id=286): 0->1
Pendings+(id=286): 0->1
PKT-IN: inject, msg.reason=1
[DEBUG]zmqclient.py:50: Pendings+(id=287): 1->2
Pendings+(id=287): 1->2
[DEBUG]zmqclient.py:36: Pendings-(id=286,op=accept): 2->1
Pendings-(id=286,op=accept): 2->1
EVENT ofp_event->Zk2212Switch EventOFPPacketIn
PKT-IN: inject, msg.reason=1
[DEBUG]zmqclient.py:50: Pendings+(id=288): 1->2
Pendings+(id=288): 1->2
[DEBUG]zmqclient.py:36: Pendings-(id=287,op=accept): 2->1
Pendings-(id=287,op=accept): 2->1
EVENT ofp_event->Zk2212Switch EventOFPPacketIn
PKT-IN: inject, msg.reason=1
[DEBUG]zmqclient.py:50: Pendings+(id=289): 1->2
Pendings+(id=289): 1->2
[DEBUG]zmqclient.py:36: Pendings-(id=288,op=accept): 2->1
Pendings-(id=288,op=accept): 2->1
EVENT ofp_event->Zk2212Switch EventOFPPacketIn
PKT-IN: inject, msg.reason=1
[DEBUG]zmqclient.py:50: Pendings+(id=290): 1->2
Pendings+(id=290): 1->2
[DEBUG]zmqclient.py:36: Pendings-(id=289,op=accept): 2->1
Pendings-(id=289,op=accept): 2->1
EVENT ofp_event->Zk2212Switch EventOFPPacketIn
PKT-IN: inject, msg.reason=1
[DEBUG]zmqclient.py:50: Pendings+(id=291): 1->2
Pendings+(id=291): 1->2
[DEBUG]zmqclient.py:36: Pendings-(id=290,op=accept): 2->1
Pendings-(id=290,op=accept): 2->1
[DEBUG]zmqclient.py:36: Pendings-(id=291,op=accept): 1->0
Pendings-(id=291,op=accept): 1->0
EVENT ofp_event->Zk2212Switch EventOFPPacketIn
PKT-IN: NOT inject, msg.reason=0
packet in 235942576840259 02:54:e7:0b:b9:20 33:33:00:00:00:02 127
EVENT ofp_event->Zk2212Switch EventOFPPacketIn
EVENT ofp_event->Zk2212Switch EventOFPPacketIn
PKT-IN: inject, msg.reason=1
[DEBUG]zmqclient.py:50: Pendings+(id=292): 0->1
Pendings+(id=292): 0->1
PKT-IN: inject, msg.reason=1
[DEBUG]zmqclient.py:50: Pendings+(id=293): 1->2
Pendings+(id=293): 1->2
[DEBUG]zmqclient.py:36: Pendings-(id=292,op=accept): 2->1
Pendings-(id=292,op=accept): 2->1
EVENT ofp_event->Zk2212Switch EventOFPPacketIn
PKT-IN: inject, msg.reason=1
[DEBUG]zmqclient.py:50: Pendings+(id=294): 1->2
Pendings+(id=294): 1->2
[DEBUG]zmqclient.py:36: Pendings-(id=293,op=accept): 2->1
Pendings-(id=293,op=accept): 2->1
EVENT ofp_event->Zk2212Switch EventOFPPacketIn
PKT-IN: inject, msg.reason=1
[DEBUG]zmqclient.py:50: Pendings+(id=295): 1->2
Pendings+(id=295): 1->2
[DEBUG]zmqclient.py:36: Pendings-(id=294,op=accept): 2->1
Pendings-(id=294,op=accept): 2->1
EVENT ofp_event->Zk2212Switch EventOFPPacketIn
PKT-IN: inject, msg.reason=1
[DEBUG]zmqclient.py:50: Pendings+(id=296): 1->2
Pendings+(id=296): 1->2
[DEBUG]zmqclient.py:36: Pendings-(id=295,op=accept): 2->1
Pendings-(id=295,op=accept): 2->1
EVENT ofp_event->Zk2212Switch EventOFPPacketIn
PKT-IN: inject, msg.reason=1
[DEBUG]zmqclient.py:50: Pendings+(id=297): 1->2
Pendings+(id=297): 1->2
[DEBUG]zmqclient.py:36: Pendings-(id=296,op=accept): 2->1
Pendings-(id=296,op=accept): 2->1
[DEBUG]zmqclient.py:36: Pendings-(id=297,op=accept): 1->0
Pendings-(id=297,op=accept): 1->0
EVENT ofp_event->Zk2212Switch EventOFPPacketIn
EVENT ofp_event->Zk2212Switch EventOFPPacketIn
PKT-IN: inject, msg.reason=1
[DEBUG]zmqclient.py:50: Pendings+(id=298): 0->1
Pendings+(id=298): 0->1
PKT-IN: inject, msg.reason=1
[DEBUG]zmqclient.py:50: Pendings+(id=299): 1->2
Pendings+(id=299): 1->2
[DEBUG]zmqclient.py:36: Pendings-(id=298,op=accept): 2->1
Pendings-(id=298,op=accept): 2->1
EVENT ofp_event->Zk2212Switch EventOFPPacketIn
PKT-IN: inject, msg.reason=1
[DEBUG]zmqclient.py:50: Pendings+(id=300): 1->2
Pendings+(id=300): 1->2
[DEBUG]zmqclient.py:36: Pendings-(id=299,op=accept): 2->1
Pendings-(id=299,op=accept): 2->1
EVENT ofp_event->Zk2212Switch EventOFPPacketIn
PKT-IN: inject, msg.reason=1
[DEBUG]zmqclient.py:50: Pendings+(id=301): 1->2
Pendings+(id=301): 1->2
[DEBUG]zmqclient.py:36: Pendings-(id=300,op=accept): 2->1
Pendings-(id=300,op=accept): 2->1
EVENT ofp_event->Zk2212Switch EventOFPPacketIn
PKT-IN: inject, msg.reason=1
[DEBUG]zmqclient.py:50: Pendings+(id=302): 1->2
Pendings+(id=302): 1->2
[DEBUG]zmqclient.py:36: Pendings-(id=301,op=accept): 2->1
Pendings-(id=301,op=accept): 2->1
EVENT ofp_event->Zk2212Switch EventOFPPacketIn
PKT-IN: inject, msg.reason=1
[DEBUG]zmqclient.py:50: Pendings+(id=303): 1->2
Pendings+(id=303): 1->2
[DEBUG]zmqclient.py:36: Pendings-(id=302,op=accept): 2->1
Pendings-(id=302,op=accept): 2->1
[DEBUG]zmqclient.py:36: Pendings-(id=303,op=accept): 1->0
Pendings-(id=303,op=accept): 1->0
EVENT ofp_event->Zk2212Switch EventOFPPacketIn
PKT-IN: inject, msg.reason=1
[DEBUG]zmqclient.py:50: Pendings+(id=304): 0->1
Pendings+(id=304): 0->1
[DEBUG]zmqclient.py:36: Pendings-(id=304,op=accept): 1->0
Pendings-(id=304,op=accept): 1->0
EVENT ofp_event->Zk2212Switch EventOFPPacketIn
PKT-IN: inject, msg.reason=1
[DEBUG]zmqclient.py:50: Pendings+(id=305): 0->1
Pendings+(id=305): 0->1
[DEBUG]zmqclient.py:36: Pendings-(id=305,op=accept): 1->0
Pendings-(id=305,op=accept): 1->0
EVENT ofp_event->Zk2212Switch EventOFPPacketIn
EVENT ofp_event->Zk2212Switch EventOFPPacketIn
PKT-IN: inject, msg.reason=1
[DEBUG]zmqclient.py:50: Pendings+(id=306): 0->1
Pendings+(id=306): 0->1
PKT-IN: inject, msg.reason=1
[DEBUG]zmqclient.py:50: Pendings+(id=307): 1->2
Pendings+(id=307): 1->2
[DEBUG]zmqclient.py:36: Pendings-(id=306,op=accept): 2->1
Pendings-(id=306,op=accept): 2->1
[DEBUG]zmqclient.py:36: Pendings-(id=307,op=accept): 1->0
Pendings-(id=307,op=accept): 1->0
EVENT ofp_event->Zk2212Switch EventOFPPacketIn
PKT-IN: inject, msg.reason=1
[DEBUG]zmqclient.py:50: Pendings+(id=308): 0->1
Pendings+(id=308): 0->1
[DEBUG]zmqclient.py:36: Pendings-(id=308,op=accept): 1->0
Pendings-(id=308,op=accept): 1->0
EVENT ofp_event->Zk2212Switch EventOFPPacketIn
PKT-IN: inject, msg.reason=1
[DEBUG]zmqclient.py:50: Pendings+(id=309): 0->1
Pendings+(id=309): 0->1
EVENT ofp_event->Zk2212Switch EventOFPPacketIn
PKT-IN: inject, msg.reason=1
[DEBUG]zmqclient.py:50: Pendings+(id=310): 1->2
Pendings+(id=310): 1->2
[DEBUG]zmqclient.py:36: Pendings-(id=309,op=accept): 2->1
Pendings-(id=309,op=accept): 2->1
EVENT ofp_event->Zk2212Switch EventOFPPacketIn
PKT-IN: inject, msg.reason=1
[DEBUG]zmqclient.py:50: Pendings+(id=311): 1->2
Pendings+(id=311): 1->2
[DEBUG]zmqclient.py:36: Pendings-(id=310,op=accept): 2->1
Pendings-(id=310,op=accept): 2->1
[DEBUG]zmqclient.py:36: Pendings-(id=311,op=accept): 1->0
Pendings-(id=311,op=accept): 1->0
EVENT ofp_event->Zk2212Switch EventOFPPacketIn
EVENT ofp_event->Zk2212Switch EventOFPPacketIn
PKT-IN: inject, msg.reason=1
[DEBUG]zmqclient.py:50: Pendings+(id=312): 0->1
Pendings+(id=312): 0->1
PKT-IN: inject, msg.reason=1
[DEBUG]zmqclient.py:50: Pendings+(id=313): 1->2
Pendings+(id=313): 1->2
[DEBUG]zmqclient.py:36: Pendings-(id=312,op=accept): 2->1
Pendings-(id=312,op=accept): 2->1
EVENT ofp_event->Zk2212Switch EventOFPPacketIn
PKT-IN: inject, msg.reason=1
[DEBUG]zmqclient.py:50: Pendings+(id=314): 1->2
Pendings+(id=314): 1->2
[DEBUG]zmqclient.py:36: Pendings-(id=313,op=accept): 2->1
Pendings-(id=313,op=accept): 2->1
EVENT ofp_event->Zk2212Switch EventOFPPacketIn
PKT-IN: inject, msg.reason=1
[DEBUG]zmqclient.py:50: Pendings+(id=315): 1->2
Pendings+(id=315): 1->2
[DEBUG]zmqclient.py:36: Pendings-(id=314,op=accept): 2->1
Pendings-(id=314,op=accept): 2->1
[DEBUG]zmqclient.py:36: Pendings-(id=315,op=accept): 1->0
Pendings-(id=315,op=accept): 1->0
EVENT ofp_event->Zk2212Switch EventOFPPacketIn
EVENT ofp_event->Zk2212Switch EventOFPPacketIn
PKT-IN: inject, msg.reason=1
[DEBUG]zmqclient.py:50: Pendings+(id=316): 0->1
Pendings+(id=316): 0->1
PKT-IN: inject, msg.reason=1
[DEBUG]zmqclient.py:50: Pendings+(id=317): 1->2
Pendings+(id=317): 1->2
[DEBUG]zmqclient.py:36: Pendings-(id=316,op=accept): 2->1
Pendings-(id=316,op=accept): 2->1
[DEBUG]zmqclient.py:36: Pendings-(id=317,op=accept): 1->0
Pendings-(id=317,op=accept): 1->0
EVENT ofp_event->Zk2212Switch EventOFPPacketIn
PKT-IN: inject, msg.reason=1
[DEBUG]zmqclient.py:50: Pendings+(id=318): 0->1
Pendings+(id=318): 0->1
[DEBUG]zmqclient.py:36: Pendings-(id=318,op=accept): 1->0
Pendings-(id=318,op=accept): 1->0
EVENT ofp_event->Zk2212Switch EventOFPPacketIn
EVENT ofp_event->Zk2212Switch EventOFPPacketIn
PKT-IN: inject, msg.reason=1
[DEBUG]zmqclient.py:50: Pendings+(id=319): 0->1
Pendings+(id=319): 0->1
PKT-IN: inject, msg.reason=1
[DEBUG]zmqclient.py:50: Pendings+(id=320): 1->2
Pendings+(id=320): 1->2
[DEBUG]zmqclient.py:36: Pendings-(id=319,op=accept): 2->1
Pendings-(id=319,op=accept): 2->1
EVENT ofp_event->Zk2212Switch EventOFPPacketIn
PKT-IN: inject, msg.reason=1
[DEBUG]zmqclient.py:50: Pendings+(id=321): 1->2
Pendings+(id=321): 1->2
[DEBUG]zmqclient.py:36: Pendings-(id=320,op=accept): 2->1
Pendings-(id=320,op=accept): 2->1
EVENT ofp_event->Zk2212Switch EventOFPPacketIn
EVENT ofp_event->Zk2212Switch EventOFPPacketIn
PKT-IN: inject, msg.reason=1
[DEBUG]zmqclient.py:50: Pendings+(id=322): 1->2
Pendings+(id=322): 1->2
PKT-IN: inject, msg.reason=1
[DEBUG]zmqclient.py:50: Pendings+(id=323): 2->3
Pendings+(id=323): 2->3
[DEBUG]zmqclient.py:36: Pendings-(id=321,op=accept): 3->2
Pendings-(id=321,op=accept): 3->2
[DEBUG]zmqclient.py:36: Pendings-(id=322,op=accept): 2->1
Pendings-(id=322,op=accept): 2->1
EVENT ofp_event->Zk2212Switch EventOFPPacketIn
PKT-IN: inject, msg.reason=1
[DEBUG]zmqclient.py:50: Pendings+(id=324): 1->2
Pendings+(id=324): 1->2
[DEBUG]zmqclient.py:36: Pendings-(id=323,op=accept): 2->1
Pendings-(id=323,op=accept): 2->1
EVENT ofp_event->Zk2212Switch EventOFPPacketIn
PKT-IN: inject, msg.reason=1
[DEBUG]zmqclient.py:50: Pendings+(id=325): 1->2
Pendings+(id=325): 1->2
[DEBUG]zmqclient.py:36: Pendings-(id=324,op=accept): 2->1
Pendings-(id=324,op=accept): 2->1
[DEBUG]zmqclient.py:36: Pendings-(id=325,op=accept): 1->0
Pendings-(id=325,op=accept): 1->0
EVENT ofp_event->Zk2212Switch EventOFPPacketIn
EVENT ofp_event->Zk2212Switch EventOFPPacketIn
PKT-IN: inject, msg.reason=1
[DEBUG]zmqclient.py:50: Pendings+(id=326): 0->1
Pendings+(id=326): 0->1
PKT-IN: inject, msg.reason=1
[DEBUG]zmqclient.py:50: Pendings+(id=327): 1->2
Pendings+(id=327): 1->2
[DEBUG]zmqclient.py:36: Pendings-(id=326,op=accept): 2->1
Pendings-(id=326,op=accept): 2->1
[DEBUG]zmqclient.py:36: Pendings-(id=327,op=accept): 1->0
Pendings-(id=327,op=accept): 1->0
EVENT ofp_event->Zk2212Switch EventOFPPacketIn
PKT-IN: inject, msg.reason=1
[DEBUG]zmqclient.py:50: Pendings+(id=328): 0->1
Pendings+(id=328): 0->1
[DEBUG]zmqclient.py:36: Pendings-(id=328,op=accept): 1->0
Pendings-(id=328,op=accept): 1->0
EVENT ofp_event->Zk2212Switch EventOFPPacketIn
EVENT ofp_event->Zk2212Switch EventOFPPacketIn
PKT-IN: inject, msg.reason=1
[DEBUG]zmqclient.py:50: Pendings+(id=329): 0->1
Pendings+(id=329): 0->1
PKT-IN: inject, msg.reason=1
[DEBUG]zmqclient.py:50: Pendings+(id=330): 1->2
Pendings+(id=330): 1->2
[DEBUG]zmqclient.py:36: Pendings-(id=329,op=accept): 2->1
Pendings-(id=329,op=accept): 2->1
[DEBUG]zmqclient.py:36: Pendings-(id=330,op=accept): 1->0
Pendings-(id=330,op=accept): 1->0
EVENT ofp_event->Zk2212Switch EventOFPPacketIn
PKT-IN: inject, msg.reason=1
[DEBUG]zmqclient.py:50: Pendings+(id=331): 0->1
Pendings+(id=331): 0->1
EVENT ofp_event->Zk2212Switch EventOFPPacketIn
PKT-IN: inject, msg.reason=1
[DEBUG]zmqclient.py:50: Pendings+(id=332): 1->2
Pendings+(id=332): 1->2
[DEBUG]zmqclient.py:36: Pendings-(id=331,op=accept): 2->1
Pendings-(id=331,op=accept): 2->1
[DEBUG]zmqclient.py:36: Pendings-(id=332,op=accept): 1->0
Pendings-(id=332,op=accept): 1->0
EVENT ofp_event->Zk2212Switch EventOFPPacketIn
PKT-IN: inject, msg.reason=1
[DEBUG]zmqclient.py:50: Pendings+(id=333): 0->1
Pendings+(id=333): 0->1
[DEBUG]zmqclient.py:36: Pendings-(id=333,op=accept): 1->0
Pendings-(id=333,op=accept): 1->0
EVENT ofp_event->Zk2212Switch EventOFPPacketIn
EVENT ofp_event->Zk2212Switch EventOFPPacketIn
EVENT ofp_event->Zk2212Switch EventOFPPacketIn
EVENT ofp_event->Zk2212Switch EventOFPPacketIn
PKT-IN: inject, msg.reason=1
[DEBUG]zmqclient.py:50: Pendings+(id=334): 0->1
Pendings+(id=334): 0->1
PKT-IN: inject, msg.reason=1
[DEBUG]zmqclient.py:50: Pendings+(id=335): 1->2
Pendings+(id=335): 1->2
PKT-IN: inject, msg.reason=1
[DEBUG]zmqclient.py:50: Pendings+(id=336): 2->3
Pendings+(id=336): 2->3
PKT-IN: inject, msg.reason=1
[DEBUG]zmqclient.py:50: Pendings+(id=337): 3->4
Pendings+(id=337): 3->4
[DEBUG]zmqclient.py:36: Pendings-(id=334,op=accept): 4->3
Pendings-(id=334,op=accept): 4->3
[DEBUG]zmqclient.py:36: Pendings-(id=335,op=accept): 3->2
Pendings-(id=335,op=accept): 3->2
[DEBUG]zmqclient.py:36: Pendings-(id=336,op=accept): 2->1
Pendings-(id=336,op=accept): 2->1
[DEBUG]zmqclient.py:36: Pendings-(id=337,op=accept): 1->0
Pendings-(id=337,op=accept): 1->0
EVENT ofp_event->Zk2212Switch EventOFPPacketIn
EVENT ofp_event->Zk2212Switch EventOFPPacketIn
PKT-IN: inject, msg.reason=1
[DEBUG]zmqclient.py:50: Pendings+(id=338): 0->1
Pendings+(id=338): 0->1
PKT-IN: inject, msg.reason=1
[DEBUG]zmqclient.py:50: Pendings+(id=339): 1->2
Pendings+(id=339): 1->2
EVENT ofp_event->Zk2212Switch EventOFPPacketIn
PKT-IN: inject, msg.reason=1
[DEBUG]zmqclient.py:50: Pendings+(id=340): 2->3
Pendings+(id=340): 2->3
EVENT ofp_event->Zk2212Switch EventOFPPacketIn
PKT-IN: inject, msg.reason=1
[DEBUG]zmqclient.py:50: Pendings+(id=341): 3->4
Pendings+(id=341): 3->4
[DEBUG]zmqclient.py:36: Pendings-(id=338,op=accept): 4->3
Pendings-(id=338,op=accept): 4->3
[DEBUG]zmqclient.py:36: Pendings-(id=339,op=accept): 3->2
Pendings-(id=339,op=accept): 3->2
EVENT ofp_event->Zk2212Switch EventOFPPacketIn
EVENT ofp_event->Zk2212Switch EventOFPPacketIn
EVENT ofp_event->Zk2212Switch EventOFPPacketIn
PKT-IN: inject, msg.reason=1
[DEBUG]zmqclient.py:50: Pendings+(id=342): 2->3
Pendings+(id=342): 2->3
PKT-IN: inject, msg.reason=1
[DEBUG]zmqclient.py:50: Pendings+(id=343): 3->4
Pendings+(id=343): 3->4
PKT-IN: inject, msg.reason=1
[DEBUG]zmqclient.py:50: Pendings+(id=344): 4->5
Pendings+(id=344): 4->5
[DEBUG]zmqclient.py:36: Pendings-(id=340,op=accept): 5->4
Pendings-(id=340,op=accept): 5->4
EVENT ofp_event->Zk2212Switch EventOFPPacketIn
PKT-IN: inject, msg.reason=1
[DEBUG]zmqclient.py:50: Pendings+(id=345): 4->5
Pendings+(id=345): 4->5
EVENT ofp_event->Zk2212Switch EventOFPPacketIn
PKT-IN: inject, msg.reason=1
[DEBUG]zmqclient.py:50: Pendings+(id=346): 5->6
Pendings+(id=346): 5->6
[DEBUG]zmqclient.py:36: Pendings-(id=341,op=accept): 6->5
Pendings-(id=341,op=accept): 6->5
EVENT ofp_event->Zk2212Switch EventOFPPacketIn
PKT-IN: inject, msg.reason=1
[DEBUG]zmqclient.py:50: Pendings+(id=347): 5->6
Pendings+(id=347): 5->6
[DEBUG]zmqclient.py:36: Pendings-(id=342,op=accept): 6->5
Pendings-(id=342,op=accept): 6->5
EVENT ofp_event->Zk2212Switch EventOFPPacketIn
PKT-IN: inject, msg.reason=1
[DEBUG]zmqclient.py:50: Pendings+(id=348): 5->6
Pendings+(id=348): 5->6
[DEBUG]zmqclient.py:36: Pendings-(id=343,op=accept): 6->5
Pendings-(id=343,op=accept): 6->5
[DEBUG]zmqclient.py:36: Pendings-(id=344,op=accept): 5->4
Pendings-(id=344,op=accept): 5->4
[DEBUG]zmqclient.py:36: Pendings-(id=345,op=accept): 4->3
Pendings-(id=345,op=accept): 4->3
EVENT ofp_event->Zk2212Switch EventOFPPacketIn
PKT-IN: inject, msg.reason=1
[DEBUG]zmqclient.py:50: Pendings+(id=349): 3->4
Pendings+(id=349): 3->4
[DEBUG]zmqclient.py:36: Pendings-(id=346,op=accept): 4->3
Pendings-(id=346,op=accept): 4->3
[DEBUG]zmqclient.py:36: Pendings-(id=347,op=accept): 3->2
Pendings-(id=347,op=accept): 3->2
[DEBUG]zmqclient.py:36: Pendings-(id=348,op=accept): 2->1
Pendings-(id=348,op=accept): 2->1
[DEBUG]zmqclient.py:36: Pendings-(id=349,op=accept): 1->0
Pendings-(id=349,op=accept): 1->0
